mode: atomic
github.com/bakhod1r/guard/access/application/autoseed.go:22.112,25.27 3 10
github.com/bakhod1r/guard/access/application/autoseed.go:25.27,27.17 2 33
github.com/bakhod1r/guard/access/application/autoseed.go:27.17,29.12 2 8
github.com/bakhod1r/guard/access/application/autoseed.go:31.3,31.21 1 25
github.com/bakhod1r/guard/access/application/autoseed.go:31.21,32.12 1 8
github.com/bakhod1r/guard/access/application/autoseed.go:34.3,36.17 3 17
github.com/bakhod1r/guard/access/application/autoseed.go:36.17,38.4 1 1
github.com/bakhod1r/guard/access/application/autoseed.go:39.3,39.53 1 16
github.com/bakhod1r/guard/access/application/autoseed.go:41.2,41.21 1 9
github.com/bakhod1r/guard/access/application/autoseed.go:41.21,43.3 1 1
github.com/bakhod1r/guard/access/application/autoseed.go:44.2,45.44 2 8
github.com/bakhod1r/guard/access/application/autoseed.go:45.44,48.3 2 2
github.com/bakhod1r/guard/access/application/autoseed.go:49.2,49.33 1 6
github.com/bakhod1r/guard/access/application/autoseed.go:49.33,51.3 1 3
github.com/bakhod1r/guard/access/application/autoseed.go:52.2,52.36 1 3
github.com/bakhod1r/guard/access/application/autoseed.go:52.36,53.73 1 5
github.com/bakhod1r/guard/access/application/autoseed.go:53.73,55.4 1 1
github.com/bakhod1r/guard/access/application/autoseed.go:57.2,57.17 1 2
github.com/bakhod1r/guard/access/application/service.go:19.89,21.2 1 13
github.com/bakhod1r/guard/access/application/service.go:24.90,26.16 2 5
github.com/bakhod1r/guard/access/application/service.go:26.16,28.3 1 2
github.com/bakhod1r/guard/access/application/service.go:29.2,31.27 3 3
github.com/bakhod1r/guard/access/application/service.go:31.27,32.20 1 5
github.com/bakhod1r/guard/access/application/service.go:32.20,34.4 1 4
github.com/bakhod1r/guard/access/application/service.go:36.2,36.19 1 3
github.com/bakhod1r/guard/access/application/service.go:40.93,41.50 1 5
github.com/bakhod1r/guard/access/application/service.go:41.50,43.17 2 3
github.com/bakhod1r/guard/access/application/service.go:43.17,45.4 1 1
github.com/bakhod1r/guard/access/application/service.go:46.3,46.26 1 2
github.com/bakhod1r/guard/access/application/service.go:48.2,48.26 1 4
github.com/bakhod1r/guard/access/application/service.go:48.26,50.3 1 3
github.com/bakhod1r/guard/access/application/service.go:51.2,51.40 1 4
github.com/bakhod1r/guard/access/application/service.go:51.40,53.3 1 3
github.com/bakhod1r/guard/access/application/service.go:54.2,55.16 2 4
github.com/bakhod1r/guard/access/application/service.go:55.16,57.3 1 1
github.com/bakhod1r/guard/access/application/service.go:58.2,58.40 1 3
github.com/bakhod1r/guard/access/application/service.go:61.121,63.16 2 14
github.com/bakhod1r/guard/access/application/service.go:63.16,65.3 1 1
github.com/bakhod1r/guard/access/application/service.go:66.2,66.54 1 13
github.com/bakhod1r/guard/access/application/service.go:66.54,68.3 1 2
github.com/bakhod1r/guard/access/application/service.go:69.2,69.18 1 11
github.com/bakhod1r/guard/access/application/service.go:72.70,74.16 2 3
github.com/bakhod1r/guard/access/application/service.go:74.16,76.3 1 1
github.com/bakhod1r/guard/access/application/service.go:77.2,77.19 1 2
github.com/bakhod1r/guard/access/application/service.go:77.19,79.3 1 1
github.com/bakhod1r/guard/access/application/service.go:80.2,80.38 1 1
github.com/bakhod1r/guard/access/application/service.go:83.80,85.2 1 13
github.com/bakhod1r/guard/access/application/service.go:87.73,89.2 1 1
github.com/bakhod1r/guard/access/application/service.go:91.110,93.16 2 20
github.com/bakhod1r/guard/access/application/service.go:93.16,95.3 1 1
github.com/bakhod1r/guard/access/application/service.go:96.2,97.44 2 19
github.com/bakhod1r/guard/access/application/service.go:100.85,102.2 1 1
github.com/bakhod1r/guard/access/application/service.go:104.92,106.16 2 8
github.com/bakhod1r/guard/access/application/service.go:106.16,108.3 1 1
github.com/bakhod1r/guard/access/application/service.go:109.2,109.57 1 7
github.com/bakhod1r/guard/access/application/service.go:112.82,114.16 2 2
github.com/bakhod1r/guard/access/application/service.go:114.16,116.3 1 1
github.com/bakhod1r/guard/access/application/service.go:117.2,117.47 1 1
github.com/bakhod1r/guard/access/application/service.go:120.111,122.2 1 4
github.com/bakhod1r/guard/access/application/service.go:124.80,126.2 1 1
github.com/bakhod1r/guard/access/application/service.go:128.90,130.2 1 2
github.com/bakhod1r/guard/access/application/service.go:133.75,134.37 1 4
github.com/bakhod1r/guard/access/application/service.go:134.37,136.3 1 1
github.com/bakhod1r/guard/access/application/service.go:137.2,137.16 1 3
github.com/bakhod1r/guard/access/application/service.go:137.16,139.3 1 2
github.com/bakhod1r/guard/access/application/service.go:140.2,140.38 1 3
github.com/bakhod1r/guard/access/application/service.go:143.70,145.2 1 1
github.com/bakhod1r/guard/access/application/service.go:147.82,149.2 1 2
github.com/bakhod1r/guard/access/application/service.go:151.78,153.2 1 1
github.com/bakhod1r/guard/access/domain/access.go:48.55,50.65 2 22
github.com/bakhod1r/guard/access/domain/access.go:50.65,52.3 1 10
github.com/bakhod1r/guard/access/domain/access.go:53.2,53.52 1 12
github.com/bakhod1r/guard/access/domain/access.go:56.35,56.73 1 11
github.com/bakhod1r/guard/access/domain/access.go:58.58,60.2 1 7
github.com/bakhod1r/guard/access/domain/access.go:71.77,72.31 1 3
github.com/bakhod1r/guard/access/domain/access.go:72.31,74.3 1 1
github.com/bakhod1r/guard/access/domain/access.go:75.2,75.36 1 2
github.com/bakhod1r/guard/access/domain/access.go:75.36,77.3 1 1
github.com/bakhod1r/guard/access/domain/access.go:78.2,78.120 1 2
github.com/bakhod1r/guard/access/domain/access.go:81.52,82.16 1 8
github.com/bakhod1r/guard/access/domain/access.go:82.16,84.3 1 2
github.com/bakhod1r/guard/access/domain/access.go:85.2,85.34 1 6
github.com/bakhod1r/guard/access/domain/access.go:85.34,86.33 1 6
github.com/bakhod1r/guard/access/domain/access.go:86.33,88.4 1 2
github.com/bakhod1r/guard/access/domain/access.go:90.2,90.14 1 4
github.com/bakhod1r/guard/access/domain/access.go:100.47,100.104 1 2
github.com/bakhod1r/guard/access/domain/access.go:160.35,161.43 1 14
github.com/bakhod1r/guard/access/domain/access.go:161.43,163.3 1 1
github.com/bakhod1r/guard/access/domain/access.go:164.2,164.37 1 13
github.com/bakhod1r/guard/access/domain/access.go:164.37,166.3 1 1
github.com/bakhod1r/guard/access/domain/access.go:167.2,167.56 1 12
github.com/bakhod1r/guard/access/domain/access.go:167.56,169.3 1 2
github.com/bakhod1r/guard/access/domain/access.go:170.2,170.19 1 10
github.com/bakhod1r/guard/access/domain/access.go:170.19,172.3 1 9
github.com/bakhod1r/guard/access/domain/access.go:173.2,173.12 1 1
github.com/bakhod1r/guard/access/domain/access.go:176.33,176.77 1 23
github.com/bakhod1r/guard/access/domain/access.go:178.52,179.31 1 19
github.com/bakhod1r/guard/access/domain/access.go:179.31,181.3 1 1
github.com/bakhod1r/guard/access/domain/access.go:182.2,182.22 1 18
github.com/bakhod1r/guard/access/domain/access.go:182.22,184.3 1 13
github.com/bakhod1r/guard/access/domain/access.go:185.2,185.43 1 18
github.com/bakhod1r/guard/access/domain/access.go:185.43,187.3 1 2
github.com/bakhod1r/guard/access/domain/access.go:188.2,188.33 1 16
github.com/bakhod1r/guard/access/domain/access.go:188.33,189.29 1 5
github.com/bakhod1r/guard/access/domain/access.go:189.29,191.4 1 1
github.com/bakhod1r/guard/access/domain/access.go:192.3,192.26 1 4
github.com/bakhod1r/guard/access/domain/access.go:192.26,194.4 1 1
github.com/bakhod1r/guard/access/domain/access.go:195.3,195.24 1 3
github.com/bakhod1r/guard/access/domain/access.go:195.24,197.4 1 1
github.com/bakhod1r/guard/access/domain/access.go:198.3,198.71 1 2
github.com/bakhod1r/guard/access/domain/access.go:198.71,200.4 1 1
github.com/bakhod1r/guard/access/domain/access.go:202.2,202.26 1 12
github.com/bakhod1r/guard/access/domain/access.go:202.26,203.57 1 10
github.com/bakhod1r/guard/access/domain/access.go:203.57,205.4 1 9
github.com/bakhod1r/guard/access/domain/access.go:207.2,207.12 1 3
github.com/bakhod1r/guard/access/domain/access.go:210.31,211.76 1 4
github.com/bakhod1r/guard/access/domain/access.go:211.76,212.59 1 7
github.com/bakhod1r/guard/access/domain/access.go:212.59,214.4 1 3
github.com/bakhod1r/guard/access/domain/access.go:216.2,216.14 1 1
github.com/bakhod1r/guard/access/domain/access.go:243.42,244.16 1 13
github.com/bakhod1r/guard/access/domain/access.go:244.16,246.3 1 1
github.com/bakhod1r/guard/access/domain/access.go:247.2,247.103 1 12
github.com/bakhod1r/guard/access/domain/access.go:247.103,249.3 1 2
github.com/bakhod1r/guard/access/domain/access.go:250.2,250.44 1 10
github.com/bakhod1r/guard/access/domain/access.go:254.52,256.29 2 9
github.com/bakhod1r/guard/access/domain/access.go:256.29,257.19 1 10
github.com/bakhod1r/guard/access/domain/access.go:257.19,259.4 1 7
github.com/bakhod1r/guard/access/domain/access.go:261.2,261.22 1 9
github.com/bakhod1r/guard/access/domain/access.go:261.22,262.49 1 4
github.com/bakhod1r/guard/access/domain/access.go:262.49,262.101 1 3
github.com/bakhod1r/guard/access/domain/access.go:263.3,264.29 2 4
github.com/bakhod1r/guard/access/domain/access.go:264.29,265.25 1 6
github.com/bakhod1r/guard/access/domain/access.go:265.25,266.10 1 1
github.com/bakhod1r/guard/access/domain/access.go:268.4,268.24 1 5
github.com/bakhod1r/guard/access/domain/access.go:268.24,270.5 1 2
github.com/bakhod1r/guard/access/domain/access.go:272.3,272.81 1 2
github.com/bakhod1r/guard/access/domain/access.go:274.2,274.39 1 5
github.com/bakhod1r/guard/access/domain/access.go:274.39,275.45 1 5
github.com/bakhod1r/guard/access/domain/access.go:275.45,277.4 1 2
github.com/bakhod1r/guard/access/domain/access.go:279.2,279.77 1 3
github.com/bakhod1r/guard/access/domain/condition.go:9.59,10.31 1 25
github.com/bakhod1r/guard/access/domain/condition.go:10.31,12.3 1 1
github.com/bakhod1r/guard/access/domain/condition.go:13.2,14.22 2 24
github.com/bakhod1r/guard/access/domain/condition.go:14.22,16.34 2 4
github.com/bakhod1r/guard/access/domain/condition.go:16.34,17.18 1 6
github.com/bakhod1r/guard/access/domain/condition.go:17.18,19.10 2 2
github.com/bakhod1r/guard/access/domain/condition.go:22.3,22.49 1 4
github.com/bakhod1r/guard/access/domain/condition.go:22.49,24.4 1 2
github.com/bakhod1r/guard/access/domain/condition.go:25.8,27.34 2 20
github.com/bakhod1r/guard/access/domain/condition.go:27.34,28.19 1 10
github.com/bakhod1r/guard/access/domain/condition.go:28.19,30.10 2 4
github.com/bakhod1r/guard/access/domain/condition.go:33.3,33.48 1 20
github.com/bakhod1r/guard/access/domain/condition.go:33.48,35.4 1 12
github.com/bakhod1r/guard/access/domain/condition.go:37.2,37.27 1 24
github.com/bakhod1r/guard/access/domain/condition.go:40.50,42.15 2 48
github.com/bakhod1r/guard/access/domain/condition.go:43.25,44.14 1 36
github.com/bakhod1r/guard/access/domain/condition.go:45.13,46.29 1 9
github.com/bakhod1r/guard/access/domain/condition.go:47.16,49.38 2 1
github.com/bakhod1r/guard/access/domain/condition.go:49.38,51.5 1 1
github.com/bakhod1r/guard/access/domain/condition.go:52.4,52.20 1 1
github.com/bakhod1r/guard/access/domain/condition.go:54.3,54.40 1 26
github.com/bakhod1r/guard/access/domain/condition.go:55.18,56.14 1 10
github.com/bakhod1r/guard/access/domain/condition.go:57.13,58.30 1 1
github.com/bakhod1r/guard/access/domain/condition.go:59.15,60.32 1 2
github.com/bakhod1r/guard/access/domain/condition.go:62.3,62.41 1 7
github.com/bakhod1r/guard/access/domain/condition.go:63.13,64.33 1 1
github.com/bakhod1r/guard/access/domain/condition.go:66.2,66.19 1 1
github.com/bakhod1r/guard/access/domain/condition.go:70.52,72.47 2 34
github.com/bakhod1r/guard/access/domain/condition.go:72.47,74.10 2 41
github.com/bakhod1r/guard/access/domain/condition.go:74.10,76.4 1 1
github.com/bakhod1r/guard/access/domain/condition.go:77.3,77.30 1 40
github.com/bakhod1r/guard/access/domain/condition.go:77.30,79.4 1 4
github.com/bakhod1r/guard/access/domain/condition.go:81.2,81.24 1 29
github.com/bakhod1r/guard/access/domain/condition.go:85.48,86.31 1 35
github.com/bakhod1r/guard/access/domain/condition.go:86.31,88.3 1 6
github.com/bakhod1r/guard/access/domain/condition.go:89.2,89.16 1 29
github.com/bakhod1r/guard/access/domain/condition.go:92.42,94.30 2 34
github.com/bakhod1r/guard/access/domain/condition.go:94.30,96.3 1 2
github.com/bakhod1r/guard/access/domain/condition.go:97.2,97.20 1 32
github.com/bakhod1r/guard/access/domain/condition.go:98.21,100.29 2 8
github.com/bakhod1r/guard/access/domain/condition.go:100.29,102.59 2 11
github.com/bakhod1r/guard/access/domain/condition.go:102.59,104.10 2 5
github.com/bakhod1r/guard/access/domain/condition.go:107.3,107.39 1 8
github.com/bakhod1r/guard/access/domain/condition.go:109.2,110.9 2 24
github.com/bakhod1r/guard/access/domain/condition.go:110.9,112.3 1 1
github.com/bakhod1r/guard/access/domain/condition.go:113.2,113.20 1 23
github.com/bakhod1r/guard/access/domain/condition.go:114.12,115.28 1 10
github.com/bakhod1r/guard/access/domain/condition.go:116.12,117.29 1 2
github.com/bakhod1r/guard/access/domain/condition.go:118.18,119.31 1 5
github.com/bakhod1r/guard/access/domain/condition.go:120.32,121.42 1 5
github.com/bakhod1r/guard/access/domain/condition.go:123.2,123.14 1 1
github.com/bakhod1r/guard/access/domain/condition.go:126.37,127.23 1 104
github.com/bakhod1r/guard/access/domain/condition.go:128.15,129.17 1 6
github.com/bakhod1r/guard/access/domain/condition.go:130.15,131.26 1 1
github.com/bakhod1r/guard/access/domain/condition.go:132.11,133.26 1 6
github.com/bakhod1r/guard/access/domain/condition.go:134.13,135.26 1 1
github.com/bakhod1r/guard/access/domain/condition.go:136.13,137.26 1 2
github.com/bakhod1r/guard/access/domain/condition.go:138.12,139.26 1 1
github.com/bakhod1r/guard/access/domain/condition.go:140.14,141.26 1 1
github.com/bakhod1r/guard/access/domain/condition.go:142.14,144.23 2 79
github.com/bakhod1r/guard/access/domain/condition.go:146.2,146.17 1 7
github.com/bakhod1r/guard/access/domain/condition.go:149.27,152.16 3 34
github.com/bakhod1r/guard/access/domain/condition.go:152.16,154.3 1 1
github.com/bakhod1r/guard/access/domain/condition.go:155.2,155.39 1 33
github.com/bakhod1r/guard/access/domain/condition.go:158.33,159.26 1 17
github.com/bakhod1r/guard/access/domain/condition.go:160.13,161.23 1 6
github.com/bakhod1r/guard/access/domain/condition.go:161.23,162.19 1 6
github.com/bakhod1r/guard/access/domain/condition.go:162.19,164.5 1 3
github.com/bakhod1r/guard/access/domain/condition.go:166.16,167.23 1 2
github.com/bakhod1r/guard/access/domain/condition.go:167.23,168.19 1 3
github.com/bakhod1r/guard/access/domain/condition.go:168.19,170.5 1 1
github.com/bakhod1r/guard/access/domain/condition.go:172.14,174.38 2 8
github.com/bakhod1r/guard/access/domain/condition.go:176.2,176.14 1 5
github.com/bakhod1r/guard/access/domain/condition.go:179.42,182.18 3 12
github.com/bakhod1r/guard/access/domain/condition.go:182.18,185.19 3 6
github.com/bakhod1r/guard/access/domain/condition.go:185.19,187.4 1 2
github.com/bakhod1r/guard/access/domain/condition.go:189.3,189.47 1 4
github.com/bakhod1r/guard/access/domain/condition.go:191.2,191.12 1 10
github.com/bakhod1r/guard/access/domain/condition.go:192.12,193.17 1 1
github.com/bakhod1r/guard/access/domain/condition.go:194.13,195.18 1 4
github.com/bakhod1r/guard/access/domain/condition.go:196.12,197.17 1 2
github.com/bakhod1r/guard/access/domain/condition.go:198.13,199.18 1 2
github.com/bakhod1r/guard/access/domain/condition.go:201.2,201.14 1 1
github.com/bakhod1r/guard/access/domain/route.go:14.71,17.77 3 16
github.com/bakhod1r/guard/access/domain/route.go:17.77,19.3 1 9
github.com/bakhod1r/guard/access/domain/route.go:20.2,21.47 2 16
github.com/bakhod1r/guard/access/domain/route.go:21.47,22.50 1 38
github.com/bakhod1r/guard/access/domain/route.go:22.50,23.12 1 24
github.com/bakhod1r/guard/access/domain/route.go:25.3,25.43 1 14
github.com/bakhod1r/guard/access/domain/route.go:27.2,28.9 2 16
github.com/bakhod1r/guard/access/domain/route.go:28.9,30.3 1 2
github.com/bakhod1r/guard/access/domain/route.go:31.2,32.24 2 16
github.com/bakhod1r/guard/access/domain/route.go:32.24,34.3 1 1
github.com/bakhod1r/guard/access/domain/route.go:35.2,35.49 1 16
github.com/bakhod1r/guard/access/domain/route.go:38.36,39.39 1 16
github.com/bakhod1r/guard/access/domain/route.go:39.39,40.10 1 157
github.com/bakhod1r/guard/access/domain/route.go:41.71,42.12 1 146
github.com/bakhod1r/guard/access/domain/route.go:43.29,44.26 1 9
github.com/bakhod1r/guard/access/domain/route.go:46.3,46.13 1 2
github.com/bakhod1r/guard/access/infrastructure/cached.go:98.133,99.19 1 18
github.com/bakhod1r/guard/access/infrastructure/cached.go:99.19,101.3 1 12
github.com/bakhod1r/guard/access/infrastructure/cached.go:102.2,102.23 1 18
github.com/bakhod1r/guard/access/infrastructure/cached.go:102.23,104.3 1 14
github.com/bakhod1r/guard/access/infrastructure/cached.go:105.2,105.26 1 18
github.com/bakhod1r/guard/access/infrastructure/cached.go:105.26,107.3 1 17
github.com/bakhod1r/guard/access/infrastructure/cached.go:108.2,108.27 1 18
github.com/bakhod1r/guard/access/infrastructure/cached.go:108.27,110.3 1 18
github.com/bakhod1r/guard/access/infrastructure/cached.go:111.2,111.25 1 18
github.com/bakhod1r/guard/access/infrastructure/cached.go:111.25,112.30 1 17
github.com/bakhod1r/guard/access/infrastructure/cached.go:112.31,112.32 0 5
github.com/bakhod1r/guard/access/infrastructure/cached.go:114.2,120.3 1 18
github.com/bakhod1r/guard/access/infrastructure/cached.go:124.37,127.2 1 22
github.com/bakhod1r/guard/access/infrastructure/cached.go:132.26,136.2 3 31
github.com/bakhod1r/guard/access/infrastructure/cached.go:139.50,141.2 1 31
github.com/bakhod1r/guard/access/infrastructure/cached.go:145.62,147.18 2 130
github.com/bakhod1r/guard/access/infrastructure/cached.go:147.18,149.3 1 23
github.com/bakhod1r/guard/access/infrastructure/cached.go:150.2,151.31 2 107
github.com/bakhod1r/guard/access/infrastructure/cached.go:151.31,152.36 1 10
github.com/bakhod1r/guard/access/infrastructure/cached.go:152.36,154.4 1 9
github.com/bakhod1r/guard/access/infrastructure/cached.go:156.2,156.16 1 107
github.com/bakhod1r/guard/access/infrastructure/cached.go:156.16,159.3 2 5
github.com/bakhod1r/guard/access/infrastructure/cached.go:160.2,160.34 1 102
github.com/bakhod1r/guard/access/infrastructure/cached.go:166.50,168.18 2 24
github.com/bakhod1r/guard/access/infrastructure/cached.go:168.18,170.3 1 3
github.com/bakhod1r/guard/access/infrastructure/cached.go:172.2,174.16 3 21
github.com/bakhod1r/guard/access/infrastructure/cached.go:174.16,176.3 1 19
github.com/bakhod1r/guard/access/infrastructure/cached.go:177.2,177.16 1 21
github.com/bakhod1r/guard/access/infrastructure/cached.go:177.16,180.3 2 3
github.com/bakhod1r/guard/access/infrastructure/cached.go:183.131,188.9 3 130
github.com/bakhod1r/guard/access/infrastructure/cached.go:188.9,191.3 2 5
github.com/bakhod1r/guard/access/infrastructure/cached.go:192.2,194.84 3 125
github.com/bakhod1r/guard/access/infrastructure/cached.go:194.84,198.3 3 28
github.com/bakhod1r/guard/access/infrastructure/cached.go:199.2,202.14 4 97
github.com/bakhod1r/guard/access/infrastructure/cached.go:202.14,206.3 3 47
github.com/bakhod1r/guard/access/infrastructure/cached.go:207.2,208.9 2 97
github.com/bakhod1r/guard/access/infrastructure/cached.go:209.16,210.19 1 96
github.com/bakhod1r/guard/access/infrastructure/cached.go:210.19,212.4 1 2
github.com/bakhod1r/guard/access/infrastructure/cached.go:213.3,213.31 1 94
github.com/bakhod1r/guard/access/infrastructure/cached.go:214.20,215.25 1 1
github.com/bakhod1r/guard/access/infrastructure/cached.go:220.161,227.18 6 47
github.com/bakhod1r/guard/access/infrastructure/cached.go:227.18,228.70 1 45
github.com/bakhod1r/guard/access/infrastructure/cached.go:228.70,230.4 1 3
github.com/bakhod1r/guard/access/infrastructure/cached.go:231.3,231.92 1 45
github.com/bakhod1r/guard/access/infrastructure/cached.go:233.2,234.15 2 47
github.com/bakhod1r/guard/access/infrastructure/cached.go:239.70,241.30 2 3
github.com/bakhod1r/guard/access/infrastructure/cached.go:241.30,242.53 1 6
github.com/bakhod1r/guard/access/infrastructure/cached.go:242.53,245.4 2 4
github.com/bakhod1r/guard/access/infrastructure/cached.go:247.2,247.27 1 3
github.com/bakhod1r/guard/access/infrastructure/cached.go:247.27,250.3 2 1
github.com/bakhod1r/guard/access/infrastructure/cached.go:251.2,251.10 1 3
github.com/bakhod1r/guard/access/infrastructure/cached.go:254.60,255.15 1 111
github.com/bakhod1r/guard/access/infrastructure/cached.go:255.15,257.3 1 2
github.com/bakhod1r/guard/access/infrastructure/cached.go:258.2,259.23 2 109
github.com/bakhod1r/guard/access/infrastructure/cached.go:259.23,262.25 3 120
github.com/bakhod1r/guard/access/infrastructure/cached.go:262.25,265.4 2 101
github.com/bakhod1r/guard/access/infrastructure/cached.go:267.2,267.12 1 109
github.com/bakhod1r/guard/access/infrastructure/cached.go:270.56,271.15 1 14
github.com/bakhod1r/guard/access/infrastructure/cached.go:271.15,273.3 1 1
github.com/bakhod1r/guard/access/infrastructure/cached.go:274.2,275.23 2 13
github.com/bakhod1r/guard/access/infrastructure/cached.go:275.23,277.20 2 15
github.com/bakhod1r/guard/access/infrastructure/cached.go:277.20,280.4 2 12
github.com/bakhod1r/guard/access/infrastructure/cached.go:282.2,282.12 1 13
github.com/bakhod1r/guard/access/infrastructure/cached.go:285.64,287.25 2 25
github.com/bakhod1r/guard/access/infrastructure/cached.go:287.25,289.37 2 12
github.com/bakhod1r/guard/access/infrastructure/cached.go:289.37,292.4 2 12
github.com/bakhod1r/guard/access/infrastructure/cached.go:294.2,294.21 1 25
github.com/bakhod1r/guard/access/infrastructure/cached.go:294.21,296.34 2 12
github.com/bakhod1r/guard/access/infrastructure/cached.go:296.34,298.4 1 12
github.com/bakhod1r/guard/access/infrastructure/cached.go:300.2,300.12 1 25
github.com/bakhod1r/guard/access/infrastructure/cached.go:303.36,304.15 1 133
github.com/bakhod1r/guard/access/infrastructure/cached.go:304.15,306.3 1 1
github.com/bakhod1r/guard/access/infrastructure/cached.go:307.2,307.45 1 132
github.com/bakhod1r/guard/access/infrastructure/cached.go:312.91,313.100 1 118
github.com/bakhod1r/guard/access/infrastructure/cached.go:313.100,315.3 1 46
github.com/bakhod1r/guard/access/infrastructure/cached.go:318.108,319.115 1 12
github.com/bakhod1r/guard/access/infrastructure/cached.go:319.115,321.3 1 6
github.com/bakhod1r/guard/access/infrastructure/cached.go:326.72,330.2 3 3
github.com/bakhod1r/guard/access/infrastructure/cached.go:332.69,336.2 3 2
github.com/bakhod1r/guard/access/infrastructure/cached.go:338.83,342.2 3 2
github.com/bakhod1r/guard/access/infrastructure/cached.go:344.113,348.2 3 2
github.com/bakhod1r/guard/access/infrastructure/cached.go:350.96,354.2 3 2
github.com/bakhod1r/guard/access/infrastructure/cached.go:356.110,360.2 3 7
github.com/bakhod1r/guard/access/infrastructure/cached.go:362.79,366.2 3 2
github.com/bakhod1r/guard/access/infrastructure/cached.go:368.74,372.2 3 2
github.com/bakhod1r/guard/access/infrastructure/cached.go:374.69,378.2 3 2
github.com/bakhod1r/guard/access/infrastructure/memory.go:21.26,28.2 1 20
github.com/bakhod1r/guard/access/infrastructure/memory.go:30.70,33.34 3 50
github.com/bakhod1r/guard/access/infrastructure/memory.go:33.34,35.3 1 1
github.com/bakhod1r/guard/access/infrastructure/memory.go:36.2,39.12 4 49
github.com/bakhod1r/guard/access/infrastructure/memory.go:42.67,45.33 3 4
github.com/bakhod1r/guard/access/infrastructure/memory.go:45.33,47.3 1 1
github.com/bakhod1r/guard/access/infrastructure/memory.go:48.2,49.29 2 3
github.com/bakhod1r/guard/access/infrastructure/memory.go:49.29,51.3 1 3
github.com/bakhod1r/guard/access/infrastructure/memory.go:52.2,52.12 1 3
github.com/bakhod1r/guard/access/infrastructure/memory.go:55.77,59.9 4 59
github.com/bakhod1r/guard/access/infrastructure/memory.go:59.9,61.3 1 3
github.com/bakhod1r/guard/access/infrastructure/memory.go:62.2,64.17 3 56
github.com/bakhod1r/guard/access/infrastructure/memory.go:67.72,70.25 3 1
github.com/bakhod1r/guard/access/infrastructure/memory.go:70.25,72.3 1 2
github.com/bakhod1r/guard/access/infrastructure/memory.go:73.2,76.26 4 1
github.com/bakhod1r/guard/access/infrastructure/memory.go:76.26,77.43 1 2
github.com/bakhod1r/guard/access/infrastructure/memory.go:77.43,79.4 1 2
github.com/bakhod1r/guard/access/infrastructure/memory.go:81.2,81.17 1 1
github.com/bakhod1r/guard/access/infrastructure/memory.go:84.81,89.2 4 18
github.com/bakhod1r/guard/access/infrastructure/memory.go:91.82,95.34 4 1
github.com/bakhod1r/guard/access/infrastructure/memory.go:95.34,97.3 1 2
github.com/bakhod1r/guard/access/infrastructure/memory.go:98.2,98.38 1 1
github.com/bakhod1r/guard/access/infrastructure/memory.go:98.38,98.78 1 1
github.com/bakhod1r/guard/access/infrastructure/memory.go:99.2,99.17 1 1
github.com/bakhod1r/guard/access/infrastructure/memory.go:102.103,106.9 4 21
github.com/bakhod1r/guard/access/infrastructure/memory.go:106.9,108.3 1 1
github.com/bakhod1r/guard/access/infrastructure/memory.go:109.2,110.9 2 20
github.com/bakhod1r/guard/access/infrastructure/memory.go:110.9,112.3 1 1
github.com/bakhod1r/guard/access/infrastructure/memory.go:113.2,113.34 1 19
github.com/bakhod1r/guard/access/infrastructure/memory.go:113.34,114.27 1 2
github.com/bakhod1r/guard/access/infrastructure/memory.go:114.27,116.4 1 1
github.com/bakhod1r/guard/access/infrastructure/memory.go:118.2,119.12 2 18
github.com/bakhod1r/guard/access/infrastructure/memory.go:122.94,126.9 4 4
github.com/bakhod1r/guard/access/infrastructure/memory.go:126.9,128.3 1 1
github.com/bakhod1r/guard/access/infrastructure/memory.go:129.2,130.34 2 3
github.com/bakhod1r/guard/access/infrastructure/memory.go:130.34,131.27 1 4
github.com/bakhod1r/guard/access/infrastructure/memory.go:131.27,133.4 1 1
github.com/bakhod1r/guard/access/infrastructure/memory.go:135.2,136.12 2 3
github.com/bakhod1r/guard/access/infrastructure/memory.go:139.100,142.33 3 26
github.com/bakhod1r/guard/access/infrastructure/memory.go:142.33,144.3 1 1
github.com/bakhod1r/guard/access/infrastructure/memory.go:145.2,145.29 1 25
github.com/bakhod1r/guard/access/infrastructure/memory.go:145.29,147.3 1 16
github.com/bakhod1r/guard/access/infrastructure/memory.go:148.2,149.12 2 25
github.com/bakhod1r/guard/access/infrastructure/memory.go:152.77,157.2 4 4
github.com/bakhod1r/guard/access/infrastructure/memory.go:159.91,162.39 3 46
github.com/bakhod1r/guard/access/infrastructure/memory.go:162.39,164.3 1 54
github.com/bakhod1r/guard/access/infrastructure/memory.go:165.2,167.28 3 46
github.com/bakhod1r/guard/access/infrastructure/memory.go:167.28,169.17 2 54
github.com/bakhod1r/guard/access/infrastructure/memory.go:169.17,170.12 1 2
github.com/bakhod1r/guard/access/infrastructure/memory.go:172.3,172.64 1 52
github.com/bakhod1r/guard/access/infrastructure/memory.go:174.2,174.38 1 46
github.com/bakhod1r/guard/access/infrastructure/memory.go:174.38,174.84 1 14
github.com/bakhod1r/guard/access/infrastructure/memory.go:175.2,175.17 1 46
github.com/bakhod1r/guard/access/infrastructure/memory.go:178.72,181.32 3 22
github.com/bakhod1r/guard/access/infrastructure/memory.go:181.32,182.37 1 15
github.com/bakhod1r/guard/access/infrastructure/memory.go:182.37,184.4 1 1
github.com/bakhod1r/guard/access/infrastructure/memory.go:186.2,187.12 2 21
github.com/bakhod1r/guard/access/infrastructure/memory.go:190.67,193.34 3 4
github.com/bakhod1r/guard/access/infrastructure/memory.go:193.34,195.3 1 1
github.com/bakhod1r/guard/access/infrastructure/memory.go:196.2,197.12 2 3
github.com/bakhod1r/guard/access/infrastructure/memory.go:200.79,204.9 4 2
github.com/bakhod1r/guard/access/infrastructure/memory.go:204.9,206.3 1 1
github.com/bakhod1r/guard/access/infrastructure/memory.go:207.2,207.16 1 1
github.com/bakhod1r/guard/access/infrastructure/memory.go:210.75,214.31 4 10
github.com/bakhod1r/guard/access/infrastructure/memory.go:214.31,216.3 1 20
github.com/bakhod1r/guard/access/infrastructure/memory.go:217.2,217.38 1 10
github.com/bakhod1r/guard/access/infrastructure/memory.go:217.38,218.41 1 16
github.com/bakhod1r/guard/access/infrastructure/memory.go:218.41,220.4 1 10
github.com/bakhod1r/guard/access/infrastructure/memory.go:221.3,221.35 1 6
github.com/bakhod1r/guard/access/infrastructure/memory.go:223.2,223.17 1 10
github.com/bakhod1r/guard/access/infrastructure/memory.go:226.108,229.24 3 7
github.com/bakhod1r/guard/access/infrastructure/memory.go:229.24,230.108 1 12
github.com/bakhod1r/guard/access/infrastructure/memory.go:230.108,232.4 1 10
github.com/bakhod1r/guard/access/infrastructure/memory.go:234.2,234.17 1 7
github.com/bakhod1r/guard/access/infrastructure/postgres.go:19.46,19.74 1 9
github.com/bakhod1r/guard/access/infrastructure/postgres.go:22.31,25.2 2 16
github.com/bakhod1r/guard/access/infrastructure/postgres.go:29.35,30.13 1 17
github.com/bakhod1r/guard/access/infrastructure/postgres.go:30.13,32.3 1 11
github.com/bakhod1r/guard/access/infrastructure/postgres.go:33.2,33.10 1 6
github.com/bakhod1r/guard/access/infrastructure/postgres.go:38.77,41.34 2 4
github.com/bakhod1r/guard/access/infrastructure/postgres.go:41.34,43.3 1 1
github.com/bakhod1r/guard/access/infrastructure/postgres.go:44.2,44.12 1 3
github.com/bakhod1r/guard/access/infrastructure/postgres.go:47.71,49.43 2 3
github.com/bakhod1r/guard/access/infrastructure/postgres.go:49.43,51.3 1 1
github.com/bakhod1r/guard/access/infrastructure/postgres.go:52.2,52.12 1 2
github.com/bakhod1r/guard/access/infrastructure/postgres.go:62.63,66.42 4 13
github.com/bakhod1r/guard/access/infrastructure/postgres.go:66.42,68.3 1 4
github.com/bakhod1r/guard/access/infrastructure/postgres.go:69.2,70.21 2 9
github.com/bakhod1r/guard/access/infrastructure/postgres.go:70.21,72.3 1 4
github.com/bakhod1r/guard/access/infrastructure/postgres.go:73.2,73.18 1 9
github.com/bakhod1r/guard/access/infrastructure/postgres.go:76.81,78.35 2 4
github.com/bakhod1r/guard/access/infrastructure/postgres.go:78.35,80.3 1 1
github.com/bakhod1r/guard/access/infrastructure/postgres.go:81.2,81.16 1 3
github.com/bakhod1r/guard/access/infrastructure/postgres.go:81.16,83.3 1 1
github.com/bakhod1r/guard/access/infrastructure/postgres.go:84.2,84.19 1 2
github.com/bakhod1r/guard/access/infrastructure/postgres.go:87.74,89.16 2 4
github.com/bakhod1r/guard/access/infrastructure/postgres.go:89.16,91.3 1 2
github.com/bakhod1r/guard/access/infrastructure/postgres.go:92.2,94.18 3 2
github.com/bakhod1r/guard/access/infrastructure/postgres.go:94.18,96.17 2 5
github.com/bakhod1r/guard/access/infrastructure/postgres.go:96.17,98.4 1 1
github.com/bakhod1r/guard/access/infrastructure/postgres.go:99.3,99.26 1 4
github.com/bakhod1r/guard/access/infrastructure/postgres.go:101.2,101.24 1 1
github.com/bakhod1r/guard/access/infrastructure/postgres.go:104.93,105.18 1 9
github.com/bakhod1r/guard/access/infrastructure/postgres.go:105.18,107.3 1 1
github.com/bakhod1r/guard/access/infrastructure/postgres.go:108.2,119.16 2 8
github.com/bakhod1r/guard/access/infrastructure/postgres.go:119.16,121.3 1 2
github.com/bakhod1r/guard/access/infrastructure/postgres.go:122.2,124.18 3 6
github.com/bakhod1r/guard/access/infrastructure/postgres.go:124.18,127.17 3 4
github.com/bakhod1r/guard/access/infrastructure/postgres.go:127.17,129.4 1 1
github.com/bakhod1r/guard/access/infrastructure/postgres.go:130.3,131.23 2 3
github.com/bakhod1r/guard/access/infrastructure/postgres.go:134.2,134.49 1 5
github.com/bakhod1r/guard/access/infrastructure/postgres.go:134.49,136.3 1 1
github.com/bakhod1r/guard/access/infrastructure/postgres.go:136.8,136.23 1 4
github.com/bakhod1r/guard/access/infrastructure/postgres.go:136.23,138.3 1 1
github.com/bakhod1r/guard/access/infrastructure/postgres.go:139.2,139.17 1 3
github.com/bakhod1r/guard/access/infrastructure/postgres.go:144.85,149.2 2 5
github.com/bakhod1r/guard/access/infrastructure/postgres.go:151.86,153.16 2 3
github.com/bakhod1r/guard/access/infrastructure/postgres.go:153.16,155.3 1 1
github.com/bakhod1r/guard/access/infrastructure/postgres.go:156.2,158.18 3 2
github.com/bakhod1r/guard/access/infrastructure/postgres.go:158.18,160.75 2 30
github.com/bakhod1r/guard/access/infrastructure/postgres.go:160.75,162.4 1 1
github.com/bakhod1r/guard/access/infrastructure/postgres.go:163.3,163.23 1 29
github.com/bakhod1r/guard/access/infrastructure/postgres.go:165.2,165.24 1 1
github.com/bakhod1r/guard/access/infrastructure/postgres.go:168.115,174.35 2 9
github.com/bakhod1r/guard/access/infrastructure/postgres.go:174.35,176.3 1 3
github.com/bakhod1r/guard/access/infrastructure/postgres.go:177.2,177.66 1 6
github.com/bakhod1r/guard/access/infrastructure/postgres.go:177.66,179.3 1 2
github.com/bakhod1r/guard/access/infrastructure/postgres.go:180.2,180.16 1 4
github.com/bakhod1r/guard/access/infrastructure/postgres.go:180.16,182.3 1 1
github.com/bakhod1r/guard/access/infrastructure/postgres.go:183.2,183.29 1 3
github.com/bakhod1r/guard/access/infrastructure/postgres.go:183.29,185.3 1 1
github.com/bakhod1r/guard/access/infrastructure/postgres.go:186.2,186.12 1 2
github.com/bakhod1r/guard/access/infrastructure/postgres.go:190.96,193.56 2 4
github.com/bakhod1r/guard/access/infrastructure/postgres.go:193.56,195.3 1 1
github.com/bakhod1r/guard/access/infrastructure/postgres.go:196.2,196.14 1 3
github.com/bakhod1r/guard/access/infrastructure/postgres.go:196.14,198.3 1 1
github.com/bakhod1r/guard/access/infrastructure/postgres.go:199.2,199.14 1 2
github.com/bakhod1r/guard/access/infrastructure/postgres.go:199.14,201.3 1 1
github.com/bakhod1r/guard/access/infrastructure/postgres.go:202.2,202.12 1 1
github.com/bakhod1r/guard/access/infrastructure/postgres.go:205.98,209.2 2 2
github.com/bakhod1r/guard/access/infrastructure/postgres.go:211.112,212.18 1 9
github.com/bakhod1r/guard/access/infrastructure/postgres.go:212.18,214.3 1 1
github.com/bakhod1r/guard/access/infrastructure/postgres.go:216.2,220.9 2 8
github.com/bakhod1r/guard/access/infrastructure/postgres.go:221.37,222.32 1 1
github.com/bakhod1r/guard/access/infrastructure/postgres.go:223.66,224.35 1 2
github.com/bakhod1r/guard/access/infrastructure/postgres.go:226.2,226.12 1 5
github.com/bakhod1r/guard/access/infrastructure/postgres.go:229.81,230.18 1 4
github.com/bakhod1r/guard/access/infrastructure/postgres.go:230.18,232.3 1 1
github.com/bakhod1r/guard/access/infrastructure/postgres.go:233.2,234.30 2 3
github.com/bakhod1r/guard/access/infrastructure/postgres.go:234.30,236.3 1 1
github.com/bakhod1r/guard/access/infrastructure/postgres.go:237.2,237.12 1 2
github.com/bakhod1r/guard/access/infrastructure/postgres.go:242.76,243.56 1 11
github.com/bakhod1r/guard/access/infrastructure/postgres.go:243.56,249.35 2 10
github.com/bakhod1r/guard/access/infrastructure/postgres.go:249.35,251.4 1 1
github.com/bakhod1r/guard/access/infrastructure/postgres.go:252.3,252.17 1 9
github.com/bakhod1r/guard/access/infrastructure/postgres.go:252.17,254.4 1 1
github.com/bakhod1r/guard/access/infrastructure/postgres.go:255.3,255.110 1 8
github.com/bakhod1r/guard/access/infrastructure/postgres.go:255.110,257.4 1 1
github.com/bakhod1r/guard/access/infrastructure/postgres.go:258.3,258.20 1 7
github.com/bakhod1r/guard/access/infrastructure/postgres.go:258.20,260.4 1 2
github.com/bakhod1r/guard/access/infrastructure/postgres.go:261.3,261.52 1 5
github.com/bakhod1r/guard/access/infrastructure/postgres.go:265.124,268.14 3 18
github.com/bakhod1r/guard/access/infrastructure/postgres.go:268.14,270.3 1 4
github.com/bakhod1r/guard/access/infrastructure/postgres.go:271.2,272.93 1 18
github.com/bakhod1r/guard/access/infrastructure/postgres.go:272.93,274.3 1 2
github.com/bakhod1r/guard/access/infrastructure/postgres.go:275.2,275.33 1 16
github.com/bakhod1r/guard/access/infrastructure/postgres.go:275.33,277.61 1 6
github.com/bakhod1r/guard/access/infrastructure/postgres.go:277.61,279.4 1 1
github.com/bakhod1r/guard/access/infrastructure/postgres.go:281.2,281.26 1 15
github.com/bakhod1r/guard/access/infrastructure/postgres.go:281.26,282.78 1 13
github.com/bakhod1r/guard/access/infrastructure/postgres.go:282.78,284.4 1 1
github.com/bakhod1r/guard/access/infrastructure/postgres.go:286.2,286.12 1 14
github.com/bakhod1r/guard/access/infrastructure/postgres.go:289.71,290.20 1 4
github.com/bakhod1r/guard/access/infrastructure/postgres.go:290.20,292.3 1 1
github.com/bakhod1r/guard/access/infrastructure/postgres.go:293.2,294.43 2 3
github.com/bakhod1r/guard/access/infrastructure/postgres.go:294.43,296.3 1 1
github.com/bakhod1r/guard/access/infrastructure/postgres.go:297.2,297.12 1 2
github.com/bakhod1r/guard/access/infrastructure/postgres.go:300.83,301.20 1 12
github.com/bakhod1r/guard/access/infrastructure/postgres.go:301.20,303.3 1 1
github.com/bakhod1r/guard/access/infrastructure/postgres.go:304.2,305.16 2 11
github.com/bakhod1r/guard/access/infrastructure/postgres.go:305.16,307.3 1 1
github.com/bakhod1r/guard/access/infrastructure/postgres.go:308.2,308.20 1 10
github.com/bakhod1r/guard/access/infrastructure/postgres.go:308.20,310.3 1 7
github.com/bakhod1r/guard/access/infrastructure/postgres.go:311.2,311.22 1 3
github.com/bakhod1r/guard/access/infrastructure/postgres.go:314.79,316.2 1 8
github.com/bakhod1r/guard/access/infrastructure/postgres.go:318.110,320.2 1 2
github.com/bakhod1r/guard/access/infrastructure/postgres.go:325.106,339.16 2 21
github.com/bakhod1r/guard/access/infrastructure/postgres.go:339.16,341.3 1 2
github.com/bakhod1r/guard/access/infrastructure/postgres.go:342.2,353.18 7 19
github.com/bakhod1r/guard/access/infrastructure/postgres.go:353.18,359.77 5 27
github.com/bakhod1r/guard/access/infrastructure/postgres.go:359.77,361.4 1 3
github.com/bakhod1r/guard/access/infrastructure/postgres.go:362.3,362.25 1 24
github.com/bakhod1r/guard/access/infrastructure/postgres.go:362.25,366.4 3 11
github.com/bakhod1r/guard/access/infrastructure/postgres.go:367.3,367.16 1 24
github.com/bakhod1r/guard/access/infrastructure/postgres.go:367.16,368.12 1 4
github.com/bakhod1r/guard/access/infrastructure/postgres.go:370.3,371.15 2 20
github.com/bakhod1r/guard/access/infrastructure/postgres.go:371.15,376.4 3 19
github.com/bakhod1r/guard/access/infrastructure/postgres.go:377.3,377.14 1 20
github.com/bakhod1r/guard/access/infrastructure/postgres.go:377.14,379.4 1 10
github.com/bakhod1r/guard/access/infrastructure/postgres.go:381.2,381.35 1 16
github.com/bakhod1r/guard/access/infrastructure/postgres.go:381.35,383.3 1 3
github.com/bakhod1r/guard/access/infrastructure/postgres.go:386.2,387.27 2 13
github.com/bakhod1r/guard/access/infrastructure/postgres.go:387.27,388.37 1 19
github.com/bakhod1r/guard/access/infrastructure/postgres.go:388.37,390.4 1 12
github.com/bakhod1r/guard/access/infrastructure/postgres.go:392.2,393.59 2 13
github.com/bakhod1r/guard/access/infrastructure/postgres.go:393.59,395.40 2 17
github.com/bakhod1r/guard/access/infrastructure/postgres.go:395.40,397.4 1 1
github.com/bakhod1r/guard/access/infrastructure/postgres.go:398.3,398.34 1 16
github.com/bakhod1r/guard/access/infrastructure/postgres.go:398.34,400.4 1 10
github.com/bakhod1r/guard/access/infrastructure/postgres.go:401.3,401.11 1 16
github.com/bakhod1r/guard/access/infrastructure/postgres.go:403.2,403.27 1 13
github.com/bakhod1r/guard/access/infrastructure/postgres.go:403.27,404.37 1 19
github.com/bakhod1r/guard/access/infrastructure/postgres.go:404.37,407.4 2 7
github.com/bakhod1r/guard/access/infrastructure/postgres.go:409.2,409.22 1 13
github.com/bakhod1r/guard/adminui/adminui.go:76.57,77.21 1 53
github.com/bakhod1r/guard/adminui/adminui.go:77.21,79.3 1 53
github.com/bakhod1r/guard/adminui/adminui.go:80.2,81.27 2 53
github.com/bakhod1r/guard/adminui/adminui.go:81.27,83.3 1 53
github.com/bakhod1r/guard/adminui/adminui.go:84.2,84.28 1 53
github.com/bakhod1r/guard/adminui/adminui.go:84.28,86.3 1 52
github.com/bakhod1r/guard/adminui/adminui.go:87.2,87.47 1 53
github.com/bakhod1r/guard/adminui/adminui.go:87.47,89.3 1 50
github.com/bakhod1r/guard/adminui/adminui.go:90.2,90.35 1 53
github.com/bakhod1r/guard/adminui/adminui.go:90.35,91.53 1 52
github.com/bakhod1r/guard/adminui/adminui.go:91.53,92.52 1 1
github.com/bakhod1r/guard/adminui/adminui.go:95.2,95.29 1 52
github.com/bakhod1r/guard/adminui/adminui.go:95.29,97.3 1 50
github.com/bakhod1r/guard/adminui/adminui.go:98.2,99.24 2 52
github.com/bakhod1r/guard/adminui/adminui.go:99.24,102.3 2 52
github.com/bakhod1r/guard/adminui/adminui.go:103.2,116.25 12 52
github.com/bakhod1r/guard/adminui/adminui.go:121.29,122.24 1 312
github.com/bakhod1r/guard/adminui/adminui.go:123.18,124.18 1 210
github.com/bakhod1r/guard/adminui/adminui.go:124.18,126.5 1 1
github.com/bakhod1r/guard/adminui/adminui.go:127.4,127.47 1 209
github.com/bakhod1r/guard/adminui/adminui.go:128.19,129.30 1 101
github.com/bakhod1r/guard/adminui/adminui.go:129.30,131.5 1 83
github.com/bakhod1r/guard/adminui/adminui.go:132.4,132.47 1 18
github.com/bakhod1r/guard/adminui/adminui.go:134.3,134.15 1 1
github.com/bakhod1r/guard/adminui/adminui.go:136.33,137.18 1 103
github.com/bakhod1r/guard/adminui/adminui.go:137.18,139.4 1 1
github.com/bakhod1r/guard/adminui/adminui.go:140.3,140.11 1 102
github.com/bakhod1r/guard/adminui/adminui.go:146.48,150.26 4 55
github.com/bakhod1r/guard/adminui/adminui.go:150.26,153.3 2 715
github.com/bakhod1r/guard/adminui/adminui.go:154.2,154.12 1 55
github.com/bakhod1r/guard/adminui/adminui.go:187.88,189.9 2 207
github.com/bakhod1r/guard/adminui/adminui.go:189.9,192.3 2 1
github.com/bakhod1r/guard/adminui/adminui.go:193.2,195.36 2 206
github.com/bakhod1r/guard/adminui/adminui.go:195.36,198.30 3 195
github.com/bakhod1r/guard/adminui/adminui.go:198.30,199.40 1 1365
github.com/bakhod1r/guard/adminui/adminui.go:199.40,201.5 1 1007
github.com/bakhod1r/guard/adminui/adminui.go:204.2,206.70 3 206
github.com/bakhod1r/guard/adminui/adminui.go:206.70,208.3 1 1
github.com/bakhod1r/guard/adminui/adminui.go:212.57,214.17 2 31
github.com/bakhod1r/guard/adminui/adminui.go:214.17,216.3 1 31
github.com/bakhod1r/guard/adminui/adminui.go:217.2,217.41 1 31
github.com/bakhod1r/guard/adminui/adminui.go:221.57,223.25 2 48
github.com/bakhod1r/guard/adminui/adminui.go:223.25,226.3 2 9
github.com/bakhod1r/guard/adminui/adminui.go:227.2,227.70 1 48
github.com/bakhod1r/guard/adminui/adminui.go:230.48,232.35 2 150
github.com/bakhod1r/guard/adminui/adminui.go:232.35,234.3 1 34
github.com/bakhod1r/guard/adminui/adminui.go:235.2,235.56 1 150
github.com/bakhod1r/guard/adminui/adminui.go:257.36,258.33 1 94
github.com/bakhod1r/guard/adminui/adminui.go:258.33,259.24 1 1479
github.com/bakhod1r/guard/adminui/adminui.go:259.24,261.4 1 82
github.com/bakhod1r/guard/adminui/adminui.go:263.2,263.14 1 12
github.com/bakhod1r/guard/adminui/adminui.go:270.52,271.38 1 1995
github.com/bakhod1r/guard/adminui/adminui.go:271.38,273.3 1 1981
github.com/bakhod1r/guard/adminui/adminui.go:274.2,274.12 1 14
github.com/bakhod1r/guard/adminui/adminui.go:277.46,279.64 2 284
github.com/bakhod1r/guard/adminui/adminui.go:279.64,280.91 1 283
github.com/bakhod1r/guard/adminui/adminui.go:280.91,284.4 3 281
github.com/bakhod1r/guard/adminui/adminui.go:286.2,287.11 2 3
github.com/bakhod1r/guard/adminui/adminui.go:290.54,294.2 3 322
github.com/bakhod1r/guard/adminui/adminui.go:296.42,297.79 1 281
github.com/bakhod1r/guard/adminui/adminui.go:297.79,300.3 2 154
github.com/bakhod1r/guard/adminui/adminui.go:301.2,303.60 3 127
github.com/bakhod1r/guard/adminui/adminui.go:303.60,306.3 2 6
github.com/bakhod1r/guard/adminui/adminui.go:307.2,307.10 1 121
github.com/bakhod1r/guard/adminui/adminui.go:311.53,313.2 1 1402
github.com/bakhod1r/guard/adminui/adminui.go:316.75,319.28 3 1419
github.com/bakhod1r/guard/adminui/adminui.go:319.28,321.3 1 2
github.com/bakhod1r/guard/adminui/adminui.go:322.2,326.32 3 1417
github.com/bakhod1r/guard/adminui/adminui.go:330.52,331.30 1 1040
github.com/bakhod1r/guard/adminui/adminui.go:331.30,332.22 1 165
github.com/bakhod1r/guard/adminui/adminui.go:332.22,338.4 3 30
github.com/bakhod1r/guard/adminui/adminui.go:339.3,339.11 1 135
github.com/bakhod1r/guard/adminui/adminui.go:343.41,345.2 1 4
github.com/bakhod1r/guard/adminui/adminui.go:348.41,350.115 2 97
github.com/bakhod1r/guard/adminui/adminui.go:350.115,352.3 1 95
github.com/bakhod1r/guard/adminui/adminui.go:353.2,353.13 1 2
github.com/bakhod1r/guard/adminui/adminui.go:356.37,360.16 3 88
github.com/bakhod1r/guard/adminui/adminui.go:360.16,362.100 2 34
github.com/bakhod1r/guard/adminui/adminui.go:362.100,364.4 1 1
github.com/bakhod1r/guard/adminui/adminui.go:364.9,364.33 1 33
github.com/bakhod1r/guard/adminui/adminui.go:364.33,367.4 2 1
github.com/bakhod1r/guard/adminui/adminui.go:368.3,369.9 2 34
github.com/bakhod1r/guard/adminui/adminui.go:371.2,374.39 4 54
github.com/bakhod1r/guard/adminui/adminui.go:377.38,383.2 5 1
github.com/bakhod1r/guard/adminui/adminui.go:385.44,385.86 1 144
github.com/bakhod1r/guard/adminui/adminui.go:387.54,389.2 1 38
github.com/bakhod1r/guard/adminui/adminui.go:391.79,392.22 1 29
github.com/bakhod1r/guard/adminui/adminui.go:392.22,394.3 1 1
github.com/bakhod1r/guard/adminui/adminui.go:395.2,397.66 2 28
github.com/bakhod1r/guard/adminui/dashboard.go:26.53,28.2 1 52
github.com/bakhod1r/guard/adminui/dashboard.go:30.72,32.16 2 200
github.com/bakhod1r/guard/adminui/dashboard.go:32.16,34.3 1 10
github.com/bakhod1r/guard/adminui/dashboard.go:35.2,35.10 1 200
github.com/bakhod1r/guard/adminui/dashboard.go:38.41,42.31 4 52
github.com/bakhod1r/guard/adminui/dashboard.go:42.31,44.3 1 54
github.com/bakhod1r/guard/adminui/dashboard.go:45.2,45.27 1 52
github.com/bakhod1r/guard/adminui/dashboard.go:45.27,48.3 2 32
github.com/bakhod1r/guard/adminui/dashboard.go:49.2,49.33 1 52
github.com/bakhod1r/guard/adminui/dashboard.go:49.33,52.3 2 32
github.com/bakhod1r/guard/adminui/dashboard.go:53.2,53.29 1 52
github.com/bakhod1r/guard/adminui/dashboard.go:53.29,56.3 2 32
github.com/bakhod1r/guard/adminui/dashboard.go:57.2,61.28 5 52
github.com/bakhod1r/guard/adminui/dashboard.go:61.28,62.18 1 200
github.com/bakhod1r/guard/adminui/dashboard.go:62.18,64.4 1 10
github.com/bakhod1r/guard/adminui/dashboard.go:66.2,66.70 1 52
github.com/bakhod1r/guard/adminui/dashboard.go:89.49,91.2 1 52
github.com/bakhod1r/guard/adminui/dashboard.go:93.33,95.9 2 14
github.com/bakhod1r/guard/adminui/dashboard.go:96.28,97.27 1 11
github.com/bakhod1r/guard/adminui/dashboard.go:98.25,99.23 1 2
github.com/bakhod1r/guard/adminui/dashboard.go:101.2,101.10 1 1
github.com/bakhod1r/guard/adminui/dashboard.go:104.41,106.18 2 14
github.com/bakhod1r/guard/adminui/dashboard.go:106.18,108.17 2 13
github.com/bakhod1r/guard/adminui/dashboard.go:108.17,111.4 2 1
github.com/bakhod1r/guard/adminui/dashboard.go:112.3,112.28 1 13
github.com/bakhod1r/guard/adminui/dashboard.go:112.28,114.33 2 41
github.com/bakhod1r/guard/adminui/dashboard.go:114.33,116.5 1 12
github.com/bakhod1r/guard/adminui/dashboard.go:117.4,118.32 2 41
github.com/bakhod1r/guard/adminui/dashboard.go:121.2,121.62 1 14
github.com/bakhod1r/guard/adminui/hardening.go:21.52,23.2 1 35
github.com/bakhod1r/guard/adminui/hardening.go:26.51,28.28 2 37
github.com/bakhod1r/guard/adminui/hardening.go:28.28,31.3 2 36
github.com/bakhod1r/guard/adminui/hardening.go:32.2,32.28 1 1
github.com/bakhod1r/guard/adminui/hardening.go:38.39,52.2 12 382
github.com/bakhod1r/guard/adminui/hardening.go:56.41,57.79 1 382
github.com/bakhod1r/guard/adminui/hardening.go:57.79,60.3 2 161
github.com/bakhod1r/guard/adminui/hardening.go:61.2,61.48 1 221
github.com/bakhod1r/guard/adminui/hardening.go:61.48,64.3 2 2
github.com/bakhod1r/guard/adminui/hardening.go:65.2,66.46 2 219
github.com/bakhod1r/guard/adminui/hardening.go:66.46,68.27 2 2
github.com/bakhod1r/guard/adminui/hardening.go:68.27,71.4 2 1
github.com/bakhod1r/guard/adminui/hardening.go:72.3,73.9 2 1
github.com/bakhod1r/guard/adminui/hardening.go:75.2,75.10 1 217
github.com/bakhod1r/guard/adminui/hardening.go:78.53,80.37 2 4
github.com/bakhod1r/guard/adminui/hardening.go:80.37,82.3 1 1
github.com/bakhod1r/guard/adminui/hardening.go:83.2,84.11 2 4
github.com/bakhod1r/guard/adminui/hardening.go:89.42,91.42 2 90
github.com/bakhod1r/guard/adminui/hardening.go:91.42,94.3 2 15
github.com/bakhod1r/guard/adminui/hardening.go:95.2,96.16 2 75
github.com/bakhod1r/guard/adminui/hardening.go:96.16,100.3 3 1
github.com/bakhod1r/guard/adminui/hardening.go:101.2,101.18 1 74
github.com/bakhod1r/guard/adminui/hardening.go:101.18,108.3 4 2
github.com/bakhod1r/guard/adminui/hardening.go:109.2,109.10 1 72
github.com/bakhod1r/guard/adminui/hardening.go:114.51,116.29 2 54
github.com/bakhod1r/guard/adminui/hardening.go:116.29,118.3 1 50
github.com/bakhod1r/guard/adminui/hardening.go:119.2,121.36 3 4
github.com/bakhod1r/guard/adminui/hardening.go:121.36,123.3 1 2
github.com/bakhod1r/guard/adminui/hardening.go:124.2,124.63 1 2
github.com/bakhod1r/guard/adminui/hardening.go:124.63,126.3 1 1
github.com/bakhod1r/guard/adminui/policies.go:18.52,28.2 9 52
github.com/bakhod1r/guard/adminui/policies.go:32.54,33.14 1 49
github.com/bakhod1r/guard/adminui/policies.go:33.14,35.3 1 2
github.com/bakhod1r/guard/adminui/policies.go:36.2,37.33 2 47
github.com/bakhod1r/guard/adminui/policies.go:37.33,39.76 2 52
github.com/bakhod1r/guard/adminui/policies.go:39.76,41.4 1 14
github.com/bakhod1r/guard/adminui/policies.go:42.3,42.62 1 52
github.com/bakhod1r/guard/adminui/policies.go:44.2,44.26 1 47
github.com/bakhod1r/guard/adminui/policies.go:44.26,46.3 1 1
github.com/bakhod1r/guard/adminui/policies.go:47.2,48.35 2 47
github.com/bakhod1r/guard/adminui/policies.go:48.35,50.3 1 1
github.com/bakhod1r/guard/adminui/policies.go:51.2,52.20 2 47
github.com/bakhod1r/guard/adminui/policies.go:52.20,54.3 1 46
github.com/bakhod1r/guard/adminui/policies.go:55.2,55.14 1 47
github.com/bakhod1r/guard/adminui/policies.go:55.14,57.3 1 1
github.com/bakhod1r/guard/adminui/policies.go:58.2,58.12 1 47
github.com/bakhod1r/guard/adminui/policies.go:99.56,102.2 2 3
github.com/bakhod1r/guard/adminui/policies.go:104.44,106.2 1 8
github.com/bakhod1r/guard/adminui/policies.go:108.73,110.16 2 14
github.com/bakhod1r/guard/adminui/policies.go:110.16,113.3 2 1
github.com/bakhod1r/guard/adminui/policies.go:114.2,115.24 2 13
github.com/bakhod1r/guard/adminui/policies.go:115.24,117.3 1 48
github.com/bakhod1r/guard/adminui/policies.go:119.2,120.82 1 13
github.com/bakhod1r/guard/adminui/policies.go:123.78,129.16 6 13
github.com/bakhod1r/guard/adminui/policies.go:129.16,131.3 1 4
github.com/bakhod1r/guard/adminui/policies.go:132.2,132.60 1 13
github.com/bakhod1r/guard/adminui/policies.go:135.41,137.2 1 2
github.com/bakhod1r/guard/adminui/policies.go:140.71,142.52 2 8
github.com/bakhod1r/guard/adminui/policies.go:142.52,145.3 2 2
github.com/bakhod1r/guard/adminui/policies.go:146.2,146.16 1 6
github.com/bakhod1r/guard/adminui/policies.go:146.16,149.3 2 1
github.com/bakhod1r/guard/adminui/policies.go:150.2,150.16 1 5
github.com/bakhod1r/guard/adminui/policies.go:153.42,155.9 2 5
github.com/bakhod1r/guard/adminui/policies.go:155.9,157.3 1 2
github.com/bakhod1r/guard/adminui/policies.go:158.2,159.19 2 3
github.com/bakhod1r/guard/adminui/policies.go:159.19,162.3 2 3
github.com/bakhod1r/guard/adminui/policies.go:163.2,164.97 1 3
github.com/bakhod1r/guard/adminui/policies.go:168.44,171.38 3 8
github.com/bakhod1r/guard/adminui/policies.go:171.38,173.3 1 3
github.com/bakhod1r/guard/adminui/policies.go:174.2,174.16 1 5
github.com/bakhod1r/guard/adminui/policies.go:174.16,176.3 1 1
github.com/bakhod1r/guard/adminui/policies.go:177.2,177.12 1 4
github.com/bakhod1r/guard/adminui/policies.go:180.61,185.16 3 12
github.com/bakhod1r/guard/adminui/policies.go:185.16,187.3 1 7
github.com/bakhod1r/guard/adminui/policies.go:188.2,188.16 1 12
github.com/bakhod1r/guard/adminui/policies.go:188.16,189.26 1 9
github.com/bakhod1r/guard/adminui/policies.go:189.26,192.4 2 1
github.com/bakhod1r/guard/adminui/policies.go:193.3,195.9 3 8
github.com/bakhod1r/guard/adminui/policies.go:197.2,198.44 2 3
github.com/bakhod1r/guard/adminui/policies.go:201.66,203.22 2 12
github.com/bakhod1r/guard/adminui/policies.go:203.22,205.17 2 11
github.com/bakhod1r/guard/adminui/policies.go:205.17,207.4 1 1
github.com/bakhod1r/guard/adminui/policies.go:208.3,208.11 1 10
github.com/bakhod1r/guard/adminui/policies.go:210.2,212.37 2 11
github.com/bakhod1r/guard/adminui/policies.go:212.37,214.54 2 8
github.com/bakhod1r/guard/adminui/policies.go:214.54,216.4 1 4
github.com/bakhod1r/guard/adminui/policies.go:218.2,218.15 1 7
github.com/bakhod1r/guard/adminui/policies.go:221.44,221.84 1 10
github.com/bakhod1r/guard/adminui/policies.go:223.44,225.9 2 3
github.com/bakhod1r/guard/adminui/policies.go:225.9,227.3 1 1
github.com/bakhod1r/guard/adminui/policies.go:228.2,228.40 1 2
github.com/bakhod1r/guard/adminui/policies.go:231.44,233.73 2 2
github.com/bakhod1r/guard/adminui/policies.go:233.73,236.3 2 1
github.com/bakhod1r/guard/adminui/policies.go:237.2,238.46 2 1
github.com/bakhod1r/guard/adminui/policies.go:241.44,244.16 3 3
github.com/bakhod1r/guard/adminui/policies.go:244.16,247.3 2 2
github.com/bakhod1r/guard/adminui/policies.go:248.2,248.16 1 3
github.com/bakhod1r/guard/adminui/policies.go:248.16,251.3 2 2
github.com/bakhod1r/guard/adminui/policies.go:252.2,253.102 2 1
github.com/bakhod1r/guard/adminui/policies.go:256.61,257.34 1 11
github.com/bakhod1r/guard/adminui/policies.go:257.34,259.3 1 6
github.com/bakhod1r/guard/adminui/policies.go:260.2,263.39 4 5
github.com/bakhod1r/guard/adminui/policies.go:263.39,265.3 1 2
github.com/bakhod1r/guard/adminui/policies.go:266.2,266.15 1 3
github.com/bakhod1r/guard/adminui/policies.go:269.46,274.16 3 6
github.com/bakhod1r/guard/adminui/policies.go:274.16,276.25 2 4
github.com/bakhod1r/guard/adminui/policies.go:276.25,278.4 1 3
github.com/bakhod1r/guard/adminui/policies.go:278.9,280.4 1 1
github.com/bakhod1r/guard/adminui/policies.go:281.3,282.9 2 4
github.com/bakhod1r/guard/adminui/policies.go:284.2,285.41 2 2
github.com/bakhod1r/guard/adminui/policies.go:288.86,291.16 3 6
github.com/bakhod1r/guard/adminui/policies.go:291.16,293.3 1 1
github.com/bakhod1r/guard/adminui/policies.go:294.2,295.16 2 5
github.com/bakhod1r/guard/adminui/policies.go:295.16,297.3 1 1
github.com/bakhod1r/guard/adminui/policies.go:298.2,299.16 2 4
github.com/bakhod1r/guard/adminui/policies.go:299.16,301.3 1 1
github.com/bakhod1r/guard/adminui/policies.go:302.2,303.33 2 3
github.com/bakhod1r/guard/adminui/policies.go:303.33,305.3 1 2
github.com/bakhod1r/guard/adminui/policies.go:306.2,313.4 2 3
github.com/bakhod1r/guard/adminui/rbac.go:13.48,22.2 8 52
github.com/bakhod1r/guard/adminui/rbac.go:24.39,24.82 1 10
github.com/bakhod1r/guard/adminui/rbac.go:27.60,32.2 2 5
github.com/bakhod1r/guard/adminui/rbac.go:34.41,36.16 2 5
github.com/bakhod1r/guard/adminui/rbac.go:36.16,39.3 2 1
github.com/bakhod1r/guard/adminui/rbac.go:40.2,42.4 1 4
github.com/bakhod1r/guard/adminui/rbac.go:45.42,48.16 2 8
github.com/bakhod1r/guard/adminui/rbac.go:48.16,51.3 2 5
github.com/bakhod1r/guard/adminui/rbac.go:52.2,53.70 2 3
github.com/bakhod1r/guard/adminui/rbac.go:56.42,59.50 3 13
github.com/bakhod1r/guard/adminui/rbac.go:59.50,64.3 2 2
github.com/bakhod1r/guard/adminui/rbac.go:65.2,65.16 1 11
github.com/bakhod1r/guard/adminui/rbac.go:65.16,68.3 2 1
github.com/bakhod1r/guard/adminui/rbac.go:69.2,70.16 2 10
github.com/bakhod1r/guard/adminui/rbac.go:70.16,73.3 2 1
github.com/bakhod1r/guard/adminui/rbac.go:74.2,75.37 2 9
github.com/bakhod1r/guard/adminui/rbac.go:75.37,77.3 1 5
github.com/bakhod1r/guard/adminui/rbac.go:78.2,79.24 2 9
github.com/bakhod1r/guard/adminui/rbac.go:79.24,80.25 1 112
github.com/bakhod1r/guard/adminui/rbac.go:80.25,82.4 1 107
github.com/bakhod1r/guard/adminui/rbac.go:84.2,86.4 1 9
github.com/bakhod1r/guard/adminui/rbac.go:89.42,91.73 2 3
github.com/bakhod1r/guard/adminui/rbac.go:91.73,93.49 2 2
github.com/bakhod1r/guard/adminui/rbac.go:93.49,95.4 1 1
github.com/bakhod1r/guard/adminui/rbac.go:96.3,97.9 2 2
github.com/bakhod1r/guard/adminui/rbac.go:99.2,100.50 2 1
github.com/bakhod1r/guard/adminui/rbac.go:103.41,105.96 2 4
github.com/bakhod1r/guard/adminui/rbac.go:105.96,108.3 2 2
github.com/bakhod1r/guard/adminui/rbac.go:109.2,110.52 2 2
github.com/bakhod1r/guard/adminui/rbac.go:113.42,115.85 2 2
github.com/bakhod1r/guard/adminui/rbac.go:115.85,118.3 2 1
github.com/bakhod1r/guard/adminui/rbac.go:119.2,120.52 2 1
github.com/bakhod1r/guard/adminui/rbac.go:128.47,131.16 3 7
github.com/bakhod1r/guard/adminui/rbac.go:131.16,134.3 2 1
github.com/bakhod1r/guard/adminui/rbac.go:135.2,136.16 2 6
github.com/bakhod1r/guard/adminui/rbac.go:136.16,139.3 2 1
github.com/bakhod1r/guard/adminui/rbac.go:140.2,141.26 2 5
github.com/bakhod1r/guard/adminui/rbac.go:141.26,142.35 1 11
github.com/bakhod1r/guard/adminui/rbac.go:142.35,144.4 1 4
github.com/bakhod1r/guard/adminui/rbac.go:146.2,147.26 2 5
github.com/bakhod1r/guard/adminui/rbac.go:147.26,149.3 1 57
github.com/bakhod1r/guard/adminui/rbac.go:150.2,152.4 1 5
github.com/bakhod1r/guard/adminui/rbac.go:155.48,157.16 2 6
github.com/bakhod1r/guard/adminui/rbac.go:157.16,160.3 2 5
github.com/bakhod1r/guard/adminui/rbac.go:161.2,162.66 2 1
github.com/bakhod1r/guard/adminui/security.go:19.52,26.2 6 52
github.com/bakhod1r/guard/adminui/security.go:40.44,45.16 5 14
github.com/bakhod1r/guard/adminui/security.go:45.16,47.3 1 13
github.com/bakhod1r/guard/adminui/security.go:48.2,48.16 1 14
github.com/bakhod1r/guard/adminui/security.go:48.16,52.3 3 1
github.com/bakhod1r/guard/adminui/security.go:54.2,59.29 3 13
github.com/bakhod1r/guard/adminui/security.go:59.29,61.3 1 19
github.com/bakhod1r/guard/adminui/security.go:62.2,62.22 1 13
github.com/bakhod1r/guard/adminui/security.go:62.22,65.10 3 8
github.com/bakhod1r/guard/adminui/security.go:66.27,67.22 1 1
github.com/bakhod1r/guard/adminui/security.go:68.29,69.22 1 1
github.com/bakhod1r/guard/adminui/security.go:71.3,72.96 1 8
github.com/bakhod1r/guard/adminui/security.go:74.2,74.84 1 13
github.com/bakhod1r/guard/adminui/security.go:77.53,79.51 2 5
github.com/bakhod1r/guard/adminui/security.go:79.51,82.3 2 3
github.com/bakhod1r/guard/adminui/security.go:83.2,84.47 2 2
github.com/bakhod1r/guard/adminui/security.go:89.76,91.24 2 5
github.com/bakhod1r/guard/adminui/security.go:91.24,93.3 1 1
github.com/bakhod1r/guard/adminui/security.go:94.2,95.16 2 4
github.com/bakhod1r/guard/adminui/security.go:95.16,97.3 1 1
github.com/bakhod1r/guard/adminui/security.go:98.2,98.29 1 3
github.com/bakhod1r/guard/adminui/security.go:98.29,99.17 1 4
github.com/bakhod1r/guard/adminui/security.go:99.17,101.4 1 2
github.com/bakhod1r/guard/adminui/security.go:103.2,103.41 1 1
github.com/bakhod1r/guard/adminui/security.go:107.68,110.16 3 7
github.com/bakhod1r/guard/adminui/security.go:110.16,112.3 1 1
github.com/bakhod1r/guard/adminui/security.go:113.2,114.29 2 6
github.com/bakhod1r/guard/adminui/security.go:114.29,115.27 1 11
github.com/bakhod1r/guard/adminui/security.go:115.27,116.12 1 6
github.com/bakhod1r/guard/adminui/security.go:118.3,118.72 1 5
github.com/bakhod1r/guard/adminui/security.go:118.72,120.4 1 2
github.com/bakhod1r/guard/adminui/security.go:121.3,121.6 1 3
github.com/bakhod1r/guard/adminui/security.go:123.2,123.15 1 4
github.com/bakhod1r/guard/adminui/security.go:126.52,128.16 2 4
github.com/bakhod1r/guard/adminui/security.go:128.16,131.3 2 2
github.com/bakhod1r/guard/adminui/security.go:132.2,133.78 2 2
github.com/bakhod1r/guard/adminui/security.go:137.42,139.62 2 8
github.com/bakhod1r/guard/adminui/security.go:139.62,139.107 1 66
github.com/bakhod1r/guard/adminui/security.go:139.109,140.40 1 11
github.com/bakhod1r/guard/adminui/security.go:140.40,142.4 1 9
github.com/bakhod1r/guard/adminui/security.go:144.2,144.12 1 8
github.com/bakhod1r/guard/adminui/security.go:147.48,149.67 2 9
github.com/bakhod1r/guard/adminui/security.go:149.67,151.17 2 3
github.com/bakhod1r/guard/adminui/security.go:151.17,154.4 2 1
github.com/bakhod1r/guard/adminui/security.go:155.3,155.15 1 2
github.com/bakhod1r/guard/adminui/security.go:157.2,159.16 2 8
github.com/bakhod1r/guard/adminui/security.go:159.16,162.3 2 4
github.com/bakhod1r/guard/adminui/security.go:165.2,167.4 1 4
github.com/bakhod1r/guard/adminui/security.go:170.49,172.101 2 3
github.com/bakhod1r/guard/adminui/security.go:172.101,175.3 2 1
github.com/bakhod1r/guard/adminui/security.go:176.2,177.47 2 2
github.com/bakhod1r/guard/adminui/security.go:180.54,184.66 4 6
github.com/bakhod1r/guard/adminui/security.go:184.66,186.17 2 5
github.com/bakhod1r/guard/adminui/security.go:186.17,188.4 1 3
github.com/bakhod1r/guard/adminui/security.go:190.2,190.16 1 6
github.com/bakhod1r/guard/adminui/security.go:190.16,193.3 2 4
github.com/bakhod1r/guard/adminui/security.go:194.2,195.75 2 2
github.com/bakhod1r/guard/adminui/users.go:25.49,36.2 10 52
github.com/bakhod1r/guard/adminui/users.go:38.33,38.74 1 24
github.com/bakhod1r/guard/adminui/users.go:41.77,42.16 1 6
github.com/bakhod1r/guard/adminui/users.go:42.16,44.3 1 3
github.com/bakhod1r/guard/adminui/users.go:45.2,45.99 1 6
github.com/bakhod1r/guard/adminui/users.go:57.41,60.20 3 9
github.com/bakhod1r/guard/adminui/users.go:60.20,62.17 2 3
github.com/bakhod1r/guard/adminui/users.go:62.17,65.4 2 1
github.com/bakhod1r/guard/adminui/users.go:66.3,66.16 1 2
github.com/bakhod1r/guard/adminui/users.go:68.2,72.16 5 8
github.com/bakhod1r/guard/adminui/users.go:72.16,75.3 2 1
github.com/bakhod1r/guard/adminui/users.go:76.2,77.16 2 7
github.com/bakhod1r/guard/adminui/users.go:77.16,79.3 1 1
github.com/bakhod1r/guard/adminui/users.go:80.2,80.33 1 7
github.com/bakhod1r/guard/adminui/users.go:80.33,82.3 1 2
github.com/bakhod1r/guard/adminui/users.go:83.2,83.63 1 7
github.com/bakhod1r/guard/adminui/users.go:100.42,102.54 2 16
github.com/bakhod1r/guard/adminui/users.go:102.54,105.3 2 1
github.com/bakhod1r/guard/adminui/users.go:106.2,108.52 3 15
github.com/bakhod1r/guard/adminui/users.go:108.52,111.3 2 1
github.com/bakhod1r/guard/adminui/users.go:112.2,112.16 1 14
github.com/bakhod1r/guard/adminui/users.go:112.16,115.3 2 1
github.com/bakhod1r/guard/adminui/users.go:116.2,124.52 7 13
github.com/bakhod1r/guard/adminui/users.go:124.52,127.3 2 1
github.com/bakhod1r/guard/adminui/users.go:128.2,128.33 1 12
github.com/bakhod1r/guard/adminui/users.go:128.33,130.3 1 4
github.com/bakhod1r/guard/adminui/users.go:131.2,131.47 1 12
github.com/bakhod1r/guard/adminui/users.go:131.47,131.99 1 2
github.com/bakhod1r/guard/adminui/users.go:132.2,133.73 2 12
github.com/bakhod1r/guard/adminui/users.go:136.42,138.16 2 2
github.com/bakhod1r/guard/adminui/users.go:138.16,141.3 2 1
github.com/bakhod1r/guard/adminui/users.go:142.2,142.57 1 1
github.com/bakhod1r/guard/adminui/users.go:145.42,148.16 3 3
github.com/bakhod1r/guard/adminui/users.go:148.16,150.3 1 2
github.com/bakhod1r/guard/adminui/users.go:151.2,151.16 1 3
github.com/bakhod1r/guard/adminui/users.go:151.16,154.3 2 2
github.com/bakhod1r/guard/adminui/users.go:155.2,155.58 1 1
github.com/bakhod1r/guard/adminui/users.go:158.46,161.81 3 5
github.com/bakhod1r/guard/adminui/users.go:161.81,164.3 2 3
github.com/bakhod1r/guard/adminui/users.go:165.2,165.106 1 2
github.com/bakhod1r/guard/adminui/users.go:165.106,168.3 2 1
github.com/bakhod1r/guard/adminui/users.go:169.2,170.49 2 1
github.com/bakhod1r/guard/adminui/users.go:173.44,175.103 2 2
github.com/bakhod1r/guard/adminui/users.go:175.103,178.3 2 1
github.com/bakhod1r/guard/adminui/users.go:179.2,179.69 1 1
github.com/bakhod1r/guard/adminui/users.go:182.46,187.48 5 7
github.com/bakhod1r/guard/adminui/users.go:187.48,189.41 2 3
github.com/bakhod1r/guard/adminui/users.go:189.41,192.4 2 2
github.com/bakhod1r/guard/adminui/users.go:193.3,194.50 2 1
github.com/bakhod1r/guard/adminui/users.go:196.2,197.16 2 5
github.com/bakhod1r/guard/adminui/users.go:197.16,199.3 1 4
github.com/bakhod1r/guard/adminui/users.go:200.2,200.16 1 5
github.com/bakhod1r/guard/adminui/users.go:200.16,203.3 2 2
github.com/bakhod1r/guard/adminui/users.go:204.2,205.55 2 3
github.com/bakhod1r/guard/adminui/users.go:208.48,210.79 2 2
github.com/bakhod1r/guard/adminui/users.go:210.79,213.3 2 1
github.com/bakhod1r/guard/adminui/users.go:214.2,215.54 2 1
github.com/bakhod1r/guard/adminui/users.go:218.50,220.72 2 2
github.com/bakhod1r/guard/adminui/users.go:220.72,223.3 2 1
github.com/bakhod1r/guard/adminui/users.go:224.2,225.53 2 1
github.com/bakhod1r/guard/adminui/users.go:228.49,230.71 2 2
github.com/bakhod1r/guard/adminui/users.go:230.71,233.3 2 1
github.com/bakhod1r/guard/adminui/users.go:234.2,235.53 2 1
github.com/bakhod1r/guard/adminui/users.go:239.44,246.2 6 16
github.com/bakhod1r/guard/apikey/application/service.go:18.50,18.96 1 2
github.com/bakhod1r/guard/apikey/application/service.go:20.141,22.16 2 3
github.com/bakhod1r/guard/apikey/application/service.go:22.16,24.3 1 1
github.com/bakhod1r/guard/apikey/application/service.go:25.2,25.46 1 2
github.com/bakhod1r/guard/apikey/application/service.go:25.46,27.3 1 1
github.com/bakhod1r/guard/apikey/application/service.go:28.2,28.20 1 1
github.com/bakhod1r/guard/apikey/application/service.go:32.87,33.39 1 7
github.com/bakhod1r/guard/apikey/application/service.go:33.39,35.3 1 1
github.com/bakhod1r/guard/apikey/application/service.go:36.2,37.34 2 6
github.com/bakhod1r/guard/apikey/application/service.go:37.34,39.3 1 1
github.com/bakhod1r/guard/apikey/application/service.go:40.2,40.16 1 5
github.com/bakhod1r/guard/apikey/application/service.go:40.16,42.3 1 1
github.com/bakhod1r/guard/apikey/application/service.go:43.2,44.38 2 4
github.com/bakhod1r/guard/apikey/application/service.go:44.38,46.3 1 1
github.com/bakhod1r/guard/apikey/application/service.go:48.2,48.65 1 3
github.com/bakhod1r/guard/apikey/application/service.go:48.65,51.3 2 2
github.com/bakhod1r/guard/apikey/application/service.go:52.2,52.15 1 3
github.com/bakhod1r/guard/apikey/application/service.go:55.82,57.2 1 1
github.com/bakhod1r/guard/apikey/application/service.go:59.72,61.2 1 1
github.com/bakhod1r/guard/apikey/application/service.go:63.71,65.2 1 1
github.com/bakhod1r/guard/apikey/domain/key.go:44.30,47.2 2 3
github.com/bakhod1r/guard/apikey/domain/key.go:50.34,50.78 1 1
github.com/bakhod1r/guard/apikey/domain/key.go:65.32,66.14 1 60
github.com/bakhod1r/guard/apikey/domain/key.go:66.14,68.3 1 1
github.com/bakhod1r/guard/apikey/domain/key.go:69.2,69.29 1 59
github.com/bakhod1r/guard/apikey/domain/key.go:69.29,71.3 1 2
github.com/bakhod1r/guard/apikey/domain/key.go:72.2,73.87 2 57
github.com/bakhod1r/guard/apikey/domain/key.go:77.110,79.47 2 12
github.com/bakhod1r/guard/apikey/domain/key.go:79.47,81.3 1 1
github.com/bakhod1r/guard/apikey/domain/key.go:82.2,82.22 1 11
github.com/bakhod1r/guard/apikey/domain/key.go:82.22,84.3 1 1
github.com/bakhod1r/guard/apikey/domain/key.go:85.2,85.29 1 10
github.com/bakhod1r/guard/apikey/domain/key.go:85.29,87.3 1 1
github.com/bakhod1r/guard/apikey/domain/key.go:88.2,90.27 3 9
github.com/bakhod1r/guard/apikey/domain/key.go:90.27,92.21 2 60
github.com/bakhod1r/guard/apikey/domain/key.go:92.21,94.4 1 6
github.com/bakhod1r/guard/apikey/domain/key.go:95.3,95.15 1 54
github.com/bakhod1r/guard/apikey/domain/key.go:95.15,98.4 2 53
github.com/bakhod1r/guard/apikey/domain/key.go:100.2,100.47 1 3
github.com/bakhod1r/guard/apikey/domain/key.go:100.47,102.3 1 1
github.com/bakhod1r/guard/apikey/domain/key.go:103.2,109.20 6 2
github.com/bakhod1r/guard/apikey/domain/key.go:113.43,114.77 1 3
github.com/bakhod1r/guard/apikey/domain/key.go:114.77,116.3 1 2
github.com/bakhod1r/guard/apikey/domain/key.go:117.2,117.12 1 1
github.com/bakhod1r/guard/apikey/domain/key.go:122.52,123.29 1 5
github.com/bakhod1r/guard/apikey/domain/key.go:123.29,124.65 1 8
github.com/bakhod1r/guard/apikey/domain/key.go:124.65,126.4 1 3
github.com/bakhod1r/guard/apikey/domain/key.go:128.2,128.14 1 2
github.com/bakhod1r/guard/apikey/infrastructure/store.go:21.46,21.74 1 5
github.com/bakhod1r/guard/apikey/infrastructure/store.go:25.48,28.35 3 9
github.com/bakhod1r/guard/apikey/infrastructure/store.go:28.35,30.3 1 1
github.com/bakhod1r/guard/apikey/infrastructure/store.go:31.2,31.16 1 8
github.com/bakhod1r/guard/apikey/infrastructure/store.go:34.69,37.66 2 5
github.com/bakhod1r/guard/apikey/infrastructure/store.go:37.66,39.3 1 2
github.com/bakhod1r/guard/apikey/infrastructure/store.go:40.2,40.12 1 3
github.com/bakhod1r/guard/apikey/infrastructure/store.go:43.82,45.2 1 7
github.com/bakhod1r/guard/apikey/infrastructure/store.go:47.89,48.18 1 6
github.com/bakhod1r/guard/apikey/infrastructure/store.go:48.18,50.3 1 1
github.com/bakhod1r/guard/apikey/infrastructure/store.go:51.2,52.16 2 5
github.com/bakhod1r/guard/apikey/infrastructure/store.go:52.16,54.3 1 1
github.com/bakhod1r/guard/apikey/infrastructure/store.go:55.2,55.83 1 4
github.com/bakhod1r/guard/apikey/infrastructure/store.go:55.83,58.3 2 2
github.com/bakhod1r/guard/apikey/infrastructure/store.go:60.2,60.30 1 4
github.com/bakhod1r/guard/apikey/infrastructure/store.go:60.30,62.3 1 1
github.com/bakhod1r/guard/apikey/infrastructure/store.go:63.2,63.17 1 3
github.com/bakhod1r/guard/apikey/infrastructure/store.go:66.87,67.42 1 8
github.com/bakhod1r/guard/apikey/infrastructure/store.go:67.42,69.3 1 1
github.com/bakhod1r/guard/apikey/infrastructure/store.go:70.2,70.18 1 7
github.com/bakhod1r/guard/apikey/infrastructure/store.go:70.18,72.3 1 1
github.com/bakhod1r/guard/apikey/infrastructure/store.go:73.2,74.30 2 6
github.com/bakhod1r/guard/apikey/infrastructure/store.go:74.30,76.3 1 1
github.com/bakhod1r/guard/apikey/infrastructure/store.go:77.2,77.43 1 5
github.com/bakhod1r/guard/apikey/infrastructure/store.go:77.43,79.3 1 2
github.com/bakhod1r/guard/apikey/infrastructure/store.go:80.2,80.12 1 3
github.com/bakhod1r/guard/apikey/infrastructure/store.go:83.92,84.18 1 4
github.com/bakhod1r/guard/apikey/infrastructure/store.go:84.18,86.3 1 1
github.com/bakhod1r/guard/apikey/infrastructure/store.go:87.2,88.30 2 3
github.com/bakhod1r/guard/apikey/infrastructure/store.go:88.30,90.3 1 1
github.com/bakhod1r/guard/apikey/infrastructure/store.go:91.2,91.12 1 2
github.com/bakhod1r/guard/apikey/infrastructure/store.go:94.86,97.2 2 3
github.com/bakhod1r/guard/apikey/infrastructure/store.go:105.26,105.75 1 1
github.com/bakhod1r/guard/apikey/infrastructure/store.go:107.65,112.2 4 2
github.com/bakhod1r/guard/apikey/infrastructure/store.go:114.78,117.27 3 6
github.com/bakhod1r/guard/apikey/infrastructure/store.go:117.27,118.21 1 10
github.com/bakhod1r/guard/apikey/infrastructure/store.go:118.21,120.4 1 5
github.com/bakhod1r/guard/apikey/infrastructure/store.go:122.2,122.35 1 1
github.com/bakhod1r/guard/apikey/infrastructure/store.go:125.85,129.27 4 2
github.com/bakhod1r/guard/apikey/infrastructure/store.go:129.27,130.25 1 4
github.com/bakhod1r/guard/apikey/infrastructure/store.go:130.25,132.4 1 2
github.com/bakhod1r/guard/apikey/infrastructure/store.go:134.2,134.38 1 2
github.com/bakhod1r/guard/apikey/infrastructure/store.go:134.38,134.89 1 1
github.com/bakhod1r/guard/apikey/infrastructure/store.go:135.2,135.17 1 2
github.com/bakhod1r/guard/apikey/infrastructure/store.go:138.83,142.31 4 4
github.com/bakhod1r/guard/apikey/infrastructure/store.go:142.31,144.3 1 2
github.com/bakhod1r/guard/apikey/infrastructure/store.go:145.2,145.24 1 2
github.com/bakhod1r/guard/apikey/infrastructure/store.go:145.24,148.3 2 1
github.com/bakhod1r/guard/apikey/infrastructure/store.go:149.2,149.12 1 2
github.com/bakhod1r/guard/apikey/infrastructure/store.go:152.88,155.28 3 1
github.com/bakhod1r/guard/apikey/infrastructure/store.go:155.28,156.47 1 2
github.com/bakhod1r/guard/apikey/infrastructure/store.go:156.47,159.4 2 1
github.com/bakhod1r/guard/apikey/infrastructure/store.go:161.2,161.12 1 1
github.com/bakhod1r/guard/apikey/infrastructure/store.go:164.82,167.29 3 2
github.com/bakhod1r/guard/apikey/infrastructure/store.go:167.29,170.3 2 1
github.com/bakhod1r/guard/apikey/infrastructure/store.go:171.2,171.12 1 2
github.com/bakhod1r/guard/audit/async.go:31.65,32.16 1 3
github.com/bakhod1r/guard/audit/async.go:32.16,34.3 1 1
github.com/bakhod1r/guard/audit/async.go:35.2,35.19 1 3
github.com/bakhod1r/guard/audit/async.go:35.19,37.3 1 1
github.com/bakhod1r/guard/audit/async.go:38.2,40.10 3 3
github.com/bakhod1r/guard/audit/async.go:43.23,45.22 2 3
github.com/bakhod1r/guard/audit/async.go:45.22,47.47 2 13
github.com/bakhod1r/guard/audit/async.go:47.47,49.4 1 1
github.com/bakhod1r/guard/audit/async.go:50.3,50.11 1 13
github.com/bakhod1r/guard/audit/async.go:54.60,58.14 4 62
github.com/bakhod1r/guard/audit/async.go:58.14,60.3 1 1
github.com/bakhod1r/guard/audit/async.go:61.2,61.9 1 61
github.com/bakhod1r/guard/audit/async.go:62.17,62.17 0 13
github.com/bakhod1r/guard/audit/async.go:63.10,64.51 1 48
github.com/bakhod1r/guard/audit/async.go:64.51,66.4 1 1
github.com/bakhod1r/guard/audit/async.go:68.2,68.12 1 61
github.com/bakhod1r/guard/audit/async.go:71.87,73.2 1 1
github.com/bakhod1r/guard/audit/async.go:76.33,76.60 1 2
github.com/bakhod1r/guard/audit/async.go:80.50,82.15 2 5
github.com/bakhod1r/guard/audit/async.go:82.15,85.3 2 3
github.com/bakhod1r/guard/audit/async.go:86.2,87.9 2 5
github.com/bakhod1r/guard/audit/async.go:88.16,89.13 1 4
github.com/bakhod1r/guard/audit/async.go:90.20,91.19 1 1
github.com/bakhod1r/guard/audit/audit.go:35.24,36.16 1 551
github.com/bakhod1r/guard/audit/audit.go:36.16,38.3 1 306
github.com/bakhod1r/guard/audit/audit.go:39.2,39.27 1 551
github.com/bakhod1r/guard/audit/audit.go:39.27,41.3 1 308
github.com/bakhod1r/guard/audit/audit.go:42.2,42.23 1 551
github.com/bakhod1r/guard/audit/audit.go:42.23,44.3 1 530
github.com/bakhod1r/guard/audit/audit.go:49.46,49.74 1 8
github.com/bakhod1r/guard/audit/audit.go:51.63,54.21 3 17
github.com/bakhod1r/guard/audit/audit.go:54.21,56.3 1 7
github.com/bakhod1r/guard/audit/audit.go:57.2,58.46 2 17
github.com/bakhod1r/guard/audit/audit.go:58.46,62.32 2 2
github.com/bakhod1r/guard/audit/audit.go:62.32,64.4 1 1
github.com/bakhod1r/guard/audit/audit.go:65.3,67.30 3 2
github.com/bakhod1r/guard/audit/audit.go:69.2,69.12 1 17
github.com/bakhod1r/guard/audit/audit.go:72.74,74.16 2 19
github.com/bakhod1r/guard/audit/audit.go:74.16,76.3 1 1
github.com/bakhod1r/guard/audit/audit.go:77.2,79.12 2 18
github.com/bakhod1r/guard/audit/audit.go:89.75,90.22 1 4
github.com/bakhod1r/guard/audit/audit.go:90.22,92.3 1 1
github.com/bakhod1r/guard/audit/audit.go:93.2,95.27 3 3
github.com/bakhod1r/guard/audit/audit.go:95.27,99.17 4 13
github.com/bakhod1r/guard/audit/audit.go:99.17,101.4 1 0
github.com/bakhod1r/guard/audit/audit.go:102.3,103.22 2 13
github.com/bakhod1r/guard/audit/audit.go:103.22,105.4 1 12
github.com/bakhod1r/guard/audit/audit.go:106.3,106.121 1 13
github.com/bakhod1r/guard/audit/audit.go:109.2,110.30 2 3
github.com/bakhod1r/guard/audit/audit.go:110.30,111.30 1 1
github.com/bakhod1r/guard/audit/audit.go:111.30,112.43 1 2
github.com/bakhod1r/guard/audit/audit.go:112.43,114.5 1 0
github.com/bakhod1r/guard/audit/audit.go:116.3,116.13 1 1
github.com/bakhod1r/guard/audit/audit.go:118.2,118.12 1 2
github.com/bakhod1r/guard/audit/audit.go:121.90,122.31 1 13
github.com/bakhod1r/guard/audit/audit.go:122.31,124.3 1 4
github.com/bakhod1r/guard/audit/audit.go:125.2,128.19 3 13
github.com/bakhod1r/guard/audit/audit.go:128.19,131.3 2 5
github.com/bakhod1r/guard/audit/audit.go:132.2,133.16 2 13
github.com/bakhod1r/guard/audit/audit.go:133.16,135.3 1 1
github.com/bakhod1r/guard/audit/audit.go:136.2,136.78 1 12
github.com/bakhod1r/guard/audit/audit.go:136.78,142.3 5 22
github.com/bakhod1r/guard/audit/audit.go:144.2,144.30 1 12
github.com/bakhod1r/guard/audit/audit.go:144.30,146.3 1 1
github.com/bakhod1r/guard/audit/audit.go:147.2,147.17 1 11
github.com/bakhod1r/guard/audit/audit.go:150.39,151.16 1 31
github.com/bakhod1r/guard/audit/audit.go:151.16,153.3 1 12
github.com/bakhod1r/guard/audit/audit.go:154.2,154.10 1 19
github.com/bakhod1r/guard/audit/audit.go:163.59,169.2 5 232
github.com/bakhod1r/guard/audit/audit.go:171.86,175.78 4 8
github.com/bakhod1r/guard/audit/audit.go:175.78,176.54 1 34
github.com/bakhod1r/guard/audit/audit.go:176.54,178.4 1 30
github.com/bakhod1r/guard/audit/audit.go:180.2,180.17 1 8
github.com/bakhod1r/guard/audit/audit.go:188.98,189.20 1 5
github.com/bakhod1r/guard/audit/audit.go:189.20,191.3 1 1
github.com/bakhod1r/guard/audit/audit.go:192.2,192.16 1 4
github.com/bakhod1r/guard/audit/audit.go:192.16,194.3 1 1
github.com/bakhod1r/guard/audit/audit.go:195.2,197.6 3 4
github.com/bakhod1r/guard/audit/audit.go:197.6,198.35 1 6
github.com/bakhod1r/guard/audit/audit.go:198.35,200.4 1 1
github.com/bakhod1r/guard/audit/audit.go:201.3,203.17 2 5
github.com/bakhod1r/guard/audit/audit.go:203.17,205.4 1 1
github.com/bakhod1r/guard/audit/audit.go:206.3,207.40 2 4
github.com/bakhod1r/guard/audit/audit.go:207.40,209.4 1 2
github.com/bakhod1r/guard/audit/redis.go:58.94,59.22 1 13
github.com/bakhod1r/guard/audit/redis.go:59.22,61.3 1 12
github.com/bakhod1r/guard/audit/redis.go:62.2,62.24 1 13
github.com/bakhod1r/guard/audit/redis.go:62.24,64.3 1 10
github.com/bakhod1r/guard/audit/redis.go:65.2,65.23 1 13
github.com/bakhod1r/guard/audit/redis.go:65.23,67.3 1 1
github.com/bakhod1r/guard/audit/redis.go:68.2,68.23 1 13
github.com/bakhod1r/guard/audit/redis.go:68.23,70.3 1 12
github.com/bakhod1r/guard/audit/redis.go:71.2,78.10 3 13
github.com/bakhod1r/guard/audit/redis.go:81.29,85.6 4 13
github.com/bakhod1r/guard/audit/redis.go:85.6,86.10 1 28
github.com/bakhod1r/guard/audit/redis.go:87.17,88.10 1 5
github.com/bakhod1r/guard/audit/redis.go:89.14,91.42 2 15
github.com/bakhod1r/guard/audit/redis.go:91.42,93.5 1 2
github.com/bakhod1r/guard/audit/redis.go:94.4,94.12 1 15
github.com/bakhod1r/guard/audit/redis.go:99.66,104.15 4 219
github.com/bakhod1r/guard/audit/redis.go:104.15,106.17 2 218
github.com/bakhod1r/guard/audit/redis.go:106.17,107.62 1 218
github.com/bakhod1r/guard/audit/redis.go:107.62,109.5 1 217
github.com/bakhod1r/guard/audit/redis.go:111.3,111.114 1 1
github.com/bakhod1r/guard/audit/redis.go:113.2,113.30 1 2
github.com/bakhod1r/guard/audit/redis.go:116.93,118.2 1 1
github.com/bakhod1r/guard/audit/redis.go:139.63,142.23 3 30
github.com/bakhod1r/guard/audit/redis.go:142.23,144.3 1 14
github.com/bakhod1r/guard/audit/redis.go:145.2,145.15 1 16
github.com/bakhod1r/guard/audit/redis.go:145.15,149.3 3 16
github.com/bakhod1r/guard/audit/redis.go:150.2,152.6 3 16
github.com/bakhod1r/guard/audit/redis.go:152.6,154.35 2 46
github.com/bakhod1r/guard/audit/redis.go:154.35,156.4 1 2
github.com/bakhod1r/guard/audit/redis.go:157.3,159.28 3 44
github.com/bakhod1r/guard/audit/redis.go:159.28,161.46 2 221
github.com/bakhod1r/guard/audit/redis.go:161.46,163.13 2 2
github.com/bakhod1r/guard/audit/redis.go:165.4,165.30 1 219
github.com/bakhod1r/guard/audit/redis.go:167.3,168.17 2 44
github.com/bakhod1r/guard/audit/redis.go:168.17,170.4 1 4
github.com/bakhod1r/guard/audit/redis.go:171.3,174.17 4 40
github.com/bakhod1r/guard/audit/redis.go:174.17,176.4 1 0
github.com/bakhod1r/guard/audit/redis.go:177.3,177.16 1 40
github.com/bakhod1r/guard/audit/redis.go:177.16,179.4 1 1
github.com/bakhod1r/guard/audit/redis.go:180.3,181.73 2 39
github.com/bakhod1r/guard/audit/redis.go:181.73,183.4 1 9
github.com/bakhod1r/guard/audit/redis.go:191.81,192.22 1 44
github.com/bakhod1r/guard/audit/redis.go:192.22,194.3 1 1
github.com/bakhod1r/guard/audit/redis.go:195.2,195.42 1 43
github.com/bakhod1r/guard/audit/redis.go:195.42,196.41 1 41
github.com/bakhod1r/guard/audit/redis.go:196.41,198.4 1 37
github.com/bakhod1r/guard/audit/redis.go:200.2,202.27 3 6
github.com/bakhod1r/guard/audit/redis.go:202.27,203.47 1 7
github.com/bakhod1r/guard/audit/redis.go:203.47,204.23 1 5
github.com/bakhod1r/guard/audit/redis.go:204.23,206.5 1 5
github.com/bakhod1r/guard/audit/redis.go:207.4,208.44 2 5
github.com/bakhod1r/guard/audit/redis.go:211.2,211.34 1 6
github.com/bakhod1r/guard/audit/redis.go:211.34,213.3 1 4
github.com/bakhod1r/guard/audit/redis.go:214.2,214.23 1 2
github.com/bakhod1r/guard/audit/redis.go:214.23,216.3 1 1
github.com/bakhod1r/guard/audit/redis.go:217.2,217.22 1 2
[...]
github.com/bakhod1r/guard/identity/infrastructure/postgres.go:97.91,99.35 2 7
github.com/bakhod1r/guard/identity/infrastructure/postgres.go:99.35,101.3 1 2
github.com/bakhod1r/guard/identity/infrastructure/postgres.go:102.2,102.69 1 5
github.com/bakhod1r/guard/identity/infrastructure/postgres.go:102.69,104.3 1 1
github.com/bakhod1r/guard/identity/infrastructure/postgres.go:105.2,105.15 1 4
github.com/bakhod1r/guard/identity/infrastructure/postgres.go:108.53,113.68 4 19
github.com/bakhod1r/guard/identity/infrastructure/postgres.go:113.68,115.3 1 3
github.com/bakhod1r/guard/identity/infrastructure/postgres.go:116.2,117.61 2 16
github.com/bakhod1r/guard/identity/infrastructure/postgres.go:117.61,119.3 1 2
github.com/bakhod1r/guard/identity/infrastructure/postgres.go:120.2,120.16 1 14
github.com/bakhod1r/guard/identity/infrastructure/postgres.go:124.34,126.2 1 13
github.com/bakhod1r/guard/identity/infrastructure/postgres.go:131.99,134.113 3 12
github.com/bakhod1r/guard/identity/infrastructure/postgres.go:134.113,136.3 1 1
github.com/bakhod1r/guard/identity/infrastructure/postgres.go:137.2,139.16 2 11
github.com/bakhod1r/guard/identity/infrastructure/postgres.go:139.16,141.3 1 1
github.com/bakhod1r/guard/identity/infrastructure/postgres.go:142.2,144.18 3 10
github.com/bakhod1r/guard/identity/infrastructure/postgres.go:144.18,146.17 2 12
github.com/bakhod1r/guard/identity/infrastructure/postgres.go:146.17,148.4 1 1
github.com/bakhod1r/guard/identity/infrastructure/postgres.go:149.3,149.24 1 11
github.com/bakhod1r/guard/identity/infrastructure/postgres.go:151.2,151.31 1 9
github.com/bakhod1r/guard/kernel/migrations/migrations.go:46.59,48.2 1 11
github.com/bakhod1r/guard/kernel/migrations/migrations.go:67.35,68.9 1 49
github.com/bakhod1r/guard/kernel/migrations/migrations.go:69.40,70.61 1 5
github.com/bakhod1r/guard/kernel/migrations/migrations.go:71.43,72.65 1 2
github.com/bakhod1r/guard/kernel/migrations/migrations.go:73.41,74.63 1 2
github.com/bakhod1r/guard/kernel/migrations/migrations.go:75.44,76.98 1 7
github.com/bakhod1r/guard/kernel/migrations/migrations.go:78.2,78.89 1 33
github.com/bakhod1r/guard/kernel/migrations/migrations.go:78.89,80.3 1 2
github.com/bakhod1r/guard/kernel/migrations/migrations.go:81.2,81.12 1 31
github.com/bakhod1r/guard/kernel/migrations/migrations.go:84.38,85.56 1 24
github.com/bakhod1r/guard/kernel/migrations/migrations.go:85.56,87.3 1 2
github.com/bakhod1r/guard/kernel/migrations/migrations.go:88.2,88.43 1 22
github.com/bakhod1r/guard/kernel/migrations/migrations.go:95.93,96.18 1 17
github.com/bakhod1r/guard/kernel/migrations/migrations.go:96.18,98.3 1 3
github.com/bakhod1r/guard/kernel/migrations/migrations.go:99.2,99.36 1 17
github.com/bakhod1r/guard/kernel/migrations/migrations.go:99.36,101.3 1 1
github.com/bakhod1r/guard/kernel/migrations/migrations.go:102.2,104.52 3 16
github.com/bakhod1r/guard/kernel/migrations/migrations.go:104.52,106.3 1 10
github.com/bakhod1r/guard/kernel/migrations/migrations.go:106.8,108.3 1 6
github.com/bakhod1r/guard/kernel/migrations/migrations.go:110.2,118.35 3 16
github.com/bakhod1r/guard/kernel/migrations/migrations.go:118.35,120.3 1 2
github.com/bakhod1r/guard/kernel/migrations/migrations.go:121.2,121.16 1 14
github.com/bakhod1r/guard/kernel/migrations/migrations.go:121.16,123.3 1 1
github.com/bakhod1r/guard/kernel/migrations/migrations.go:125.2,146.35 3 13
github.com/bakhod1r/guard/kernel/migrations/migrations.go:146.35,148.3 1 1
github.com/bakhod1r/guard/kernel/migrations/migrations.go:149.2,149.16 1 12
github.com/bakhod1r/guard/kernel/migrations/migrations.go:149.16,151.3 1 1
github.com/bakhod1r/guard/kernel/migrations/migrations.go:152.2,152.13 1 11
github.com/bakhod1r/guard/kernel/migrations/migrations.go:152.13,154.3 1 1
github.com/bakhod1r/guard/kernel/migrations/migrations.go:155.2,155.15 1 10
github.com/bakhod1r/guard/kernel/migrations/migrations.go:155.15,157.3 1 2
github.com/bakhod1r/guard/kernel/migrations/migrations.go:161.2,162.21 2 8
github.com/bakhod1r/guard/kernel/migrations/migrations.go:162.21,164.3 1 5
github.com/bakhod1r/guard/kernel/migrations/migrations.go:165.2,166.39 2 8
github.com/bakhod1r/guard/kernel/migrations/migrations.go:166.39,168.3 1 1
github.com/bakhod1r/guard/kernel/migrations/migrations.go:169.2,169.17 1 7
github.com/bakhod1r/guard/kernel/migrations/migrations.go:173.41,174.39 1 41
github.com/bakhod1r/guard/kernel/migrations/migrations.go:174.39,176.3 1 17
github.com/bakhod1r/guard/kernel/migrations/migrations.go:177.2,183.16 3 24
github.com/bakhod1r/guard/kernel/migrations/migrations.go:183.16,185.3 1 1
github.com/bakhod1r/guard/kernel/migrations/migrations.go:186.2,187.28 2 23
github.com/bakhod1r/guard/kernel/migrations/migrations.go:187.28,188.44 1 81
github.com/bakhod1r/guard/kernel/migrations/migrations.go:188.44,189.12 1 1
github.com/bakhod1r/guard/kernel/migrations/migrations.go:191.3,192.17 2 80
github.com/bakhod1r/guard/kernel/migrations/migrations.go:192.17,194.4 1 1
github.com/bakhod1r/guard/kernel/migrations/migrations.go:195.3,196.17 2 79
github.com/bakhod1r/guard/kernel/migrations/migrations.go:196.17,198.4 1 1
github.com/bakhod1r/guard/kernel/migrations/migrations.go:199.3,200.47 2 78
github.com/bakhod1r/guard/kernel/migrations/migrations.go:200.47,202.4 1 1
github.com/bakhod1r/guard/kernel/migrations/migrations.go:203.3,203.95 1 77
github.com/bakhod1r/guard/kernel/migrations/migrations.go:205.2,205.17 1 20
github.com/bakhod1r/guard/kernel/migrations/migrations.go:210.55,212.16 2 14
github.com/bakhod1r/guard/kernel/migrations/migrations.go:212.16,214.3 1 8
github.com/bakhod1r/guard/kernel/migrations/migrations.go:215.2,215.27 1 6
github.com/bakhod1r/guard/kernel/migrations/migrations.go:218.56,219.48 1 8
github.com/bakhod1r/guard/kernel/migrations/migrations.go:219.48,221.3 1 1
github.com/bakhod1r/guard/kernel/migrations/migrations.go:222.2,223.16 2 7
github.com/bakhod1r/guard/kernel/migrations/migrations.go:223.16,225.3 1 1
github.com/bakhod1r/guard/kernel/migrations/migrations.go:226.2,227.28 2 6
github.com/bakhod1r/guard/kernel/migrations/migrations.go:227.28,229.41 2 15
github.com/bakhod1r/guard/kernel/migrations/migrations.go:229.41,230.12 1 4
github.com/bakhod1r/guard/kernel/migrations/migrations.go:231.9,231.45 1 11
github.com/bakhod1r/guard/kernel/migrations/migrations.go:231.45,233.4 1 1
github.com/bakhod1r/guard/kernel/migrations/migrations.go:234.3,235.17 2 10
github.com/bakhod1r/guard/kernel/migrations/migrations.go:235.17,237.4 1 1
github.com/bakhod1r/guard/kernel/migrations/migrations.go:238.3,238.53 1 9
github.com/bakhod1r/guard/kernel/migrations/migrations.go:238.53,240.4 1 1
github.com/bakhod1r/guard/kernel/migrations/migrations.go:241.3,241.33 1 8
github.com/bakhod1r/guard/kernel/migrations/migrations.go:243.2,243.21 1 3
github.com/bakhod1r/guard/kernel/migrations/migrations.go:248.81,250.16 2 9
github.com/bakhod1r/guard/kernel/migrations/migrations.go:250.16,252.3 1 3
github.com/bakhod1r/guard/kernel/migrations/migrations.go:253.2,254.37 2 6
github.com/bakhod1r/guard/kernel/migrations/migrations.go:254.37,256.3 1 1
github.com/bakhod1r/guard/kernel/migrations/migrations.go:257.2,257.12 1 5
github.com/bakhod1r/guard/kernel/migrations/migrations.go:262.83,264.16 2 5
github.com/bakhod1r/guard/kernel/migrations/migrations.go:264.16,266.3 1 2
github.com/bakhod1r/guard/kernel/migrations/migrations.go:267.2,268.44 2 3
github.com/bakhod1r/guard/kernel/migrations/migrations.go:268.44,270.3 1 1
github.com/bakhod1r/guard/kernel/migrations/migrations.go:271.2,271.12 1 2
github.com/bakhod1r/guard/kernel/migrations/migrations.go:274.94,276.15 2 14
github.com/bakhod1r/guard/kernel/migrations/migrations.go:276.15,278.3 1 4
github.com/bakhod1r/guard/kernel/migrations/migrations.go:278.8,280.42 2 10
github.com/bakhod1r/guard/kernel/migrations/migrations.go:280.42,282.4 1 2
github.com/bakhod1r/guard/kernel/migrations/migrations.go:286.2,287.16 2 12
github.com/bakhod1r/guard/kernel/migrations/migrations.go:287.16,289.3 1 1
github.com/bakhod1r/guard/kernel/migrations/migrations.go:290.2,293.16 3 11
github.com/bakhod1r/guard/kernel/migrations/migrations.go:293.16,296.3 2 2
github.com/bakhod1r/guard/kernel/migrations/migrations.go:297.2,297.19 1 9
github.com/bakhod1r/guard/kernel/pgerr/pgerr.go:18.29,20.28 2 28
github.com/bakhod1r/guard/kernel/pgerr/pgerr.go:20.28,22.3 1 20
github.com/bakhod1r/guard/kernel/pgerr/pgerr.go:23.2,23.11 1 8
github.com/bakhod1r/guard/kernel/pgerr/pgerr.go:27.40,27.83 1 7
github.com/bakhod1r/guard/kernel/pgerr/pgerr.go:30.44,30.91 1 7
github.com/bakhod1r/guard/kernel/pgerr/pgerr.go:33.41,33.85 1 7
github.com/bakhod1r/guard/kernel/pgerr/pgerr.go:36.36,36.75 1 7
github.com/bakhod1r/guard/kernel/pgerr/pgerr.go:39.35,41.28 2 7
github.com/bakhod1r/guard/kernel/pgerr/pgerr.go:41.28,43.3 1 5
github.com/bakhod1r/guard/kernel/pgerr/pgerr.go:44.2,44.11 1 2
github.com/bakhod1r/guard/ratelimit/ratelimit.go:30.29,31.49 1 9
github.com/bakhod1r/guard/ratelimit/ratelimit.go:31.49,33.3 1 1
github.com/bakhod1r/guard/ratelimit/ratelimit.go:34.2,34.12 1 8
github.com/bakhod1r/guard/ratelimit/ratelimit.go:57.64,58.18 1 4
github.com/bakhod1r/guard/ratelimit/ratelimit.go:58.18,60.3 1 2
github.com/bakhod1r/guard/ratelimit/ratelimit.go:61.2,61.64 1 4
github.com/bakhod1r/guard/ratelimit/ratelimit.go:84.83,85.37 1 9
github.com/bakhod1r/guard/ratelimit/ratelimit.go:85.37,87.3 1 1
github.com/bakhod1r/guard/ratelimit/ratelimit.go:88.2,94.16 6 8
github.com/bakhod1r/guard/ratelimit/ratelimit.go:94.16,96.3 1 1
github.com/bakhod1r/guard/ratelimit/ratelimit.go:97.2,103.8 1 7
github.com/bakhod1r/guard/session/application/service.go:17.67,19.2 1 16
github.com/bakhod1r/guard/session/application/service.go:28.100,32.67 4 19
github.com/bakhod1r/guard/session/application/service.go:32.67,34.3 1 4
github.com/bakhod1r/guard/session/application/service.go:35.2,35.23 1 15
github.com/bakhod1r/guard/session/application/service.go:41.92,43.59 2 19
github.com/bakhod1r/guard/session/application/service.go:43.59,45.3 1 2
github.com/bakhod1r/guard/session/application/service.go:46.2,46.64 1 17
github.com/bakhod1r/guard/session/application/service.go:46.64,48.3 1 10
github.com/bakhod1r/guard/session/application/service.go:49.2,50.16 2 7
github.com/bakhod1r/guard/session/application/service.go:50.16,51.54 1 6
github.com/bakhod1r/guard/session/application/service.go:51.54,52.48 1 2
github.com/bakhod1r/guard/session/application/service.go:52.48,53.10 1 1
github.com/bakhod1r/guard/session/application/service.go:57.2,57.16 1 7
github.com/bakhod1r/guard/session/application/service.go:57.16,59.3 1 2
github.com/bakhod1r/guard/session/application/service.go:60.2,60.12 1 7
github.com/bakhod1r/guard/session/application/service.go:64.91,65.15 1 10
github.com/bakhod1r/guard/session/application/service.go:65.15,67.3 1 1
github.com/bakhod1r/guard/session/application/service.go:68.2,69.16 2 9
github.com/bakhod1r/guard/session/application/service.go:69.16,71.3 1 2
github.com/bakhod1r/guard/session/application/service.go:72.2,73.50 2 7
github.com/bakhod1r/guard/session/application/service.go:73.50,76.3 2 1
github.com/bakhod1r/guard/session/application/service.go:77.2,79.42 3 6
github.com/bakhod1r/guard/session/application/service.go:79.42,81.3 1 3
github.com/bakhod1r/guard/session/application/service.go:81.8,83.3 1 3
github.com/bakhod1r/guard/session/application/service.go:84.2,84.16 1 6
github.com/bakhod1r/guard/session/application/service.go:84.16,86.3 1 3
github.com/bakhod1r/guard/session/application/service.go:87.2,87.18 1 3
github.com/bakhod1r/guard/session/application/service.go:93.104,94.15 1 6
github.com/bakhod1r/guard/session/application/service.go:94.15,96.3 1 1
github.com/bakhod1r/guard/session/application/service.go:97.2,98.16 2 5
github.com/bakhod1r/guard/session/application/service.go:98.16,100.3 1 1
github.com/bakhod1r/guard/session/application/service.go:101.2,102.49 2 4
github.com/bakhod1r/guard/session/application/service.go:102.49,105.3 2 1
github.com/bakhod1r/guard/session/application/service.go:106.2,110.73 5 3
github.com/bakhod1r/guard/session/application/service.go:110.73,112.3 1 1
github.com/bakhod1r/guard/session/application/service.go:113.2,113.51 1 2
github.com/bakhod1r/guard/session/application/service.go:113.51,116.3 2 1
github.com/bakhod1r/guard/session/application/service.go:117.2,117.27 1 1
github.com/bakhod1r/guard/session/application/service.go:120.67,120.100 1 1
github.com/bakhod1r/guard/session/application/service.go:122.71,124.2 1 1
github.com/bakhod1r/guard/session/application/service.go:126.87,128.2 1 2
github.com/bakhod1r/guard/session/domain/session.go:27.23,31.2 3 4
github.com/bakhod1r/guard/session/domain/session.go:33.24,36.2 2 3
github.com/bakhod1r/guard/session/domain/session.go:48.29,50.2 1 1
github.com/bakhod1r/guard/session/domain/session.go:63.68,67.2 3 2
github.com/bakhod1r/guard/session/domain/session.go:70.56,71.72 1 6
github.com/bakhod1r/guard/session/domain/session.go:71.72,73.3 1 4
github.com/bakhod1r/guard/session/domain/session.go:74.2,74.12 1 2
github.com/bakhod1r/guard/session/domain/session.go:78.40,78.62 1 6
github.com/bakhod1r/guard/session/domain/session.go:81.62,84.22 3 2
github.com/bakhod1r/guard/session/domain/session.go:84.22,86.3 1 1
github.com/bakhod1r/guard/session/domain/session.go:87.2,87.21 1 2
github.com/bakhod1r/guard/session/domain/session.go:93.56,95.29 2 7
github.com/bakhod1r/guard/session/domain/session.go:95.29,97.3 1 4
github.com/bakhod1r/guard/session/domain/session.go:98.2,99.29 2 3
github.com/bakhod1r/guard/session/domain/session.go:99.29,100.19 1 18
github.com/bakhod1r/guard/session/domain/session.go:100.19,102.4 1 15
github.com/bakhod1r/guard/session/domain/session.go:104.2,104.41 1 3
github.com/bakhod1r/guard/session/domain/session.go:104.41,105.56 1 18
github.com/bakhod1r/guard/session/domain/session.go:105.56,107.4 1 15
github.com/bakhod1r/guard/session/domain/session.go:108.3,108.37 1 3
github.com/bakhod1r/guard/session/domain/session.go:110.2,111.36 2 3
github.com/bakhod1r/guard/session/domain/session.go:111.36,113.3 1 9
github.com/bakhod1r/guard/session/domain/session.go:114.2,114.12 1 3
github.com/bakhod1r/guard/session/infrastructure/redis.go:21.80,22.18 1 21
github.com/bakhod1r/guard/session/infrastructure/redis.go:22.18,24.3 1 1
github.com/bakhod1r/guard/session/infrastructure/redis.go:25.2,25.49 1 21
github.com/bakhod1r/guard/session/infrastructure/redis.go:28.52,28.97 1 1070
github.com/bakhod1r/guard/session/infrastructure/redis.go:29.52,29.96 1 97
github.com/bakhod1r/guard/session/infrastructure/redis.go:31.95,32.14 1 13
github.com/bakhod1r/guard/session/infrastructure/redis.go:32.14,34.3 1 2
github.com/bakhod1r/guard/session/infrastructure/redis.go:35.2,36.65 2 11
github.com/bakhod1r/guard/session/infrastructure/redis.go:36.65,42.3 5 11
github.com/bakhod1r/guard/session/infrastructure/redis.go:43.2,43.12 1 11
github.com/bakhod1r/guard/session/infrastructure/redis.go:46.89,48.31 2 32
github.com/bakhod1r/guard/session/infrastructure/redis.go:48.31,50.3 1 7
github.com/bakhod1r/guard/session/infrastructure/redis.go:51.2,51.16 1 25
github.com/bakhod1r/guard/session/infrastructure/redis.go:51.16,53.3 1 2
github.com/bakhod1r/guard/session/infrastructure/redis.go:54.2,55.46 2 23
github.com/bakhod1r/guard/session/infrastructure/redis.go:55.46,57.3 1 2
github.com/bakhod1r/guard/session/infrastructure/redis.go:58.2,58.16 1 21
github.com/bakhod1r/guard/session/infrastructure/redis.go:61.73,63.47 2 9
github.com/bakhod1r/guard/session/infrastructure/redis.go:63.47,65.3 1 3
github.com/bakhod1r/guard/session/infrastructure/redis.go:66.2,66.16 1 6
github.com/bakhod1r/guard/session/infrastructure/redis.go:66.16,68.3 1 1
github.com/bakhod1r/guard/session/infrastructure/redis.go:69.2,69.64 1 5
github.com/bakhod1r/guard/session/infrastructure/redis.go:69.64,73.3 3 5
github.com/bakhod1r/guard/session/infrastructure/redis.go:74.2,74.12 1 5
github.com/bakhod1r/guard/session/infrastructure/redis.go:77.99,79.16 2 6
github.com/bakhod1r/guard/session/infrastructure/redis.go:79.16,81.3 1 1
github.com/bakhod1r/guard/session/infrastructure/redis.go:82.2,84.25 3 5
github.com/bakhod1r/guard/session/infrastructure/redis.go:84.25,86.48 2 15
github.com/bakhod1r/guard/session/infrastructure/redis.go:86.48,88.12 2 1
github.com/bakhod1r/guard/session/infrastructure/redis.go:90.3,90.17 1 14
github.com/bakhod1r/guard/session/infrastructure/redis.go:90.17,92.4 1 1
github.com/bakhod1r/guard/session/infrastructure/redis.go:93.3,93.23 1 13
github.com/bakhod1r/guard/session/infrastructure/redis.go:95.2,95.20 1 4
github.com/bakhod1r/guard/session/infrastructure/redis.go:95.20,97.3 1 1
github.com/bakhod1r/guard/session/infrastructure/redis.go:98.2,98.17 1 4
github.com/bakhod1r/guard/session/infrastructure/redis.go:101.80,103.16 2 2
github.com/bakhod1r/guard/session/infrastructure/redis.go:103.16,105.3 1 1
github.com/bakhod1r/guard/session/infrastructure/redis.go:106.2,107.25 2 1
github.com/bakhod1r/guard/session/infrastructure/redis.go:107.25,109.3 1 1
github.com/bakhod1r/guard/session/infrastructure/redis.go:110.2,110.38 1 1
github.com/bakhod1r/guard/session/infrastructure/redis.go:115.96,116.14 1 6
github.com/bakhod1r/guard/session/infrastructure/redis.go:116.14,118.3 1 1
github.com/bakhod1r/guard/session/infrastructure/redis.go:119.2,121.31 3 5
github.com/bakhod1r/guard/session/infrastructure/redis.go:121.31,123.3 1 2
github.com/bakhod1r/guard/session/infrastructure/redis.go:124.2,124.12 1 3
github.com/bakhod1r/guard/session/infrastructure/redis.go:133.111,134.14 1 50
github.com/bakhod1r/guard/session/infrastructure/redis.go:134.14,136.3 1 1
github.com/bakhod1r/guard/session/infrastructure/redis.go:137.2,139.34 3 49
github.com/bakhod1r/guard/session/infrastructure/redis.go:139.34,141.17 2 211
github.com/bakhod1r/guard/session/infrastructure/redis.go:141.17,143.4 1 1
github.com/bakhod1r/guard/session/infrastructure/redis.go:144.3,146.19 3 210
github.com/bakhod1r/guard/session/infrastructure/redis.go:146.19,148.27 2 197
github.com/bakhod1r/guard/session/infrastructure/redis.go:148.27,150.5 1 740
github.com/bakhod1r/guard/session/infrastructure/redis.go:151.4,152.18 2 197
github.com/bakhod1r/guard/session/infrastructure/redis.go:152.18,154.5 1 1
github.com/bakhod1r/guard/session/infrastructure/redis.go:155.4,155.27 1 196
github.com/bakhod1r/guard/session/infrastructure/redis.go:155.27,157.12 2 739
github.com/bakhod1r/guard/session/infrastructure/redis.go:157.12,159.14 2 139
github.com/bakhod1r/guard/session/infrastructure/redis.go:161.5,162.61 2 600
github.com/bakhod1r/guard/session/infrastructure/redis.go:162.61,164.6 1 1
github.com/bakhod1r/guard/session/infrastructure/redis.go:165.5,165.30 1 599
github.com/bakhod1r/guard/session/infrastructure/redis.go:168.3,170.28 3 208
github.com/bakhod1r/guard/session/infrastructure/redis.go:170.28,173.4 2 68
github.com/bakhod1r/guard/session/infrastructure/redis.go:174.3,175.28 2 208
github.com/bakhod1r/guard/session/infrastructure/redis.go:175.28,176.54 1 807
github.com/bakhod1r/guard/session/infrastructure/redis.go:176.54,178.5 1 196
github.com/bakhod1r/guard/session/infrastructure/redis.go:180.3,180.62 1 208
github.com/bakhod1r/guard/session/infrastructure/redis.go:180.62,182.29 2 208
github.com/bakhod1r/guard/session/infrastructure/redis.go:182.29,184.5 1 68
github.com/bakhod1r/guard/session/infrastructure/redis.go:185.4,185.21 1 208
github.com/bakhod1r/guard/session/infrastructure/redis.go:185.21,187.5 1 101
github.com/bakhod1r/guard/session/infrastructure/redis.go:188.4,190.14 3 208
github.com/bakhod1r/guard/session/infrastructure/redis.go:192.3,192.13 1 208
github.com/bakhod1r/guard/session/infrastructure/redis.go:194.2,195.38 2 49
github.com/bakhod1r/guard/session/infrastructure/redis.go:195.38,196.74 1 212
github.com/bakhod1r/guard/session/infrastructure/redis.go:196.74,198.4 1 48
github.com/bakhod1r/guard/session/infrastructure/redis.go:200.3,200.79 1 164
github.com/bakhod1r/guard/session/infrastructure/redis.go:202.2,202.12 1 1
