mode: atomic
github.com/bakhod1r/guard/guard.go:109.80,110.14 1 13
github.com/bakhod1r/guard/guard.go:110.14,112.3 1 10
github.com/bakhod1r/guard/guard.go:113.2,114.16 2 3
github.com/bakhod1r/guard/guard.go:114.16,116.3 1 2
github.com/bakhod1r/guard/guard.go:117.2,117.45 1 1
github.com/bakhod1r/guard/guard.go:120.114,121.20 1 5
github.com/bakhod1r/guard/guard.go:121.20,123.3 1 4
github.com/bakhod1r/guard/guard.go:124.2,124.22 1 5
github.com/bakhod1r/guard/guard.go:124.22,125.31 1 4
github.com/bakhod1r/guard/guard.go:125.31,127.4 1 1
github.com/bakhod1r/guard/guard.go:129.2,129.10 1 5
github.com/bakhod1r/guard/guard.go:164.38,165.39 1 13
github.com/bakhod1r/guard/guard.go:165.39,167.3 1 3
github.com/bakhod1r/guard/guard.go:168.2,169.16 2 10
github.com/bakhod1r/guard/guard.go:169.16,171.3 1 1
github.com/bakhod1r/guard/guard.go:172.2,173.19 2 9
github.com/bakhod1r/guard/guard.go:173.19,175.3 1 8
github.com/bakhod1r/guard/guard.go:176.2,181.28 6 9
github.com/bakhod1r/guard/guard.go:181.28,185.24 4 3
github.com/bakhod1r/guard/guard.go:185.24,187.4 1 1
github.com/bakhod1r/guard/guard.go:189.2,191.29 3 9
github.com/bakhod1r/guard/guard.go:191.29,198.3 3 2
github.com/bakhod1r/guard/guard.go:199.2,211.15 4 9
github.com/bakhod1r/guard/guard.go:226.47,229.25 3 63
github.com/bakhod1r/guard/guard.go:230.10,231.27 1 59
github.com/bakhod1r/guard/guard.go:232.11,233.23 1 2
github.com/bakhod1r/guard/guard.go:235.2,235.25 1 63
github.com/bakhod1r/guard/guard.go:235.25,237.3 1 60
github.com/bakhod1r/guard/guard.go:238.2,238.28 1 63
github.com/bakhod1r/guard/guard.go:238.28,240.3 1 62
github.com/bakhod1r/guard/guard.go:241.2,241.23 1 63
github.com/bakhod1r/guard/guard.go:241.23,243.3 1 54
github.com/bakhod1r/guard/guard.go:244.2,245.42 2 63
github.com/bakhod1r/guard/guard.go:245.42,248.3 2 2
github.com/bakhod1r/guard/guard.go:249.2,261.3 1 63
github.com/bakhod1r/guard/guard.go:266.51,268.24 2 66
github.com/bakhod1r/guard/guard.go:268.24,270.3 1 64
github.com/bakhod1r/guard/guard.go:271.2,271.28 1 66
github.com/bakhod1r/guard/guard.go:271.28,273.3 1 64
github.com/bakhod1r/guard/guard.go:274.2,274.10 1 66
github.com/bakhod1r/guard/guard.go:277.39,279.24 2 65
github.com/bakhod1r/guard/guard.go:279.24,281.3 1 63
github.com/bakhod1r/guard/guard.go:282.2,282.21 1 65
github.com/bakhod1r/guard/guard.go:282.21,284.3 1 63
github.com/bakhod1r/guard/guard.go:285.2,285.10 1 65
github.com/bakhod1r/guard/guard.go:289.71,290.26 1 3
github.com/bakhod1r/guard/guard.go:290.26,292.3 1 1
github.com/bakhod1r/guard/guard.go:293.2,293.36 1 2
github.com/bakhod1r/guard/guard.go:299.61,300.26 1 6
github.com/bakhod1r/guard/guard.go:300.26,302.3 1 1
github.com/bakhod1r/guard/guard.go:303.2,308.16 4 5
github.com/bakhod1r/guard/guard.go:308.16,310.3 1 4
github.com/bakhod1r/guard/guard.go:311.2,311.16 1 5
github.com/bakhod1r/guard/guard.go:311.16,313.3 1 1
github.com/bakhod1r/guard/guard.go:314.2,314.12 1 4
github.com/bakhod1r/guard/guard.go:319.104,321.16 2 2
github.com/bakhod1r/guard/guard.go:321.16,323.3 1 1
github.com/bakhod1r/guard/guard.go:324.2,325.20 2 1
github.com/bakhod1r/guard/guard.go:329.74,330.17 1 14
github.com/bakhod1r/guard/guard.go:330.17,332.3 1 3
github.com/bakhod1r/guard/guard.go:333.2,333.64 1 11
github.com/bakhod1r/guard/guard.go:338.84,340.16 2 4
github.com/bakhod1r/guard/guard.go:340.16,342.3 1 2
github.com/bakhod1r/guard/guard.go:343.2,343.35 1 2
github.com/bakhod1r/guard/guard.go:348.64,350.16 2 7
github.com/bakhod1r/guard/guard.go:350.16,352.3 1 2
github.com/bakhod1r/guard/guard.go:353.2,353.43 1 5
github.com/bakhod1r/guard/guard.go:362.60,363.20 1 92
github.com/bakhod1r/guard/guard.go:363.20,364.48 1 91
github.com/bakhod1r/guard/guard.go:364.48,366.4 1 1
github.com/bakhod1r/guard/guard.go:375.51,376.35 1 5
github.com/bakhod1r/guard/guard.go:376.35,378.3 1 1
github.com/bakhod1r/guard/guard.go:379.2,380.17 2 4
github.com/bakhod1r/guard/guard.go:380.17,382.38 2 2
github.com/bakhod1r/guard/guard.go:382.38,384.4 1 1
github.com/bakhod1r/guard/guard.go:385.3,385.11 1 2
github.com/bakhod1r/guard/guard.go:387.2,387.20 1 4
github.com/bakhod1r/guard/guard.go:387.20,389.47 2 4
github.com/bakhod1r/guard/guard.go:389.47,391.4 1 1
github.com/bakhod1r/guard/guard.go:392.3,392.11 1 4
github.com/bakhod1r/guard/guard.go:394.2,394.29 1 4
github.com/bakhod1r/guard/guard.go:400.50,402.25 2 6
github.com/bakhod1r/guard/guard.go:402.25,404.3 1 2
github.com/bakhod1r/guard/guard.go:405.2,405.26 1 6
github.com/bakhod1r/guard/guard.go:405.26,407.3 1 3
github.com/bakhod1r/guard/guard.go:408.2,408.29 1 6
github.com/bakhod1r/guard/guard.go:412.44,415.2 2 2
github.com/bakhod1r/guard/guard.go:419.139,421.16 2 43
github.com/bakhod1r/guard/guard.go:421.16,423.3 1 3
github.com/bakhod1r/guard/guard.go:424.2,424.25 1 40
github.com/bakhod1r/guard/guard.go:424.25,425.137 1 39
github.com/bakhod1r/guard/guard.go:425.137,427.4 1 1
github.com/bakhod1r/guard/guard.go:429.2,430.15 2 39
github.com/bakhod1r/guard/guard.go:434.92,435.93 1 4
github.com/bakhod1r/guard/guard.go:435.93,437.3 1 2
github.com/bakhod1r/guard/guard.go:438.2,438.58 1 2
github.com/bakhod1r/guard/guard.go:438.58,440.3 1 1
github.com/bakhod1r/guard/guard.go:441.2,442.12 2 1
github.com/bakhod1r/guard/guard.go:451.108,453.16 2 14
github.com/bakhod1r/guard/guard.go:453.16,458.3 3 2
github.com/bakhod1r/guard/guard.go:459.2,460.16 2 12
github.com/bakhod1r/guard/guard.go:460.16,462.3 1 1
github.com/bakhod1r/guard/guard.go:463.2,464.59 2 11
github.com/bakhod1r/guard/guard.go:467.83,468.22 1 3
github.com/bakhod1r/guard/guard.go:468.22,470.3 1 1
github.com/bakhod1r/guard/guard.go:471.2,471.61 1 2
github.com/bakhod1r/guard/guard.go:471.61,473.3 1 1
github.com/bakhod1r/guard/guard.go:474.2,475.12 2 1
github.com/bakhod1r/guard/guard.go:490.90,491.43 1 21
github.com/bakhod1r/guard/guard.go:491.43,493.17 2 7
github.com/bakhod1r/guard/guard.go:493.17,495.4 1 3
github.com/bakhod1r/guard/guard.go:496.3,496.67 1 4
github.com/bakhod1r/guard/guard.go:496.68,496.69 0 1
github.com/bakhod1r/guard/guard.go:498.2,499.16 2 14
github.com/bakhod1r/guard/guard.go:499.16,501.3 1 4
github.com/bakhod1r/guard/guard.go:502.2,502.67 1 10
github.com/bakhod1r/guard/guard.go:502.67,502.103 1 1
github.com/bakhod1r/guard/guard.go:505.119,507.52 2 14
github.com/bakhod1r/guard/guard.go:507.52,510.3 2 2
github.com/bakhod1r/guard/guard.go:511.2,511.16 1 12
github.com/bakhod1r/guard/guard.go:511.16,513.3 1 1
github.com/bakhod1r/guard/guard.go:514.2,514.37 1 11
github.com/bakhod1r/guard/guard.go:514.37,515.23 1 2
github.com/bakhod1r/guard/guard.go:515.23,517.4 1 1
github.com/bakhod1r/guard/guard.go:518.3,518.18 1 2
github.com/bakhod1r/guard/guard.go:520.2,521.16 2 9
github.com/bakhod1r/guard/guard.go:521.16,523.3 1 1
github.com/bakhod1r/guard/guard.go:524.2,525.15 2 8
github.com/bakhod1r/guard/guard.go:529.129,530.59 1 10
github.com/bakhod1r/guard/guard.go:530.59,532.3 1 2
github.com/bakhod1r/guard/guard.go:533.2,534.38 2 8
github.com/bakhod1r/guard/guard.go:534.38,536.3 1 8
github.com/bakhod1r/guard/guard.go:537.2,540.18 4 8
github.com/bakhod1r/guard/guard.go:540.18,542.3 1 1
github.com/bakhod1r/guard/guard.go:543.2,548.4 1 8
github.com/bakhod1r/guard/guard.go:552.97,553.69 1 7
github.com/bakhod1r/guard/guard.go:553.69,555.3 1 1
github.com/bakhod1r/guard/guard.go:556.2,556.89 1 6
github.com/bakhod1r/guard/guard.go:556.89,558.3 1 1
github.com/bakhod1r/guard/guard.go:559.2,559.87 1 5
github.com/bakhod1r/guard/guard.go:559.87,560.59 1 4
github.com/bakhod1r/guard/guard.go:560.59,562.4 1 1
github.com/bakhod1r/guard/guard.go:564.2,565.12 2 4
github.com/bakhod1r/guard/guard.go:570.164,571.22 1 9
github.com/bakhod1r/guard/guard.go:571.22,573.3 1 1
github.com/bakhod1r/guard/guard.go:574.2,575.16 2 8
github.com/bakhod1r/guard/guard.go:575.16,577.3 1 2
github.com/bakhod1r/guard/guard.go:578.2,580.20 2 6
github.com/bakhod1r/guard/guard.go:585.97,587.53 2 7
github.com/bakhod1r/guard/guard.go:587.53,589.3 1 3
github.com/bakhod1r/guard/guard.go:590.2,590.16 1 7
github.com/bakhod1r/guard/guard.go:590.16,592.3 1 2
github.com/bakhod1r/guard/guard.go:593.2,593.81 1 5
github.com/bakhod1r/guard/guard.go:593.81,595.3 1 1
github.com/bakhod1r/guard/guard.go:596.2,596.15 1 4
github.com/bakhod1r/guard/guard_routes.go:25.60,26.17 1 6
github.com/bakhod1r/guard/guard_routes.go:26.17,28.3 1 3
github.com/bakhod1r/guard/guard_routes.go:29.2,29.44 1 3
github.com/bakhod1r/guard/guard_routes.go:36.110,40.16 3 4
github.com/bakhod1r/guard/guard_routes.go:40.16,42.3 1 1
github.com/bakhod1r/guard/guard_routes.go:43.2,44.24 2 4
github.com/bakhod1r/guard/guard_routes.go:44.24,46.3 1 1
github.com/bakhod1r/guard/guard_routes.go:47.2,47.17 1 4
github.com/bakhod1r/guard/guard_routes.go:51.72,53.16 2 2
github.com/bakhod1r/guard/guard_routes.go:53.16,55.3 1 1
github.com/bakhod1r/guard/guard_routes.go:56.2,56.28 1 1
github.com/bakhod1r/guard/guard_superadmin.go:28.102,30.53 2 8
github.com/bakhod1r/guard/guard_superadmin.go:30.53,32.3 1 5
github.com/bakhod1r/guard/guard_superadmin.go:33.2,33.16 1 8
github.com/bakhod1r/guard/guard_superadmin.go:33.16,35.3 1 6
github.com/bakhod1r/guard/guard_superadmin.go:36.2,37.16 2 8
github.com/bakhod1r/guard/guard_superadmin.go:37.16,39.3 1 3
github.com/bakhod1r/guard/guard_superadmin.go:40.2,40.15 1 5
github.com/bakhod1r/guard/guard_superadmin.go:44.68,44.104 1 2
github.com/bakhod1r/guard/guard_superadmin.go:47.80,49.2 1 1
github.com/bakhod1r/guard/guard_superadmin.go:53.107,57.2 3 6
github.com/bakhod1r/guard/guard_superadmin.go:62.87,66.2 3 4
github.com/bakhod1r/guard/guard_superadmin.go:68.121,70.9 2 10
github.com/bakhod1r/guard/guard_superadmin.go:71.97,72.90 1 2
github.com/bakhod1r/guard/guard_superadmin.go:73.44,74.25 1 4
github.com/bakhod1r/guard/guard_superadmin.go:76.2,76.18 1 10
github.com/bakhod1r/guard/guard_superadmin.go:81.96,82.87 1 16
github.com/bakhod1r/guard/guard_superadmin.go:82.87,84.3 1 2
github.com/bakhod1r/guard/guard_superadmin.go:85.2,85.97 1 14
github.com/bakhod1r/guard/guard_superadmin.go:85.97,87.53 2 6
github.com/bakhod1r/guard/guard_superadmin.go:87.53,89.4 1 1
github.com/bakhod1r/guard/guard_superadmin.go:90.3,90.17 1 5
github.com/bakhod1r/guard/guard_superadmin.go:90.17,92.4 1 1
github.com/bakhod1r/guard/guard_superadmin.go:93.3,93.34 1 4
github.com/bakhod1r/guard/guard_superadmin.go:95.2,95.9 1 14
github.com/bakhod1r/guard/guard_superadmin.go:96.58,99.13 2 5
github.com/bakhod1r/guard/guard_superadmin.go:100.54,101.165 1 5
github.com/bakhod1r/guard/guard_superadmin.go:103.2,103.12 1 9
github.com/bakhod1r/guard/access/application/autoseed.go:22.112,25.27 3 10
github.com/bakhod1r/guard/access/application/autoseed.go:25.27,27.17 2 33
github.com/bakhod1r/guard/access/application/autoseed.go:27.17,29.12 2 8
github.com/bakhod1r/guard/access/application/autoseed.go:31.3,31.21 1 25
github.com/bakhod1r/guard/access/application/autoseed.go:31.21,32.12 1 8
github.com/bakhod1r/guard/access/application/autoseed.go:34.3,36.17 3 17
github.com/bakhod1r/guard/access/application/autoseed.go:36.17,38.4 1 1
github.com/bakhod1r/guard/access/application/autoseed.go:39.3,39.53 1 16
github.com/bakhod1r/guard/access/application/autoseed.go:41.2,41.21 1 9
github.com/bakhod1r/guard/access/application/autoseed.go:41.21,43.3 1 1
github.com/bakhod1r/guard/access/application/autoseed.go:44.2,45.44 2 8
github.com/bakhod1r/guard/access/application/autoseed.go:45.44,48.3 2 2
github.com/bakhod1r/guard/access/application/autoseed.go:49.2,49.33 1 6
github.com/bakhod1r/guard/access/application/autoseed.go:49.33,51.3 1 3
github.com/bakhod1r/guard/access/application/autoseed.go:52.2,52.36 1 3
github.com/bakhod1r/guard/access/application/autoseed.go:52.36,53.73 1 5
github.com/bakhod1r/guard/access/application/autoseed.go:53.73,55.4 1 1
github.com/bakhod1r/guard/access/application/autoseed.go:57.2,57.17 1 2
github.com/bakhod1r/guard/access/application/routesync.go:40.59,41.9 1 15
github.com/bakhod1r/guard/access/application/routesync.go:42.26,43.33 1 12
github.com/bakhod1r/guard/access/application/routesync.go:44.54,45.20 1 2
github.com/bakhod1r/guard/access/application/routesync.go:47.2,47.20 1 15
github.com/bakhod1r/guard/access/application/routesync.go:48.10,49.22 1 12
github.com/bakhod1r/guard/access/application/routesync.go:50.11,51.18 1 1
github.com/bakhod1r/guard/access/application/routesync.go:53.2,53.26 1 15
github.com/bakhod1r/guard/access/application/routesync.go:53.26,55.3 1 12
github.com/bakhod1r/guard/access/application/routesync.go:56.2,56.10 1 15
github.com/bakhod1r/guard/access/application/routesync.go:68.153,72.16 4 15
github.com/bakhod1r/guard/access/application/routesync.go:72.16,74.3 1 1
github.com/bakhod1r/guard/access/application/routesync.go:75.2,76.29 2 14
github.com/bakhod1r/guard/access/application/routesync.go:76.29,78.3 1 13
github.com/bakhod1r/guard/access/application/routesync.go:79.2,80.16 2 14
github.com/bakhod1r/guard/access/application/routesync.go:80.16,82.17 2 9
github.com/bakhod1r/guard/access/application/routesync.go:82.17,84.4 1 1
github.com/bakhod1r/guard/access/application/routesync.go:85.3,85.26 1 8
github.com/bakhod1r/guard/access/application/routesync.go:85.26,87.4 1 10
github.com/bakhod1r/guard/access/application/routesync.go:90.2,93.27 4 13
github.com/bakhod1r/guard/access/application/routesync.go:93.27,95.17 2 50
github.com/bakhod1r/guard/access/application/routesync.go:95.17,96.83 1 8
github.com/bakhod1r/guard/access/application/routesync.go:96.83,98.5 1 1
github.com/bakhod1r/guard/access/application/routesync.go:99.4,100.12 2 7
github.com/bakhod1r/guard/access/application/routesync.go:102.3,104.22 3 42
github.com/bakhod1r/guard/access/application/routesync.go:104.22,106.59 2 31
github.com/bakhod1r/guard/access/application/routesync.go:106.59,108.5 1 1
github.com/bakhod1r/guard/access/application/routesync.go:109.4,111.30 3 30
github.com/bakhod1r/guard/access/application/routesync.go:112.9,112.39 1 11
github.com/bakhod1r/guard/access/application/routesync.go:112.39,114.4 1 6
github.com/bakhod1r/guard/access/application/routesync.go:115.3,115.22 1 41
github.com/bakhod1r/guard/access/application/routesync.go:115.22,118.4 2 33
github.com/bakhod1r/guard/access/application/routesync.go:121.2,121.35 1 11
github.com/bakhod1r/guard/access/application/routesync.go:121.35,123.45 2 16
github.com/bakhod1r/guard/access/application/routesync.go:123.45,125.12 2 6
github.com/bakhod1r/guard/access/application/routesync.go:127.3,127.17 1 10
github.com/bakhod1r/guard/access/application/routesync.go:127.17,129.4 1 1
github.com/bakhod1r/guard/access/application/routesync.go:130.3,131.20 2 9
github.com/bakhod1r/guard/access/application/routesync.go:131.20,132.12 1 1
github.com/bakhod1r/guard/access/application/routesync.go:134.3,134.37 1 8
github.com/bakhod1r/guard/access/application/routesync.go:134.37,135.68 1 21
github.com/bakhod1r/guard/access/application/routesync.go:135.68,137.5 1 1
github.com/bakhod1r/guard/access/application/routesync.go:141.2,141.22 1 9
github.com/bakhod1r/guard/access/application/routesync.go:141.22,143.35 2 8
github.com/bakhod1r/guard/access/application/routesync.go:143.35,145.4 1 9
github.com/bakhod1r/guard/access/application/routesync.go:146.3,146.37 1 8
github.com/bakhod1r/guard/access/application/routesync.go:146.37,147.50 1 21
github.com/bakhod1r/guard/access/application/routesync.go:147.50,148.13 1 10
github.com/bakhod1r/guard/access/application/routesync.go:150.4,151.46 2 11
github.com/bakhod1r/guard/access/application/routesync.go:151.46,152.10 1 1
github.com/bakhod1r/guard/access/application/routesync.go:154.4,154.18 1 10
github.com/bakhod1r/guard/access/application/routesync.go:154.18,156.5 1 1
github.com/bakhod1r/guard/access/application/routesync.go:160.2,160.16 1 8
github.com/bakhod1r/guard/access/application/routesync.go:160.16,162.3 1 3
github.com/bakhod1r/guard/access/application/routesync.go:163.2,163.58 1 5
github.com/bakhod1r/guard/access/application/routesync.go:163.58,165.3 1 1
github.com/bakhod1r/guard/access/application/routesync.go:166.2,167.17 2 4
github.com/bakhod1r/guard/access/application/service.go:19.89,21.2 1 30
github.com/bakhod1r/guard/access/application/service.go:24.90,26.16 2 23
github.com/bakhod1r/guard/access/application/service.go:26.16,28.3 1 5
github.com/bakhod1r/guard/access/application/service.go:29.2,31.27 3 18
github.com/bakhod1r/guard/access/application/service.go:31.27,32.20 1 19
github.com/bakhod1r/guard/access/application/service.go:32.20,34.4 1 18
github.com/bakhod1r/guard/access/application/service.go:36.2,36.19 1 18
github.com/bakhod1r/guard/access/application/service.go:40.93,41.50 1 5
github.com/bakhod1r/guard/access/application/service.go:41.50,43.17 2 3
github.com/bakhod1r/guard/access/application/service.go:43.17,45.4 1 1
github.com/bakhod1r/guard/access/application/service.go:46.3,46.26 1 2
github.com/bakhod1r/guard/access/application/service.go:48.2,48.26 1 4
github.com/bakhod1r/guard/access/application/service.go:48.26,50.3 1 3
github.com/bakhod1r/guard/access/application/service.go:51.2,51.40 1 4
github.com/bakhod1r/guard/access/application/service.go:51.40,53.3 1 3
github.com/bakhod1r/guard/access/application/service.go:54.2,55.16 2 4
github.com/bakhod1r/guard/access/application/service.go:55.16,57.3 1 1
github.com/bakhod1r/guard/access/application/service.go:58.2,58.40 1 3
github.com/bakhod1r/guard/access/application/service.go:61.121,63.16 2 50
github.com/bakhod1r/guard/access/application/service.go:63.16,65.3 1 1
github.com/bakhod1r/guard/access/application/service.go:66.2,66.54 1 49
github.com/bakhod1r/guard/access/application/service.go:66.54,68.3 1 2
github.com/bakhod1r/guard/access/application/service.go:69.2,69.18 1 47
github.com/bakhod1r/guard/access/application/service.go:72.70,74.16 2 3
github.com/bakhod1r/guard/access/application/service.go:74.16,76.3 1 1
github.com/bakhod1r/guard/access/application/service.go:77.2,77.19 1 2
github.com/bakhod1r/guard/access/application/service.go:77.19,79.3 1 1
github.com/bakhod1r/guard/access/application/service.go:80.2,80.38 1 1
github.com/bakhod1r/guard/access/application/service.go:83.80,85.2 1 20
github.com/bakhod1r/guard/access/application/service.go:87.73,89.2 1 1
github.com/bakhod1r/guard/access/application/service.go:91.110,93.16 2 21
github.com/bakhod1r/guard/access/application/service.go:93.16,95.3 1 1
github.com/bakhod1r/guard/access/application/service.go:96.2,97.44 2 20
github.com/bakhod1r/guard/access/application/service.go:100.85,102.2 1 3
github.com/bakhod1r/guard/access/application/service.go:104.92,106.16 2 8
github.com/bakhod1r/guard/access/application/service.go:106.16,108.3 1 1
github.com/bakhod1r/guard/access/application/service.go:109.2,109.57 1 7
github.com/bakhod1r/guard/access/application/service.go:112.82,114.16 2 3
github.com/bakhod1r/guard/access/application/service.go:114.16,116.3 1 1
github.com/bakhod1r/guard/access/application/service.go:117.2,117.47 1 2
github.com/bakhod1r/guard/access/application/service.go:123.111,124.55 1 20
github.com/bakhod1r/guard/access/application/service.go:124.55,126.3 1 1
github.com/bakhod1r/guard/access/application/service.go:127.2,127.21 1 19
github.com/bakhod1r/guard/access/application/service.go:127.21,128.64 1 12
github.com/bakhod1r/guard/access/application/service.go:128.64,130.4 1 3
github.com/bakhod1r/guard/access/application/service.go:132.2,132.68 1 16
github.com/bakhod1r/guard/access/application/service.go:138.80,139.35 1 7
github.com/bakhod1r/guard/access/application/service.go:139.35,141.17 2 4
github.com/bakhod1r/guard/access/application/service.go:141.17,143.4 1 1
github.com/bakhod1r/guard/access/application/service.go:144.3,144.80 1 3
github.com/bakhod1r/guard/access/application/service.go:144.80,146.4 1 3
github.com/bakhod1r/guard/access/application/service.go:148.2,148.48 1 3
github.com/bakhod1r/guard/access/application/service.go:151.90,153.2 1 2
github.com/bakhod1r/guard/access/application/service.go:156.75,157.37 1 4
github.com/bakhod1r/guard/access/application/service.go:157.37,159.3 1 1
github.com/bakhod1r/guard/access/application/service.go:160.2,160.16 1 3
github.com/bakhod1r/guard/access/application/service.go:160.16,162.3 1 2
github.com/bakhod1r/guard/access/application/service.go:163.2,163.38 1 3
github.com/bakhod1r/guard/access/application/service.go:166.70,168.2 1 1
github.com/bakhod1r/guard/access/application/service.go:170.82,172.2 1 2
github.com/bakhod1r/guard/access/application/service.go:174.78,176.2 1 1
github.com/bakhod1r/guard/access/application/superadmin.go:10.83,11.36 1 17
github.com/bakhod1r/guard/access/application/superadmin.go:11.36,13.3 1 2
github.com/bakhod1r/guard/access/application/superadmin.go:14.2,15.16 2 15
github.com/bakhod1r/guard/access/application/superadmin.go:15.16,17.3 1 2
github.com/bakhod1r/guard/access/application/superadmin.go:18.2,18.48 1 13
github.com/bakhod1r/guard/access/application/superadmin.go:21.66,23.9 2 12
github.com/bakhod1r/guard/access/application/superadmin.go:23.9,25.3 1 3
github.com/bakhod1r/guard/access/application/superadmin.go:26.2,26.15 1 9
github.com/bakhod1r/guard/access/application/superadmin.go:31.91,32.61 1 5
github.com/bakhod1r/guard/access/application/superadmin.go:32.61,34.3 1 2
github.com/bakhod1r/guard/access/application/superadmin.go:35.2,35.42 1 3
github.com/bakhod1r/guard/access/application/superadmin.go:39.70,41.16 2 8
github.com/bakhod1r/guard/access/application/superadmin.go:41.16,43.3 1 2
github.com/bakhod1r/guard/access/application/superadmin.go:44.2,44.50 1 6
github.com/bakhod1r/guard/access/application/superadmin.go:48.82,50.16 2 3
github.com/bakhod1r/guard/access/application/superadmin.go:50.16,52.3 1 1
github.com/bakhod1r/guard/access/application/superadmin.go:53.2,53.41 1 2
github.com/bakhod1r/guard/access/application/superadmin.go:58.131,60.16 2 6
github.com/bakhod1r/guard/access/application/superadmin.go:60.16,62.3 1 1
github.com/bakhod1r/guard/access/application/superadmin.go:63.2,64.25 2 5
github.com/bakhod1r/guard/access/application/superadmin.go:64.25,65.19 1 8
github.com/bakhod1r/guard/access/application/superadmin.go:65.19,67.18 2 5
github.com/bakhod1r/guard/access/application/superadmin.go:67.18,69.5 1 1
github.com/bakhod1r/guard/access/application/superadmin.go:70.4,70.15 1 4
github.com/bakhod1r/guard/access/application/superadmin.go:70.15,71.13 1 2
github.com/bakhod1r/guard/access/application/superadmin.go:74.3,74.30 1 5
github.com/bakhod1r/guard/access/application/superadmin.go:76.2,76.53 1 4
github.com/bakhod1r/guard/access/domain/access.go:48.55,50.65 2 25
github.com/bakhod1r/guard/access/domain/access.go:50.65,52.3 1 11
github.com/bakhod1r/guard/access/domain/access.go:53.2,53.52 1 14
github.com/bakhod1r/guard/access/domain/access.go:56.35,56.73 1 13
github.com/bakhod1r/guard/access/domain/access.go:58.58,60.2 1 7
github.com/bakhod1r/guard/access/domain/access.go:71.77,72.31 1 3
github.com/bakhod1r/guard/access/domain/access.go:72.31,74.3 1 1
github.com/bakhod1r/guard/access/domain/access.go:75.2,75.36 1 2
github.com/bakhod1r/guard/access/domain/access.go:75.36,77.3 1 1
github.com/bakhod1r/guard/access/domain/access.go:78.2,78.120 1 2
github.com/bakhod1r/guard/access/domain/access.go:81.52,82.16 1 8
github.com/bakhod1r/guard/access/domain/access.go:82.16,84.3 1 2
github.com/bakhod1r/guard/access/domain/access.go:85.2,85.34 1 6
github.com/bakhod1r/guard/access/domain/access.go:85.34,86.33 1 6
github.com/bakhod1r/guard/access/domain/access.go:86.33,88.4 1 2
github.com/bakhod1r/guard/access/domain/access.go:90.2,90.14 1 4
github.com/bakhod1r/guard/access/domain/access.go:100.47,100.104 1 2
github.com/bakhod1r/guard/access/domain/access.go:160.35,161.43 1 14
github.com/bakhod1r/guard/access/domain/access.go:161.43,163.3 1 1
github.com/bakhod1r/guard/access/domain/access.go:164.2,164.37 1 13
github.com/bakhod1r/guard/access/domain/access.go:164.37,166.3 1 1
github.com/bakhod1r/guard/access/domain/access.go:167.2,167.56 1 12
github.com/bakhod1r/guard/access/domain/access.go:167.56,169.3 1 2
github.com/bakhod1r/guard/access/domain/access.go:170.2,170.19 1 10
github.com/bakhod1r/guard/access/domain/access.go:170.19,172.3 1 9
github.com/bakhod1r/guard/access/domain/access.go:173.2,173.12 1 1
github.com/bakhod1r/guard/access/domain/access.go:176.33,176.77 1 23
github.com/bakhod1r/guard/access/domain/access.go:178.52,179.31 1 19
github.com/bakhod1r/guard/access/domain/access.go:179.31,181.3 1 1
github.com/bakhod1r/guard/access/domain/access.go:182.2,182.22 1 18
github.com/bakhod1r/guard/access/domain/access.go:182.22,184.3 1 13
github.com/bakhod1r/guard/access/domain/access.go:185.2,185.43 1 18
github.com/bakhod1r/guard/access/domain/access.go:185.43,187.3 1 2
github.com/bakhod1r/guard/access/domain/access.go:188.2,188.33 1 16
github.com/bakhod1r/guard/access/domain/access.go:188.33,189.29 1 5
github.com/bakhod1r/guard/access/domain/access.go:189.29,191.4 1 1
github.com/bakhod1r/guard/access/domain/access.go:192.3,192.26 1 4
github.com/bakhod1r/guard/access/domain/access.go:192.26,194.4 1 1
github.com/bakhod1r/guard/access/domain/access.go:195.3,195.24 1 3
github.com/bakhod1r/guard/access/domain/access.go:195.24,197.4 1 1
github.com/bakhod1r/guard/access/domain/access.go:198.3,198.71 1 2
github.com/bakhod1r/guard/access/domain/access.go:198.71,200.4 1 1
github.com/bakhod1r/guard/access/domain/access.go:202.2,202.26 1 12
github.com/bakhod1r/guard/access/domain/access.go:202.26,203.57 1 10
github.com/bakhod1r/guard/access/domain/access.go:203.57,205.4 1 9
github.com/bakhod1r/guard/access/domain/access.go:207.2,207.12 1 3
github.com/bakhod1r/guard/access/domain/access.go:210.31,211.76 1 4
github.com/bakhod1r/guard/access/domain/access.go:211.76,212.59 1 7
github.com/bakhod1r/guard/access/domain/access.go:212.59,214.4 1 3
github.com/bakhod1r/guard/access/domain/access.go:216.2,216.14 1 1
github.com/bakhod1r/guard/access/domain/access.go:243.42,244.16 1 13
github.com/bakhod1r/guard/access/domain/access.go:244.16,246.3 1 1
github.com/bakhod1r/guard/access/domain/access.go:247.2,247.103 1 12
github.com/bakhod1r/guard/access/domain/access.go:247.103,249.3 1 2
github.com/bakhod1r/guard/access/domain/access.go:250.2,250.44 1 10
github.com/bakhod1r/guard/access/domain/access.go:254.52,256.29 2 9
github.com/bakhod1r/guard/access/domain/access.go:256.29,257.19 1 10
github.com/bakhod1r/guard/access/domain/access.go:257.19,259.4 1 7
github.com/bakhod1r/guard/access/domain/access.go:261.2,261.22 1 9
github.com/bakhod1r/guard/access/domain/access.go:261.22,262.49 1 4
github.com/bakhod1r/guard/access/domain/access.go:262.49,262.101 1 3
github.com/bakhod1r/guard/access/domain/access.go:263.3,264.29 2 4
github.com/bakhod1r/guard/access/domain/access.go:264.29,265.25 1 6
github.com/bakhod1r/guard/access/domain/access.go:265.25,266.10 1 1
github.com/bakhod1r/guard/access/domain/access.go:268.4,268.24 1 5
github.com/bakhod1r/guard/access/domain/access.go:268.24,270.5 1 2
github.com/bakhod1r/guard/access/domain/access.go:272.3,272.81 1 2
github.com/bakhod1r/guard/access/domain/access.go:274.2,274.39 1 5
github.com/bakhod1r/guard/access/domain/access.go:274.39,275.45 1 5
github.com/bakhod1r/guard/access/domain/access.go:275.45,277.4 1 2
github.com/bakhod1r/guard/access/domain/access.go:279.2,279.77 1 3
github.com/bakhod1r/guard/access/domain/condition.go:9.59,10.31 1 25
github.com/bakhod1r/guard/access/domain/condition.go:10.31,12.3 1 1
github.com/bakhod1r/guard/access/domain/condition.go:13.2,14.22 2 24
github.com/bakhod1r/guard/access/domain/condition.go:14.22,16.34 2 4
github.com/bakhod1r/guard/access/domain/condition.go:16.34,17.18 1 6
github.com/bakhod1r/guard/access/domain/condition.go:17.18,19.10 2 2
github.com/bakhod1r/guard/access/domain/condition.go:22.3,22.49 1 4
github.com/bakhod1r/guard/access/domain/condition.go:22.49,24.4 1 2
github.com/bakhod1r/guard/access/domain/condition.go:25.8,27.34 2 20
github.com/bakhod1r/guard/access/domain/condition.go:27.34,28.19 1 10
github.com/bakhod1r/guard/access/domain/condition.go:28.19,30.10 2 4
github.com/bakhod1r/guard/access/domain/condition.go:33.3,33.48 1 20
github.com/bakhod1r/guard/access/domain/condition.go:33.48,35.4 1 12
github.com/bakhod1r/guard/access/domain/condition.go:37.2,37.27 1 24
github.com/bakhod1r/guard/access/domain/condition.go:40.50,42.15 2 48
github.com/bakhod1r/guard/access/domain/condition.go:43.25,44.14 1 36
github.com/bakhod1r/guard/access/domain/condition.go:45.13,46.29 1 9
github.com/bakhod1r/guard/access/domain/condition.go:47.16,49.38 2 1
github.com/bakhod1r/guard/access/domain/condition.go:49.38,51.5 1 1
github.com/bakhod1r/guard/access/domain/condition.go:52.4,52.20 1 1
github.com/bakhod1r/guard/access/domain/condition.go:54.3,54.40 1 26
github.com/bakhod1r/guard/access/domain/condition.go:55.18,56.14 1 10
github.com/bakhod1r/guard/access/domain/condition.go:57.13,58.30 1 1
github.com/bakhod1r/guard/access/domain/condition.go:59.15,60.32 1 2
github.com/bakhod1r/guard/access/domain/condition.go:62.3,62.41 1 7
github.com/bakhod1r/guard/access/domain/condition.go:63.13,64.33 1 1
github.com/bakhod1r/guard/access/domain/condition.go:66.2,66.19 1 1
github.com/bakhod1r/guard/access/domain/condition.go:70.52,72.47 2 34
github.com/bakhod1r/guard/access/domain/condition.go:72.47,74.10 2 41
github.com/bakhod1r/guard/access/domain/condition.go:74.10,76.4 1 1
github.com/bakhod1r/guard/access/domain/condition.go:77.3,77.30 1 40
github.com/bakhod1r/guard/access/domain/condition.go:77.30,79.4 1 4
github.com/bakhod1r/guard/access/domain/condition.go:81.2,81.24 1 29
github.com/bakhod1r/guard/access/domain/condition.go:85.48,86.31 1 35
github.com/bakhod1r/guard/access/domain/condition.go:86.31,88.3 1 6
github.com/bakhod1r/guard/access/domain/condition.go:89.2,89.16 1 29
github.com/bakhod1r/guard/access/domain/condition.go:92.42,94.30 2 34
github.com/bakhod1r/guard/access/domain/condition.go:94.30,96.3 1 2
github.com/bakhod1r/guard/access/domain/condition.go:97.2,97.20 1 32
github.com/bakhod1r/guard/access/domain/condition.go:98.21,100.29 2 8
github.com/bakhod1r/guard/access/domain/condition.go:100.29,102.59 2 11
github.com/bakhod1r/guard/access/domain/condition.go:102.59,104.10 2 5
github.com/bakhod1r/guard/access/domain/condition.go:107.3,107.39 1 8
github.com/bakhod1r/guard/access/domain/condition.go:109.2,110.9 2 24
github.com/bakhod1r/guard/access/domain/condition.go:110.9,112.3 1 1
github.com/bakhod1r/guard/access/domain/condition.go:113.2,113.20 1 23
github.com/bakhod1r/guard/access/domain/condition.go:114.12,115.28 1 10
github.com/bakhod1r/guard/access/domain/condition.go:116.12,117.29 1 2
github.com/bakhod1r/guard/access/domain/condition.go:118.18,119.31 1 5
github.com/bakhod1r/guard/access/domain/condition.go:120.32,121.42 1 5
github.com/bakhod1r/guard/access/domain/condition.go:123.2,123.14 1 1
github.com/bakhod1r/guard/access/domain/condition.go:126.37,127.23 1 104
github.com/bakhod1r/guard/access/domain/condition.go:128.15,129.17 1 6
github.com/bakhod1r/guard/access/domain/condition.go:130.15,131.26 1 1
github.com/bakhod1r/guard/access/domain/condition.go:132.11,133.26 1 6
github.com/bakhod1r/guard/access/domain/condition.go:134.13,135.26 1 1
github.com/bakhod1r/guard/access/domain/condition.go:136.13,137.26 1 2
github.com/bakhod1r/guard/access/domain/condition.go:138.12,139.26 1 1
github.com/bakhod1r/guard/access/domain/condition.go:140.14,141.26 1 1
github.com/bakhod1r/guard/access/domain/condition.go:142.14,144.23 2 79
github.com/bakhod1r/guard/access/domain/condition.go:146.2,146.17 1 7
github.com/bakhod1r/guard/access/domain/condition.go:149.27,152.16 3 34
github.com/bakhod1r/guard/access/domain/condition.go:152.16,154.3 1 1
github.com/bakhod1r/guard/access/domain/condition.go:155.2,155.39 1 33
github.com/bakhod1r/guard/access/domain/condition.go:158.33,159.26 1 17
github.com/bakhod1r/guard/access/domain/condition.go:160.13,161.23 1 6
github.com/bakhod1r/guard/access/domain/condition.go:161.23,162.19 1 6
github.com/bakhod1r/guard/access/domain/condition.go:162.19,164.5 1 3
github.com/bakhod1r/guard/access/domain/condition.go:166.16,167.23 1 2
github.com/bakhod1r/guard/access/domain/condition.go:167.23,168.19 1 3
github.com/bakhod1r/guard/access/domain/condition.go:168.19,170.5 1 1
github.com/bakhod1r/guard/access/domain/condition.go:172.14,174.38 2 8
github.com/bakhod1r/guard/access/domain/condition.go:176.2,176.14 1 5
github.com/bakhod1r/guard/access/domain/condition.go:179.42,182.18 3 12
github.com/bakhod1r/guard/access/domain/condition.go:182.18,185.19 3 6
github.com/bakhod1r/guard/access/domain/condition.go:185.19,187.4 1 2
github.com/bakhod1r/guard/access/domain/condition.go:189.3,189.47 1 4
github.com/bakhod1r/guard/access/domain/condition.go:191.2,191.12 1 10
github.com/bakhod1r/guard/access/domain/condition.go:192.12,193.17 1 1
github.com/bakhod1r/guard/access/domain/condition.go:194.13,195.18 1 4
github.com/bakhod1r/guard/access/domain/condition.go:196.12,197.17 1 2
github.com/bakhod1r/guard/access/domain/condition.go:198.13,199.18 1 2
github.com/bakhod1r/guard/access/domain/condition.go:201.2,201.14 1 1
github.com/bakhod1r/guard/access/domain/route.go:18.71,21.77 3 17
github.com/bakhod1r/guard/access/domain/route.go:21.77,23.3 1 10
github.com/bakhod1r/guard/access/domain/route.go:24.2,25.47 2 17
github.com/bakhod1r/guard/access/domain/route.go:25.47,26.50 1 40
github.com/bakhod1r/guard/access/domain/route.go:26.50,27.12 1 25
github.com/bakhod1r/guard/access/domain/route.go:29.3,29.43 1 15
github.com/bakhod1r/guard/access/domain/route.go:31.2,32.9 2 17
github.com/bakhod1r/guard/access/domain/route.go:32.9,34.3 1 2
github.com/bakhod1r/guard/access/domain/route.go:35.2,36.24 2 17
github.com/bakhod1r/guard/access/domain/route.go:36.24,38.3 1 1
github.com/bakhod1r/guard/access/domain/route.go:39.2,39.49 1 17
github.com/bakhod1r/guard/access/domain/route.go:42.36,43.39 1 17
github.com/bakhod1r/guard/access/domain/route.go:43.39,44.10 1 164
github.com/bakhod1r/guard/access/domain/route.go:45.71,46.12 1 153
github.com/bakhod1r/guard/access/domain/route.go:47.29,48.26 1 9
github.com/bakhod1r/guard/access/domain/route.go:50.3,50.13 1 2
github.com/bakhod1r/guard/access/domain/route.go:55.43,57.2 1 5
github.com/bakhod1r/guard/access/domain/route.go:62.107,63.55 1 3
github.com/bakhod1r/guard/access/domain/route.go:63.55,65.3 1 2
github.com/bakhod1r/guard/access/domain/route.go:66.2,66.46 1 1
github.com/bakhod1r/guard/access/domain/route.go:81.35,81.72 1 1
github.com/bakhod1r/guard/access/domain/superadmin.go:27.41,27.95 1 9
github.com/bakhod1r/guard/access/domain/superadmin.go:30.39,31.26 1 7
github.com/bakhod1r/guard/access/domain/superadmin.go:31.26,32.31 1 7
github.com/bakhod1r/guard/access/domain/superadmin.go:32.31,34.4 1 3
github.com/bakhod1r/guard/access/domain/superadmin.go:36.2,36.14 1 4
github.com/bakhod1r/guard/access/domain/superadmin.go:41.64,42.58 1 5
github.com/bakhod1r/guard/access/domain/superadmin.go:42.58,44.3 1 2
github.com/bakhod1r/guard/access/domain/superadmin.go:45.2,45.12 1 3
github.com/bakhod1r/guard/access/domain/superadmin.go:50.67,52.28 2 4
github.com/bakhod1r/guard/access/domain/superadmin.go:52.28,53.18 1 4
github.com/bakhod1r/guard/access/domain/superadmin.go:53.18,55.4 1 2
github.com/bakhod1r/guard/access/domain/superadmin.go:57.2,57.31 1 4
github.com/bakhod1r/guard/access/domain/superadmin.go:57.31,59.3 1 1
github.com/bakhod1r/guard/access/domain/superadmin.go:60.2,60.12 1 3
github.com/bakhod1r/guard/access/infrastructure/cached.go:98.133,99.19 1 20
github.com/bakhod1r/guard/access/infrastructure/cached.go:99.19,101.3 1 14
github.com/bakhod1r/guard/access/infrastructure/cached.go:102.2,102.23 1 20
github.com/bakhod1r/guard/access/infrastructure/cached.go:102.23,104.3 1 16
github.com/bakhod1r/guard/access/infrastructure/cached.go:105.2,105.26 1 20
github.com/bakhod1r/guard/access/infrastructure/cached.go:105.26,107.3 1 19
github.com/bakhod1r/guard/access/infrastructure/cached.go:108.2,108.27 1 20
github.com/bakhod1r/guard/access/infrastructure/cached.go:108.27,110.3 1 20
github.com/bakhod1r/guard/access/infrastructure/cached.go:111.2,111.25 1 20
github.com/bakhod1r/guard/access/infrastructure/cached.go:111.25,112.30 1 19
github.com/bakhod1r/guard/access/infrastructure/cached.go:112.31,112.32 0 5
github.com/bakhod1r/guard/access/infrastructure/cached.go:114.2,120.3 1 20
github.com/bakhod1r/guard/access/infrastructure/cached.go:124.37,127.2 1 22
github.com/bakhod1r/guard/access/infrastructure/cached.go:132.26,136.2 3 30
github.com/bakhod1r/guard/access/infrastructure/cached.go:139.50,141.2 1 30
github.com/bakhod1r/guard/access/infrastructure/cached.go:145.62,147.18 2 132
github.com/bakhod1r/guard/access/infrastructure/cached.go:147.18,149.3 1 25
github.com/bakhod1r/guard/access/infrastructure/cached.go:150.2,151.31 2 107
github.com/bakhod1r/guard/access/infrastructure/cached.go:151.31,152.36 1 9
github.com/bakhod1r/guard/access/infrastructure/cached.go:152.36,154.4 1 8
github.com/bakhod1r/guard/access/infrastructure/cached.go:156.2,156.16 1 107
github.com/bakhod1r/guard/access/infrastructure/cached.go:156.16,159.3 2 5
github.com/bakhod1r/guard/access/infrastructure/cached.go:160.2,160.34 1 102
github.com/bakhod1r/guard/access/infrastructure/cached.go:166.50,168.18 2 26
github.com/bakhod1r/guard/access/infrastructure/cached.go:168.18,170.3 1 5
github.com/bakhod1r/guard/access/infrastructure/cached.go:172.2,174.16 3 21
github.com/bakhod1r/guard/access/infrastructure/cached.go:174.16,176.3 1 19
github.com/bakhod1r/guard/access/infrastructure/cached.go:177.2,177.16 1 21
github.com/bakhod1r/guard/access/infrastructure/cached.go:177.16,180.3 2 3
github.com/bakhod1r/guard/access/infrastructure/cached.go:183.131,188.9 3 132
github.com/bakhod1r/guard/access/infrastructure/cached.go:188.9,191.3 2 5
github.com/bakhod1r/guard/access/infrastructure/cached.go:192.2,194.84 3 127
github.com/bakhod1r/guard/access/infrastructure/cached.go:194.84,198.3 3 28
github.com/bakhod1r/guard/access/infrastructure/cached.go:199.2,202.14 4 99
github.com/bakhod1r/guard/access/infrastructure/cached.go:202.14,206.3 3 49
github.com/bakhod1r/guard/access/infrastructure/cached.go:207.2,208.9 2 99
github.com/bakhod1r/guard/access/infrastructure/cached.go:209.16,210.19 1 98
github.com/bakhod1r/guard/access/infrastructure/cached.go:210.19,212.4 1 2
github.com/bakhod1r/guard/access/infrastructure/cached.go:213.3,213.31 1 96
github.com/bakhod1r/guard/access/infrastructure/cached.go:214.20,215.25 1 1
github.com/bakhod1r/guard/access/infrastructure/cached.go:220.161,227.18 6 49
github.com/bakhod1r/guard/access/infrastructure/cached.go:227.18,228.70 1 47
github.com/bakhod1r/guard/access/infrastructure/cached.go:228.70,230.4 1 3
github.com/bakhod1r/guard/access/infrastructure/cached.go:231.3,231.92 1 47
github.com/bakhod1r/guard/access/infrastructure/cached.go:233.2,234.15 2 49
github.com/bakhod1r/guard/access/infrastructure/cached.go:239.72,241.30 2 3
github.com/bakhod1r/guard/access/infrastructure/cached.go:241.30,242.53 1 6
github.com/bakhod1r/guard/access/infrastructure/cached.go:242.53,245.4 2 4
github.com/bakhod1r/guard/access/infrastructure/cached.go:247.2,247.29 1 3
github.com/bakhod1r/guard/access/infrastructure/cached.go:247.29,250.3 2 1
github.com/bakhod1r/guard/access/infrastructure/cached.go:251.2,251.10 1 3
github.com/bakhod1r/guard/access/infrastructure/cached.go:254.60,255.15 1 113
github.com/bakhod1r/guard/access/infrastructure/cached.go:255.15,257.3 1 2
github.com/bakhod1r/guard/access/infrastructure/cached.go:258.2,259.23 2 111
github.com/bakhod1r/guard/access/infrastructure/cached.go:259.23,262.25 3 121
github.com/bakhod1r/guard/access/infrastructure/cached.go:262.25,265.4 2 101
github.com/bakhod1r/guard/access/infrastructure/cached.go:267.2,267.12 1 111
github.com/bakhod1r/guard/access/infrastructure/cached.go:270.56,271.15 1 14
github.com/bakhod1r/guard/access/infrastructure/cached.go:271.15,273.3 1 1
github.com/bakhod1r/guard/access/infrastructure/cached.go:274.2,275.23 2 13
github.com/bakhod1r/guard/access/infrastructure/cached.go:275.23,277.20 2 15
github.com/bakhod1r/guard/access/infrastructure/cached.go:277.20,280.4 2 12
github.com/bakhod1r/guard/access/infrastructure/cached.go:282.2,282.12 1 13
github.com/bakhod1r/guard/access/infrastructure/cached.go:285.64,287.25 2 25
github.com/bakhod1r/guard/access/infrastructure/cached.go:287.25,289.37 2 12
github.com/bakhod1r/guard/access/infrastructure/cached.go:289.37,292.4 2 12
github.com/bakhod1r/guard/access/infrastructure/cached.go:294.2,294.21 1 25
github.com/bakhod1r/guard/access/infrastructure/cached.go:294.21,296.34 2 12
github.com/bakhod1r/guard/access/infrastructure/cached.go:296.34,298.4 1 12
github.com/bakhod1r/guard/access/infrastructure/cached.go:300.2,300.12 1 25
github.com/bakhod1r/guard/access/infrastructure/cached.go:303.36,304.15 1 134
github.com/bakhod1r/guard/access/infrastructure/cached.go:304.15,306.3 1 1
github.com/bakhod1r/guard/access/infrastructure/cached.go:307.2,307.45 1 133
github.com/bakhod1r/guard/access/infrastructure/cached.go:312.91,313.100 1 120
github.com/bakhod1r/guard/access/infrastructure/cached.go:313.100,315.3 1 48
github.com/bakhod1r/guard/access/infrastructure/cached.go:318.108,319.115 1 12
github.com/bakhod1r/guard/access/infrastructure/cached.go:319.115,321.3 1 6
github.com/bakhod1r/guard/access/infrastructure/cached.go:326.72,330.2 3 3
github.com/bakhod1r/guard/access/infrastructure/cached.go:332.69,336.2 3 2
github.com/bakhod1r/guard/access/infrastructure/cached.go:338.83,342.2 3 2
github.com/bakhod1r/guard/access/infrastructure/cached.go:344.113,348.2 3 2
github.com/bakhod1r/guard/access/infrastructure/cached.go:350.96,354.2 3 2
github.com/bakhod1r/guard/access/infrastructure/cached.go:356.110,360.2 3 8
github.com/bakhod1r/guard/access/infrastructure/cached.go:362.79,366.2 3 2
github.com/bakhod1r/guard/access/infrastructure/cached.go:368.74,372.2 3 2
github.com/bakhod1r/guard/access/infrastructure/cached.go:374.69,378.2 3 2
github.com/bakhod1r/guard/access/infrastructure/cached.go:386.82,388.9 2 2
github.com/bakhod1r/guard/access/infrastructure/cached.go:388.9,390.3 1 1
github.com/bakhod1r/guard/access/infrastructure/cached.go:391.2,391.33 1 1
github.com/bakhod1r/guard/access/infrastructure/cached.go:395.114,397.9 2 2
github.com/bakhod1r/guard/access/infrastructure/cached.go:397.9,399.3 1 1
github.com/bakhod1r/guard/access/infrastructure/cached.go:400.2,402.12 3 1
github.com/bakhod1r/guard/access/infrastructure/memory.go:21.26,28.2 1 22
github.com/bakhod1r/guard/access/infrastructure/memory.go:30.70,33.34 3 54
github.com/bakhod1r/guard/access/infrastructure/memory.go:33.34,35.3 1 1
github.com/bakhod1r/guard/access/infrastructure/memory.go:36.2,39.12 4 53
github.com/bakhod1r/guard/access/infrastructure/memory.go:42.67,45.33 3 4
github.com/bakhod1r/guard/access/infrastructure/memory.go:45.33,47.3 1 1
github.com/bakhod1r/guard/access/infrastructure/memory.go:48.2,49.29 2 3
github.com/bakhod1r/guard/access/infrastructure/memory.go:49.29,51.3 1 3
github.com/bakhod1r/guard/access/infrastructure/memory.go:52.2,52.12 1 3
github.com/bakhod1r/guard/access/infrastructure/memory.go:55.77,59.9 4 60
github.com/bakhod1r/guard/access/infrastructure/memory.go:59.9,61.3 1 3
github.com/bakhod1r/guard/access/infrastructure/memory.go:62.2,64.17 3 57
github.com/bakhod1r/guard/access/infrastructure/memory.go:67.72,70.25 3 1
github.com/bakhod1r/guard/access/infrastructure/memory.go:70.25,72.3 1 2
github.com/bakhod1r/guard/access/infrastructure/memory.go:73.2,76.26 4 1
github.com/bakhod1r/guard/access/infrastructure/memory.go:76.26,77.43 1 2
github.com/bakhod1r/guard/access/infrastructure/memory.go:77.43,79.4 1 2
github.com/bakhod1r/guard/access/infrastructure/memory.go:81.2,81.17 1 1
github.com/bakhod1r/guard/access/infrastructure/memory.go:84.81,89.2 4 19
github.com/bakhod1r/guard/access/infrastructure/memory.go:91.82,95.34 4 1
github.com/bakhod1r/guard/access/infrastructure/memory.go:95.34,97.3 1 2
github.com/bakhod1r/guard/access/infrastructure/memory.go:98.2,98.38 1 1
github.com/bakhod1r/guard/access/infrastructure/memory.go:98.38,98.78 1 1
github.com/bakhod1r/guard/access/infrastructure/memory.go:99.2,99.17 1 1
github.com/bakhod1r/guard/access/infrastructure/memory.go:102.103,106.9 4 22
github.com/bakhod1r/guard/access/infrastructure/memory.go:106.9,108.3 1 1
github.com/bakhod1r/guard/access/infrastructure/memory.go:109.2,110.9 2 21
github.com/bakhod1r/guard/access/infrastructure/memory.go:110.9,112.3 1 1
github.com/bakhod1r/guard/access/infrastructure/memory.go:113.2,113.34 1 20
github.com/bakhod1r/guard/access/infrastructure/memory.go:113.34,114.27 1 2
github.com/bakhod1r/guard/access/infrastructure/memory.go:114.27,116.4 1 1
github.com/bakhod1r/guard/access/infrastructure/memory.go:118.2,119.12 2 19
github.com/bakhod1r/guard/access/infrastructure/memory.go:122.94,126.9 4 4
github.com/bakhod1r/guard/access/infrastructure/memory.go:126.9,128.3 1 1
github.com/bakhod1r/guard/access/infrastructure/memory.go:129.2,130.34 2 3
github.com/bakhod1r/guard/access/infrastructure/memory.go:130.34,131.27 1 4
github.com/bakhod1r/guard/access/infrastructure/memory.go:131.27,133.4 1 1
github.com/bakhod1r/guard/access/infrastructure/memory.go:135.2,136.12 2 3
github.com/bakhod1r/guard/access/infrastructure/memory.go:139.100,142.33 3 32
github.com/bakhod1r/guard/access/infrastructure/memory.go:142.33,144.3 1 1
github.com/bakhod1r/guard/access/infrastructure/memory.go:145.2,145.29 1 31
github.com/bakhod1r/guard/access/infrastructure/memory.go:145.29,147.3 1 20
github.com/bakhod1r/guard/access/infrastructure/memory.go:148.2,149.12 2 31
github.com/bakhod1r/guard/access/infrastructure/memory.go:152.77,157.2 4 4
github.com/bakhod1r/guard/access/infrastructure/memory.go:159.91,162.39 3 48
github.com/bakhod1r/guard/access/infrastructure/memory.go:162.39,164.3 1 55
github.com/bakhod1r/guard/access/infrastructure/memory.go:165.2,167.28 3 48
github.com/bakhod1r/guard/access/infrastructure/memory.go:167.28,169.17 2 55
github.com/bakhod1r/guard/access/infrastructure/memory.go:169.17,170.12 1 2
github.com/bakhod1r/guard/access/infrastructure/memory.go:172.3,172.64 1 53
github.com/bakhod1r/guard/access/infrastructure/memory.go:174.2,174.38 1 48
github.com/bakhod1r/guard/access/infrastructure/memory.go:174.38,174.84 1 14
github.com/bakhod1r/guard/access/infrastructure/memory.go:175.2,175.17 1 48
github.com/bakhod1r/guard/access/infrastructure/memory.go:178.72,181.32 3 23
github.com/bakhod1r/guard/access/infrastructure/memory.go:181.32,182.37 1 15
github.com/bakhod1r/guard/access/infrastructure/memory.go:182.37,184.4 1 1
github.com/bakhod1r/guard/access/infrastructure/memory.go:186.2,187.12 2 22
github.com/bakhod1r/guard/access/infrastructure/memory.go:190.67,193.34 3 4
github.com/bakhod1r/guard/access/infrastructure/memory.go:193.34,195.3 1 1
github.com/bakhod1r/guard/access/infrastructure/memory.go:196.2,197.12 2 3
github.com/bakhod1r/guard/access/infrastructure/memory.go:200.79,204.9 4 2
github.com/bakhod1r/guard/access/infrastructure/memory.go:204.9,206.3 1 1
github.com/bakhod1r/guard/access/infrastructure/memory.go:207.2,207.16 1 1
github.com/bakhod1r/guard/access/infrastructure/memory.go:210.75,214.31 4 10
github.com/bakhod1r/guard/access/infrastructure/memory.go:214.31,216.3 1 20
github.com/bakhod1r/guard/access/infrastructure/memory.go:217.2,217.38 1 10
github.com/bakhod1r/guard/access/infrastructure/memory.go:217.38,218.41 1 14
github.com/bakhod1r/guard/access/infrastructure/memory.go:218.41,220.4 1 8
github.com/bakhod1r/guard/access/infrastructure/memory.go:221.3,221.35 1 6
github.com/bakhod1r/guard/access/infrastructure/memory.go:223.2,223.17 1 10
github.com/bakhod1r/guard/access/infrastructure/memory.go:226.108,229.24 3 7
github.com/bakhod1r/guard/access/infrastructure/memory.go:229.24,230.108 1 12
github.com/bakhod1r/guard/access/infrastructure/memory.go:230.108,232.4 1 10
github.com/bakhod1r/guard/access/infrastructure/memory.go:234.2,234.17 1 7
github.com/bakhod1r/guard/access/infrastructure/memory.go:238.80,242.2 3 5
github.com/bakhod1r/guard/access/infrastructure/memory.go:244.48,247.36 3 11
github.com/bakhod1r/guard/access/infrastructure/memory.go:247.36,248.69 1 20
github.com/bakhod1r/guard/access/infrastructure/memory.go:248.69,250.4 1 12
github.com/bakhod1r/guard/access/infrastructure/memory.go:252.2,253.12 2 11
github.com/bakhod1r/guard/access/infrastructure/memory.go:258.112,261.33 3 7
github.com/bakhod1r/guard/access/infrastructure/memory.go:261.33,263.3 1 1
github.com/bakhod1r/guard/access/infrastructure/memory.go:264.2,264.47 1 6
github.com/bakhod1r/guard/access/infrastructure/memory.go:264.47,266.3 1 2
github.com/bakhod1r/guard/access/infrastructure/memory.go:267.2,268.12 2 4
github.com/bakhod1r/guard/access/infrastructure/postgres.go:19.46,19.74 1 11
github.com/bakhod1r/guard/access/infrastructure/postgres.go:22.31,25.2 2 16
github.com/bakhod1r/guard/access/infrastructure/postgres.go:29.35,30.13 1 21
github.com/bakhod1r/guard/access/infrastructure/postgres.go:30.13,32.3 1 15
github.com/bakhod1r/guard/access/infrastructure/postgres.go:33.2,33.10 1 6
github.com/bakhod1r/guard/access/infrastructure/postgres.go:38.77,41.34 2 5
github.com/bakhod1r/guard/access/infrastructure/postgres.go:41.34,43.3 1 1
github.com/bakhod1r/guard/access/infrastructure/postgres.go:44.2,44.12 1 4
github.com/bakhod1r/guard/access/infrastructure/postgres.go:47.71,49.43 2 3
github.com/bakhod1r/guard/access/infrastructure/postgres.go:49.43,51.3 1 1
github.com/bakhod1r/guard/access/infrastructure/postgres.go:52.2,52.12 1 2
github.com/bakhod1r/guard/access/infrastructure/postgres.go:62.63,66.42 4 15
github.com/bakhod1r/guard/access/infrastructure/postgres.go:66.42,68.3 1 4
github.com/bakhod1r/guard/access/infrastructure/postgres.go:69.2,70.21 2 11
github.com/bakhod1r/guard/access/infrastructure/postgres.go:70.21,72.3 1 4
github.com/bakhod1r/guard/access/infrastructure/postgres.go:73.2,73.18 1 11
github.com/bakhod1r/guard/access/infrastructure/postgres.go:76.81,78.35 2 4
github.com/bakhod1r/guard/access/infrastructure/postgres.go:78.35,80.3 1 1
github.com/bakhod1r/guard/access/infrastructure/postgres.go:81.2,81.16 1 3
github.com/bakhod1r/guard/access/infrastructure/postgres.go:81.16,83.3 1 1
github.com/bakhod1r/guard/access/infrastructure/postgres.go:84.2,84.19 1 2
github.com/bakhod1r/guard/access/infrastructure/postgres.go:87.74,89.16 2 4
github.com/bakhod1r/guard/access/infrastructure/postgres.go:89.16,91.3 1 2
github.com/bakhod1r/guard/access/infrastructure/postgres.go:92.2,94.18 3 2
github.com/bakhod1r/guard/access/infrastructure/postgres.go:94.18,96.17 2 7
github.com/bakhod1r/guard/access/infrastructure/postgres.go:96.17,98.4 1 1
github.com/bakhod1r/guard/access/infrastructure/postgres.go:99.3,99.26 1 6
github.com/bakhod1r/guard/access/infrastructure/postgres.go:101.2,101.24 1 1
github.com/bakhod1r/guard/access/infrastructure/postgres.go:104.93,105.18 1 9
github.com/bakhod1r/guard/access/infrastructure/postgres.go:105.18,107.3 1 1
github.com/bakhod1r/guard/access/infrastructure/postgres.go:108.2,119.16 2 8
github.com/bakhod1r/guard/access/infrastructure/postgres.go:119.16,121.3 1 2
github.com/bakhod1r/guard/access/infrastructure/postgres.go:122.2,124.18 3 6
github.com/bakhod1r/guard/access/infrastructure/postgres.go:124.18,127.17 3 4
github.com/bakhod1r/guard/access/infrastructure/postgres.go:127.17,129.4 1 1
github.com/bakhod1r/guard/access/infrastructure/postgres.go:130.3,131.23 2 3
github.com/bakhod1r/guard/access/infrastructure/postgres.go:134.2,134.49 1 5
github.com/bakhod1r/guard/access/infrastructure/postgres.go:134.49,136.3 1 1
github.com/bakhod1r/guard/access/infrastructure/postgres.go:136.8,136.23 1 4
github.com/bakhod1r/guard/access/infrastructure/postgres.go:136.23,138.3 1 1
github.com/bakhod1r/guard/access/infrastructure/postgres.go:139.2,139.17 1 3
github.com/bakhod1r/guard/access/infrastructure/postgres.go:144.85,149.2 2 5
github.com/bakhod1r/guard/access/infrastructure/postgres.go:151.86,153.16 2 3
github.com/bakhod1r/guard/access/infrastructure/postgres.go:153.16,155.3 1 1
github.com/bakhod1r/guard/access/infrastructure/postgres.go:156.2,158.18 3 2
github.com/bakhod1r/guard/access/infrastructure/postgres.go:158.18,160.75 2 30
github.com/bakhod1r/guard/access/infrastructure/postgres.go:160.75,162.4 1 1
github.com/bakhod1r/guard/access/infrastructure/postgres.go:163.3,163.23 1 29
github.com/bakhod1r/guard/access/infrastructure/postgres.go:165.2,165.24 1 1
github.com/bakhod1r/guard/access/infrastructure/postgres.go:168.115,174.35 2 9
github.com/bakhod1r/guard/access/infrastructure/postgres.go:174.35,176.3 1 3
github.com/bakhod1r/guard/access/infrastructure/postgres.go:177.2,177.66 1 6
github.com/bakhod1r/guard/access/infrastructure/postgres.go:177.66,179.3 1 2
github.com/bakhod1r/guard/access/infrastructure/postgres.go:180.2,180.16 1 4
github.com/bakhod1r/guard/access/infrastructure/postgres.go:180.16,182.3 1 1
github.com/bakhod1r/guard/access/infrastructure/postgres.go:183.2,183.29 1 3
github.com/bakhod1r/guard/access/infrastructure/postgres.go:183.29,185.3 1 1
github.com/bakhod1r/guard/access/infrastructure/postgres.go:186.2,186.12 1 2
github.com/bakhod1r/guard/access/infrastructure/postgres.go:190.96,193.56 2 4
github.com/bakhod1r/guard/access/infrastructure/postgres.go:193.56,195.3 1 1
github.com/bakhod1r/guard/access/infrastructure/postgres.go:196.2,196.14 1 3
github.com/bakhod1r/guard/access/infrastructure/postgres.go:196.14,198.3 1 1
github.com/bakhod1r/guard/access/infrastructure/postgres.go:199.2,199.14 1 2
github.com/bakhod1r/guard/access/infrastructure/postgres.go:199.14,201.3 1 1
github.com/bakhod1r/guard/access/infrastructure/postgres.go:202.2,202.12 1 1
github.com/bakhod1r/guard/access/infrastructure/postgres.go:205.98,209.2 2 2
github.com/bakhod1r/guard/access/infrastructure/postgres.go:211.112,212.18 1 13
github.com/bakhod1r/guard/access/infrastructure/postgres.go:212.18,214.3 1 1
github.com/bakhod1r/guard/access/infrastructure/postgres.go:216.2,220.9 2 12
github.com/bakhod1r/guard/access/infrastructure/postgres.go:221.37,222.32 1 1
github.com/bakhod1r/guard/access/infrastructure/postgres.go:223.66,224.35 1 2
github.com/bakhod1r/guard/access/infrastructure/postgres.go:226.2,226.12 1 9
github.com/bakhod1r/guard/access/infrastructure/postgres.go:229.81,230.18 1 4
github.com/bakhod1r/guard/access/infrastructure/postgres.go:230.18,232.3 1 1
github.com/bakhod1r/guard/access/infrastructure/postgres.go:233.2,234.30 2 3
github.com/bakhod1r/guard/access/infrastructure/postgres.go:234.30,236.3 1 1
github.com/bakhod1r/guard/access/infrastructure/postgres.go:237.2,237.12 1 2
github.com/bakhod1r/guard/access/infrastructure/postgres.go:242.76,243.56 1 11
github.com/bakhod1r/guard/access/infrastructure/postgres.go:243.56,249.35 2 10
github.com/bakhod1r/guard/access/infrastructure/postgres.go:249.35,251.4 1 1
github.com/bakhod1r/guard/access/infrastructure/postgres.go:252.3,252.17 1 9
github.com/bakhod1r/guard/access/infrastructure/postgres.go:252.17,254.4 1 1
github.com/bakhod1r/guard/access/infrastructure/postgres.go:255.3,255.110 1 8
github.com/bakhod1r/guard/access/infrastructure/postgres.go:255.110,257.4 1 1
github.com/bakhod1r/guard/access/infrastructure/postgres.go:258.3,258.20 1 7
github.com/bakhod1r/guard/access/infrastructure/postgres.go:258.20,260.4 1 2
github.com/bakhod1r/guard/access/infrastructure/postgres.go:261.3,261.52 1 5
github.com/bakhod1r/guard/access/infrastructure/postgres.go:265.124,268.14 3 18
github.com/bakhod1r/guard/access/infrastructure/postgres.go:268.14,270.3 1 4
github.com/bakhod1r/guard/access/infrastructure/postgres.go:271.2,272.93 1 18
github.com/bakhod1r/guard/access/infrastructure/postgres.go:272.93,274.3 1 2
github.com/bakhod1r/guard/access/infrastructure/postgres.go:275.2,275.33 1 16
github.com/bakhod1r/guard/access/infrastructure/postgres.go:275.33,277.61 1 6
github.com/bakhod1r/guard/access/infrastructure/postgres.go:277.61,279.4 1 1
github.com/bakhod1r/guard/access/infrastructure/postgres.go:281.2,281.26 1 15
github.com/bakhod1r/guard/access/infrastructure/postgres.go:281.26,282.78 1 13
github.com/bakhod1r/guard/access/infrastructure/postgres.go:282.78,284.4 1 1
github.com/bakhod1r/guard/access/infrastructure/postgres.go:286.2,286.12 1 14
github.com/bakhod1r/guard/access/infrastructure/postgres.go:289.71,290.20 1 4
github.com/bakhod1r/guard/access/infrastructure/postgres.go:290.20,292.3 1 1
github.com/bakhod1r/guard/access/infrastructure/postgres.go:293.2,294.43 2 3
github.com/bakhod1r/guard/access/infrastructure/postgres.go:294.43,296.3 1 1
github.com/bakhod1r/guard/access/infrastructure/postgres.go:297.2,297.12 1 2
github.com/bakhod1r/guard/access/infrastructure/postgres.go:300.83,301.20 1 12
github.com/bakhod1r/guard/access/infrastructure/postgres.go:301.20,303.3 1 1
github.com/bakhod1r/guard/access/infrastructure/postgres.go:304.2,305.16 2 11
github.com/bakhod1r/guard/access/infrastructure/postgres.go:305.16,307.3 1 1
github.com/bakhod1r/guard/access/infrastructure/postgres.go:308.2,308.20 1 10
github.com/bakhod1r/guard/access/infrastructure/postgres.go:308.20,310.3 1 7
github.com/bakhod1r/guard/access/infrastructure/postgres.go:311.2,311.22 1 3
github.com/bakhod1r/guard/access/infrastructure/postgres.go:314.79,316.2 1 8
github.com/bakhod1r/guard/access/infrastructure/postgres.go:318.110,320.2 1 2
github.com/bakhod1r/guard/access/infrastructure/postgres.go:325.106,339.16 2 21
github.com/bakhod1r/guard/access/infrastructure/postgres.go:339.16,341.3 1 2
github.com/bakhod1r/guard/access/infrastructure/postgres.go:342.2,353.18 7 19
github.com/bakhod1r/guard/access/infrastructure/postgres.go:353.18,359.77 5 27
github.com/bakhod1r/guard/access/infrastructure/postgres.go:359.77,361.4 1 3
github.com/bakhod1r/guard/access/infrastructure/postgres.go:362.3,362.25 1 24
github.com/bakhod1r/guard/access/infrastructure/postgres.go:362.25,366.4 3 11
github.com/bakhod1r/guard/access/infrastructure/postgres.go:367.3,367.16 1 24
github.com/bakhod1r/guard/access/infrastructure/postgres.go:367.16,368.12 1 4
github.com/bakhod1r/guard/access/infrastructure/postgres.go:370.3,371.15 2 20
github.com/bakhod1r/guard/access/infrastructure/postgres.go:371.15,376.4 3 19
github.com/bakhod1r/guard/access/infrastructure/postgres.go:377.3,377.14 1 20
github.com/bakhod1r/guard/access/infrastructure/postgres.go:377.14,379.4 1 10
github.com/bakhod1r/guard/access/infrastructure/postgres.go:381.2,381.35 1 16
github.com/bakhod1r/guard/access/infrastructure/postgres.go:381.35,383.3 1 3
github.com/bakhod1r/guard/access/infrastructure/postgres.go:386.2,387.27 2 13
github.com/bakhod1r/guard/access/infrastructure/postgres.go:387.27,388.37 1 19
github.com/bakhod1r/guard/access/infrastructure/postgres.go:388.37,390.4 1 12
github.com/bakhod1r/guard/access/infrastructure/postgres.go:392.2,393.59 2 13
github.com/bakhod1r/guard/access/infrastructure/postgres.go:393.59,395.40 2 17
github.com/bakhod1r/guard/access/infrastructure/postgres.go:395.40,397.4 1 1
github.com/bakhod1r/guard/access/infrastructure/postgres.go:398.3,398.34 1 16
github.com/bakhod1r/guard/access/infrastructure/postgres.go:398.34,400.4 1 10
github.com/bakhod1r/guard/access/infrastructure/postgres.go:401.3,401.11 1 16
github.com/bakhod1r/guard/access/infrastructure/postgres.go:403.2,403.27 1 13
github.com/bakhod1r/guard/access/infrastructure/postgres.go:403.27,404.37 1 19
github.com/bakhod1r/guard/access/infrastructure/postgres.go:404.37,407.4 2 7
github.com/bakhod1r/guard/access/infrastructure/postgres.go:409.2,409.22 1 13
github.com/bakhod1r/guard/access/infrastructure/postgres.go:416.84,419.35 3 6
github.com/bakhod1r/guard/access/infrastructure/postgres.go:419.35,421.3 1 1
github.com/bakhod1r/guard/access/infrastructure/postgres.go:422.2,422.16 1 5
github.com/bakhod1r/guard/access/infrastructure/postgres.go:422.16,424.3 1 1
github.com/bakhod1r/guard/access/infrastructure/postgres.go:425.2,425.36 1 4
github.com/bakhod1r/guard/access/infrastructure/postgres.go:432.84,436.2 2 11
github.com/bakhod1r/guard/access/infrastructure/postgres.go:441.116,442.18 1 10
github.com/bakhod1r/guard/access/infrastructure/postgres.go:442.18,444.3 1 1
github.com/bakhod1r/guard/access/infrastructure/postgres.go:445.2,445.56 1 9
github.com/bakhod1r/guard/access/infrastructure/postgres.go:445.56,448.36 3 9
github.com/bakhod1r/guard/access/infrastructure/postgres.go:448.36,450.4 1 1
github.com/bakhod1r/guard/access/infrastructure/postgres.go:451.3,451.17 1 8
github.com/bakhod1r/guard/access/infrastructure/postgres.go:451.17,453.4 1 1
github.com/bakhod1r/guard/access/infrastructure/postgres.go:454.3,455.17 2 7
github.com/bakhod1r/guard/access/infrastructure/postgres.go:455.17,457.4 1 1
github.com/bakhod1r/guard/access/infrastructure/postgres.go:458.3,458.40 1 6
github.com/bakhod1r/guard/access/infrastructure/postgres.go:458.40,460.4 1 2
github.com/bakhod1r/guard/access/infrastructure/postgres.go:463.3,464.13 2 4
github.com/bakhod1r/guard/access/infrastructure/routes_memory.go:18.38,20.2 1 1
github.com/bakhod1r/guard/access/infrastructure/routes_memory.go:22.82,26.29 4 2
github.com/bakhod1r/guard/access/infrastructure/routes_memory.go:26.29,28.3 1 4
github.com/bakhod1r/guard/access/infrastructure/routes_memory.go:29.2,30.17 2 2
github.com/bakhod1r/guard/access/infrastructure/routes_memory.go:33.107,36.27 3 4
github.com/bakhod1r/guard/access/infrastructure/routes_memory.go:36.27,39.3 2 4
github.com/bakhod1r/guard/access/infrastructure/routes_memory.go:40.2,40.12 1 4
github.com/bakhod1r/guard/access/infrastructure/routes_memory.go:43.101,47.29 4 3
github.com/bakhod1r/guard/access/infrastructure/routes_memory.go:47.29,48.42 1 6
github.com/bakhod1r/guard/access/infrastructure/routes_memory.go:48.42,52.4 3 1
github.com/bakhod1r/guard/access/infrastructure/routes_memory.go:54.2,55.17 2 3
github.com/bakhod1r/guard/access/infrastructure/routes_memory.go:58.42,59.37 1 9
github.com/bakhod1r/guard/access/infrastructure/routes_memory.go:59.37,59.73 1 2
github.com/bakhod1r/guard/access/infrastructure/routes_postgres.go:16.58,16.92 1 1
github.com/bakhod1r/guard/access/infrastructure/routes_postgres.go:18.88,20.2 1 3
github.com/bakhod1r/guard/access/infrastructure/routes_postgres.go:23.111,24.22 1 5
github.com/bakhod1r/guard/access/infrastructure/routes_postgres.go:24.22,26.3 1 1
github.com/bakhod1r/guard/access/infrastructure/routes_postgres.go:27.2,28.28 2 4
github.com/bakhod1r/guard/access/infrastructure/routes_postgres.go:28.28,30.3 1 5
github.com/bakhod1r/guard/access/infrastructure/routes_postgres.go:31.2,35.12 2 4
github.com/bakhod1r/guard/access/infrastructure/routes_postgres.go:38.105,43.2 3 4
github.com/bakhod1r/guard/access/infrastructure/routes_postgres.go:46.73,47.16 1 8
github.com/bakhod1r/guard/access/infrastructure/routes_postgres.go:47.16,49.3 1 1
github.com/bakhod1r/guard/access/infrastructure/routes_postgres.go:50.2,52.18 3 7
github.com/bakhod1r/guard/access/infrastructure/routes_postgres.go:52.18,54.96 2 6
github.com/bakhod1r/guard/access/infrastructure/routes_postgres.go:54.96,56.4 1 1
github.com/bakhod1r/guard/access/infrastructure/routes_postgres.go:57.3,57.24 1 5
github.com/bakhod1r/guard/access/infrastructure/routes_postgres.go:59.2,59.24 1 6
github.com/bakhod1r/guard/adminui/adminui.go:76.57,77.21 1 55
github.com/bakhod1r/guard/adminui/adminui.go:77.21,79.3 1 55
github.com/bakhod1r/guard/adminui/adminui.go:80.2,81.27 2 55
github.com/bakhod1r/guard/adminui/adminui.go:81.27,83.3 1 55
github.com/bakhod1r/guard/adminui/adminui.go:84.2,84.28 1 55
github.com/bakhod1r/guard/adminui/adminui.go:84.28,86.3 1 54
github.com/bakhod1r/guard/adminui/adminui.go:87.2,87.47 1 55
github.com/bakhod1r/guard/adminui/adminui.go:87.47,89.3 1 52
github.com/bakhod1r/guard/adminui/adminui.go:90.2,90.35 1 55
github.com/bakhod1r/guard/adminui/adminui.go:90.35,91.53 1 54
github.com/bakhod1r/guard/adminui/adminui.go:91.53,92.52 1 1
github.com/bakhod1r/guard/adminui/adminui.go:95.2,95.29 1 54
github.com/bakhod1r/guard/adminui/adminui.go:95.29,97.3 1 52
github.com/bakhod1r/guard/adminui/adminui.go:98.2,99.24 2 54
github.com/bakhod1r/guard/adminui/adminui.go:99.24,102.3 2 54
github.com/bakhod1r/guard/adminui/adminui.go:103.2,117.25 13 54
github.com/bakhod1r/guard/adminui/adminui.go:122.29,123.24 1 329
github.com/bakhod1r/guard/adminui/adminui.go:124.18,125.18 1 223
github.com/bakhod1r/guard/adminui/adminui.go:125.18,127.5 1 2
github.com/bakhod1r/guard/adminui/adminui.go:128.4,128.47 1 221
github.com/bakhod1r/guard/adminui/adminui.go:129.19,130.30 1 105
github.com/bakhod1r/guard/adminui/adminui.go:130.30,132.5 1 86
github.com/bakhod1r/guard/adminui/adminui.go:133.4,133.47 1 19
github.com/bakhod1r/guard/adminui/adminui.go:135.3,135.15 1 1
github.com/bakhod1r/guard/adminui/adminui.go:137.33,138.18 1 103
github.com/bakhod1r/guard/adminui/adminui.go:138.18,140.4 1 1
github.com/bakhod1r/guard/adminui/adminui.go:141.3,141.11 1 102
github.com/bakhod1r/guard/adminui/adminui.go:147.48,151.26 4 57
github.com/bakhod1r/guard/adminui/adminui.go:151.26,154.3 2 798
github.com/bakhod1r/guard/adminui/adminui.go:155.2,155.12 1 57
github.com/bakhod1r/guard/adminui/adminui.go:189.88,191.9 2 217
github.com/bakhod1r/guard/adminui/adminui.go:191.9,194.3 2 1
github.com/bakhod1r/guard/adminui/adminui.go:195.2,197.36 2 216
github.com/bakhod1r/guard/adminui/adminui.go:197.36,200.30 3 205
github.com/bakhod1r/guard/adminui/adminui.go:200.30,201.40 1 1640
github.com/bakhod1r/guard/adminui/adminui.go:201.40,203.5 1 1212
github.com/bakhod1r/guard/adminui/adminui.go:206.2,208.70 3 216
github.com/bakhod1r/guard/adminui/adminui.go:208.70,210.3 1 1
github.com/bakhod1r/guard/adminui/adminui.go:214.57,216.17 2 32
github.com/bakhod1r/guard/adminui/adminui.go:216.17,218.3 1 32
github.com/bakhod1r/guard/adminui/adminui.go:219.2,219.41 1 32
github.com/bakhod1r/guard/adminui/adminui.go:223.57,225.25 2 50
github.com/bakhod1r/guard/adminui/adminui.go:225.25,228.3 2 9
github.com/bakhod1r/guard/adminui/adminui.go:229.2,229.70 1 50
github.com/bakhod1r/guard/adminui/adminui.go:232.48,234.35 2 153
github.com/bakhod1r/guard/adminui/adminui.go:234.35,236.3 1 34
github.com/bakhod1r/guard/adminui/adminui.go:237.2,237.56 1 153
github.com/bakhod1r/guard/adminui/adminui.go:259.36,260.33 1 96
github.com/bakhod1r/guard/adminui/adminui.go:260.33,261.24 1 1620
github.com/bakhod1r/guard/adminui/adminui.go:261.24,263.4 1 84
github.com/bakhod1r/guard/adminui/adminui.go:265.2,265.14 1 12
github.com/bakhod1r/guard/adminui/adminui.go:272.52,273.38 1 2308
github.com/bakhod1r/guard/adminui/adminui.go:273.38,275.3 1 2294
github.com/bakhod1r/guard/adminui/adminui.go:276.2,276.12 1 14
github.com/bakhod1r/guard/adminui/adminui.go:279.46,281.64 2 297
github.com/bakhod1r/guard/adminui/adminui.go:281.64,282.91 1 296
github.com/bakhod1r/guard/adminui/adminui.go:282.91,286.4 3 294
github.com/bakhod1r/guard/adminui/adminui.go:288.2,289.11 2 3
github.com/bakhod1r/guard/adminui/adminui.go:292.54,296.2 3 335
github.com/bakhod1r/guard/adminui/adminui.go:298.42,299.79 1 294
github.com/bakhod1r/guard/adminui/adminui.go:299.79,302.3 2 164
github.com/bakhod1r/guard/adminui/adminui.go:303.2,305.60 3 130
github.com/bakhod1r/guard/adminui/adminui.go:305.60,308.3 2 6
github.com/bakhod1r/guard/adminui/adminui.go:309.2,309.10 1 124
github.com/bakhod1r/guard/adminui/adminui.go:313.53,315.2 1 1686
github.com/bakhod1r/guard/adminui/adminui.go:318.75,321.28 3 1707
github.com/bakhod1r/guard/adminui/adminui.go:321.28,323.3 1 2
github.com/bakhod1r/guard/adminui/adminui.go:324.2,328.32 3 1705
github.com/bakhod1r/guard/adminui/adminui.go:332.52,333.30 1 1134
github.com/bakhod1r/guard/adminui/adminui.go:333.30,334.22 1 172
github.com/bakhod1r/guard/adminui/adminui.go:334.22,340.4 3 30
github.com/bakhod1r/guard/adminui/adminui.go:341.3,341.11 1 142
github.com/bakhod1r/guard/adminui/adminui.go:345.41,347.2 1 4
github.com/bakhod1r/guard/adminui/adminui.go:350.41,352.115 2 100
github.com/bakhod1r/guard/adminui/adminui.go:352.115,354.3 1 98
github.com/bakhod1r/guard/adminui/adminui.go:355.2,355.13 1 2
github.com/bakhod1r/guard/adminui/adminui.go:358.37,362.16 3 91
github.com/bakhod1r/guard/adminui/adminui.go:362.16,364.100 2 34
github.com/bakhod1r/guard/adminui/adminui.go:364.100,366.4 1 1
github.com/bakhod1r/guard/adminui/adminui.go:366.9,366.33 1 33
github.com/bakhod1r/guard/adminui/adminui.go:366.33,369.4 2 1
github.com/bakhod1r/guard/adminui/adminui.go:370.3,371.9 2 34
github.com/bakhod1r/guard/adminui/adminui.go:373.2,376.39 4 57
github.com/bakhod1r/guard/adminui/adminui.go:379.38,385.2 5 1
github.com/bakhod1r/guard/adminui/adminui.go:387.44,387.86 1 154
github.com/bakhod1r/guard/adminui/adminui.go:389.54,391.2 1 39
github.com/bakhod1r/guard/adminui/adminui.go:393.79,394.22 1 30
github.com/bakhod1r/guard/adminui/adminui.go:394.22,396.3 1 1
github.com/bakhod1r/guard/adminui/adminui.go:397.2,399.66 2 29
github.com/bakhod1r/guard/adminui/dashboard.go:26.53,28.2 1 54
github.com/bakhod1r/guard/adminui/dashboard.go:30.72,32.16 2 210
github.com/bakhod1r/guard/adminui/dashboard.go:32.16,34.3 1 10
github.com/bakhod1r/guard/adminui/dashboard.go:35.2,35.10 1 210
github.com/bakhod1r/guard/adminui/dashboard.go:38.41,42.31 4 54
github.com/bakhod1r/guard/adminui/dashboard.go:42.31,44.3 1 63
github.com/bakhod1r/guard/adminui/dashboard.go:45.2,45.27 1 54
github.com/bakhod1r/guard/adminui/dashboard.go:45.27,48.3 2 34
github.com/bakhod1r/guard/adminui/dashboard.go:49.2,49.33 1 54
github.com/bakhod1r/guard/adminui/dashboard.go:49.33,52.3 2 34
github.com/bakhod1r/guard/adminui/dashboard.go:53.2,53.29 1 54
github.com/bakhod1r/guard/adminui/dashboard.go:53.29,56.3 2 34
github.com/bakhod1r/guard/adminui/dashboard.go:57.2,61.28 5 54
github.com/bakhod1r/guard/adminui/dashboard.go:61.28,62.18 1 210
github.com/bakhod1r/guard/adminui/dashboard.go:62.18,64.4 1 10
github.com/bakhod1r/guard/adminui/dashboard.go:66.2,66.70 1 54
github.com/bakhod1r/guard/adminui/dashboard.go:89.49,91.2 1 54
github.com/bakhod1r/guard/adminui/dashboard.go:93.33,95.9 2 14
github.com/bakhod1r/guard/adminui/dashboard.go:96.28,97.27 1 11
github.com/bakhod1r/guard/adminui/dashboard.go:98.25,99.23 1 2
github.com/bakhod1r/guard/adminui/dashboard.go:101.2,101.10 1 1
github.com/bakhod1r/guard/adminui/dashboard.go:104.41,106.18 2 14
github.com/bakhod1r/guard/adminui/dashboard.go:106.18,108.17 2 13
github.com/bakhod1r/guard/adminui/dashboard.go:108.17,111.4 2 1
github.com/bakhod1r/guard/adminui/dashboard.go:112.3,112.28 1 13
github.com/bakhod1r/guard/adminui/dashboard.go:112.28,114.33 2 41
github.com/bakhod1r/guard/adminui/dashboard.go:114.33,116.5 1 12
github.com/bakhod1r/guard/adminui/dashboard.go:117.4,118.32 2 41
github.com/bakhod1r/guard/adminui/dashboard.go:121.2,121.62 1 14
github.com/bakhod1r/guard/adminui/hardening.go:21.52,23.2 1 36
github.com/bakhod1r/guard/adminui/hardening.go:26.51,28.28 2 38
github.com/bakhod1r/guard/adminui/hardening.go:28.28,31.3 2 37
github.com/bakhod1r/guard/adminui/hardening.go:32.2,32.28 1 1
github.com/bakhod1r/guard/adminui/hardening.go:38.39,52.2 12 398
github.com/bakhod1r/guard/adminui/hardening.go:56.41,57.79 1 398
github.com/bakhod1r/guard/adminui/hardening.go:57.79,60.3 2 171
github.com/bakhod1r/guard/adminui/hardening.go:61.2,61.48 1 227
github.com/bakhod1r/guard/adminui/hardening.go:61.48,64.3 2 2
github.com/bakhod1r/guard/adminui/hardening.go:65.2,66.46 2 225
github.com/bakhod1r/guard/adminui/hardening.go:66.46,68.27 2 2
github.com/bakhod1r/guard/adminui/hardening.go:68.27,71.4 2 1
github.com/bakhod1r/guard/adminui/hardening.go:72.3,73.9 2 1
github.com/bakhod1r/guard/adminui/hardening.go:75.2,75.10 1 223
github.com/bakhod1r/guard/adminui/hardening.go:78.53,80.37 2 4
github.com/bakhod1r/guard/adminui/hardening.go:80.37,82.3 1 1
github.com/bakhod1r/guard/adminui/hardening.go:83.2,84.11 2 4
github.com/bakhod1r/guard/adminui/hardening.go:89.42,91.42 2 93
github.com/bakhod1r/guard/adminui/hardening.go:91.42,94.3 2 15
github.com/bakhod1r/guard/adminui/hardening.go:95.2,96.16 2 78
github.com/bakhod1r/guard/adminui/hardening.go:96.16,100.3 3 1
github.com/bakhod1r/guard/adminui/hardening.go:101.2,101.18 1 77
github.com/bakhod1r/guard/adminui/hardening.go:101.18,108.3 4 2
github.com/bakhod1r/guard/adminui/hardening.go:109.2,109.10 1 75
github.com/bakhod1r/guard/adminui/hardening.go:114.51,116.29 2 57
github.com/bakhod1r/guard/adminui/hardening.go:116.29,118.3 1 53
github.com/bakhod1r/guard/adminui/hardening.go:119.2,121.36 3 4
github.com/bakhod1r/guard/adminui/hardening.go:121.36,123.3 1 2
github.com/bakhod1r/guard/adminui/hardening.go:124.2,124.63 1 2
github.com/bakhod1r/guard/adminui/hardening.go:124.63,126.3 1 1
github.com/bakhod1r/guard/adminui/policies.go:18.52,28.2 9 54
github.com/bakhod1r/guard/adminui/policies.go:32.54,33.14 1 49
github.com/bakhod1r/guard/adminui/policies.go:33.14,35.3 1 2
github.com/bakhod1r/guard/adminui/policies.go:36.2,37.33 2 47
github.com/bakhod1r/guard/adminui/policies.go:37.33,39.76 2 52
github.com/bakhod1r/guard/adminui/policies.go:39.76,41.4 1 14
github.com/bakhod1r/guard/adminui/policies.go:42.3,42.62 1 52
github.com/bakhod1r/guard/adminui/policies.go:44.2,44.26 1 47
github.com/bakhod1r/guard/adminui/policies.go:44.26,46.3 1 1
github.com/bakhod1r/guard/adminui/policies.go:47.2,48.35 2 47
github.com/bakhod1r/guard/adminui/policies.go:48.35,50.3 1 1
github.com/bakhod1r/guard/adminui/policies.go:51.2,52.20 2 47
github.com/bakhod1r/guard/adminui/policies.go:52.20,54.3 1 46
github.com/bakhod1r/guard/adminui/policies.go:55.2,55.14 1 47
github.com/bakhod1r/guard/adminui/policies.go:55.14,57.3 1 1
github.com/bakhod1r/guard/adminui/policies.go:58.2,58.12 1 47
github.com/bakhod1r/guard/adminui/policies.go:99.56,102.2 2 3
github.com/bakhod1r/guard/adminui/policies.go:104.44,106.2 1 8
github.com/bakhod1r/guard/adminui/policies.go:108.73,110.16 2 14
github.com/bakhod1r/guard/adminui/policies.go:110.16,113.3 2 1
github.com/bakhod1r/guard/adminui/policies.go:114.2,115.24 2 13
github.com/bakhod1r/guard/adminui/policies.go:115.24,117.3 1 48
github.com/bakhod1r/guard/adminui/policies.go:119.2,120.82 1 13
github.com/bakhod1r/guard/adminui/policies.go:123.78,129.16 6 13
github.com/bakhod1r/guard/adminui/policies.go:129.16,131.3 1 4
github.com/bakhod1r/guard/adminui/policies.go:132.2,132.60 1 13
github.com/bakhod1r/guard/adminui/policies.go:135.41,137.2 1 2
github.com/bakhod1r/guard/adminui/policies.go:140.71,142.52 2 8
github.com/bakhod1r/guard/adminui/policies.go:142.52,145.3 2 2
github.com/bakhod1r/guard/adminui/policies.go:146.2,146.16 1 6
github.com/bakhod1r/guard/adminui/policies.go:146.16,149.3 2 1
github.com/bakhod1r/guard/adminui/policies.go:150.2,150.16 1 5
github.com/bakhod1r/guard/adminui/policies.go:153.42,155.9 2 5
github.com/bakhod1r/guard/adminui/policies.go:155.9,157.3 1 2
github.com/bakhod1r/guard/adminui/policies.go:158.2,159.19 2 3
github.com/bakhod1r/guard/adminui/policies.go:159.19,162.3 2 3
github.com/bakhod1r/guard/adminui/policies.go:163.2,164.97 1 3
github.com/bakhod1r/guard/adminui/policies.go:168.44,171.38 3 8
github.com/bakhod1r/guard/adminui/policies.go:171.38,173.3 1 3
github.com/bakhod1r/guard/adminui/policies.go:174.2,174.16 1 5
github.com/bakhod1r/guard/adminui/policies.go:174.16,176.3 1 1
github.com/bakhod1r/guard/adminui/policies.go:177.2,177.12 1 4
github.com/bakhod1r/guard/adminui/policies.go:180.61,185.16 3 12
github.com/bakhod1r/guard/adminui/policies.go:185.16,187.3 1 7
github.com/bakhod1r/guard/adminui/policies.go:188.2,188.16 1 12
github.com/bakhod1r/guard/adminui/policies.go:188.16,189.26 1 9
github.com/bakhod1r/guard/adminui/policies.go:189.26,192.4 2 1
github.com/bakhod1r/guard/adminui/policies.go:193.3,195.9 3 8
github.com/bakhod1r/guard/adminui/policies.go:197.2,198.44 2 3
github.com/bakhod1r/guard/adminui/policies.go:201.66,203.22 2 12
github.com/bakhod1r/guard/adminui/policies.go:203.22,205.17 2 11
github.com/bakhod1r/guard/adminui/policies.go:205.17,207.4 1 1
github.com/bakhod1r/guard/adminui/policies.go:208.3,208.11 1 10
github.com/bakhod1r/guard/adminui/policies.go:210.2,212.37 2 11
github.com/bakhod1r/guard/adminui/policies.go:212.37,214.54 2 8
github.com/bakhod1r/guard/adminui/policies.go:214.54,216.4 1 4
github.com/bakhod1r/guard/adminui/policies.go:218.2,218.15 1 7
github.com/bakhod1r/guard/adminui/policies.go:221.44,221.84 1 10
github.com/bakhod1r/guard/adminui/policies.go:223.44,225.9 2 3
github.com/bakhod1r/guard/adminui/policies.go:225.9,227.3 1 1
github.com/bakhod1r/guard/adminui/policies.go:228.2,228.40 1 2
github.com/bakhod1r/guard/adminui/policies.go:231.44,233.73 2 2
github.com/bakhod1r/guard/adminui/policies.go:233.73,236.3 2 1
github.com/bakhod1r/guard/adminui/policies.go:237.2,238.46 2 1
github.com/bakhod1r/guard/adminui/policies.go:241.44,244.16 3 3
github.com/bakhod1r/guard/adminui/policies.go:244.16,247.3 2 2
github.com/bakhod1r/guard/adminui/policies.go:248.2,248.16 1 3
github.com/bakhod1r/guard/adminui/policies.go:248.16,251.3 2 2
github.com/bakhod1r/guard/adminui/policies.go:252.2,253.102 2 1
github.com/bakhod1r/guard/adminui/policies.go:256.61,257.34 1 11
github.com/bakhod1r/guard/adminui/policies.go:257.34,259.3 1 6
github.com/bakhod1r/guard/adminui/policies.go:260.2,263.39 4 5
github.com/bakhod1r/guard/adminui/policies.go:263.39,265.3 1 2
github.com/bakhod1r/guard/adminui/policies.go:266.2,266.15 1 3
github.com/bakhod1r/guard/adminui/policies.go:269.46,274.16 3 6
github.com/bakhod1r/guard/adminui/policies.go:274.16,276.25 2 4
github.com/bakhod1r/guard/adminui/policies.go:276.25,278.4 1 3
github.com/bakhod1r/guard/adminui/policies.go:278.9,280.4 1 1
github.com/bakhod1r/guard/adminui/policies.go:281.3,282.9 2 4
github.com/bakhod1r/guard/adminui/policies.go:284.2,285.41 2 2
github.com/bakhod1r/guard/adminui/policies.go:288.86,291.16 3 6
github.com/bakhod1r/guard/adminui/policies.go:291.16,293.3 1 1
github.com/bakhod1r/guard/adminui/policies.go:294.2,295.16 2 5
github.com/bakhod1r/guard/adminui/policies.go:295.16,297.3 1 1
github.com/bakhod1r/guard/adminui/policies.go:298.2,299.16 2 4
github.com/bakhod1r/guard/adminui/policies.go:299.16,301.3 1 1
github.com/bakhod1r/guard/adminui/policies.go:302.2,303.33 2 3
github.com/bakhod1r/guard/adminui/policies.go:303.33,305.3 1 2
github.com/bakhod1r/guard/adminui/policies.go:306.2,313.4 2 3
github.com/bakhod1r/guard/adminui/rbac.go:13.48,22.2 8 54
github.com/bakhod1r/guard/adminui/rbac.go:24.39,24.82 1 10
github.com/bakhod1r/guard/adminui/rbac.go:27.60,32.2 2 6
github.com/bakhod1r/guard/adminui/rbac.go:34.41,36.16 2 5
github.com/bakhod1r/guard/adminui/rbac.go:36.16,39.3 2 1
github.com/bakhod1r/guard/adminui/rbac.go:40.2,42.4 1 4
github.com/bakhod1r/guard/adminui/rbac.go:45.42,48.16 2 8
github.com/bakhod1r/guard/adminui/rbac.go:48.16,51.3 2 5
github.com/bakhod1r/guard/adminui/rbac.go:52.2,53.70 2 3
github.com/bakhod1r/guard/adminui/rbac.go:56.42,59.50 3 13
github.com/bakhod1r/guard/adminui/rbac.go:59.50,64.3 2 2
github.com/bakhod1r/guard/adminui/rbac.go:65.2,65.16 1 11
github.com/bakhod1r/guard/adminui/rbac.go:65.16,68.3 2 1
github.com/bakhod1r/guard/adminui/rbac.go:69.2,70.16 2 10
github.com/bakhod1r/guard/adminui/rbac.go:70.16,73.3 2 1
github.com/bakhod1r/guard/adminui/rbac.go:74.2,75.37 2 9
github.com/bakhod1r/guard/adminui/rbac.go:75.37,77.3 1 5
github.com/bakhod1r/guard/adminui/rbac.go:78.2,79.24 2 9
github.com/bakhod1r/guard/adminui/rbac.go:79.24,80.25 1 112
github.com/bakhod1r/guard/adminui/rbac.go:80.25,82.4 1 107
github.com/bakhod1r/guard/adminui/rbac.go:84.2,86.4 1 9
github.com/bakhod1r/guard/adminui/rbac.go:89.42,91.73 2 3
github.com/bakhod1r/guard/adminui/rbac.go:91.73,93.49 2 2
github.com/bakhod1r/guard/adminui/rbac.go:93.49,95.4 1 1
github.com/bakhod1r/guard/adminui/rbac.go:96.3,97.9 2 2
github.com/bakhod1r/guard/adminui/rbac.go:99.2,100.50 2 1
github.com/bakhod1r/guard/adminui/rbac.go:103.41,105.96 2 4
github.com/bakhod1r/guard/adminui/rbac.go:105.96,108.3 2 2
github.com/bakhod1r/guard/adminui/rbac.go:109.2,110.52 2 2
github.com/bakhod1r/guard/adminui/rbac.go:113.42,115.85 2 2
github.com/bakhod1r/guard/adminui/rbac.go:115.85,118.3 2 1
github.com/bakhod1r/guard/adminui/rbac.go:119.2,120.52 2 1
[...]
github.com/bakhod1r/guard/identity/infrastructure/postgres.go:151.2,151.31 1 9
github.com/bakhod1r/guard/kernel/migrations/migrations.go:46.59,48.2 1 11
github.com/bakhod1r/guard/kernel/migrations/migrations.go:67.35,68.9 1 49
github.com/bakhod1r/guard/kernel/migrations/migrations.go:69.40,70.61 1 5
github.com/bakhod1r/guard/kernel/migrations/migrations.go:71.43,72.65 1 2
github.com/bakhod1r/guard/kernel/migrations/migrations.go:73.41,74.63 1 2
github.com/bakhod1r/guard/kernel/migrations/migrations.go:75.44,76.98 1 7
github.com/bakhod1r/guard/kernel/migrations/migrations.go:78.2,78.89 1 33
github.com/bakhod1r/guard/kernel/migrations/migrations.go:78.89,80.3 1 2
github.com/bakhod1r/guard/kernel/migrations/migrations.go:81.2,81.12 1 31
github.com/bakhod1r/guard/kernel/migrations/migrations.go:84.38,85.56 1 24
github.com/bakhod1r/guard/kernel/migrations/migrations.go:85.56,87.3 1 2
github.com/bakhod1r/guard/kernel/migrations/migrations.go:88.2,88.43 1 22
github.com/bakhod1r/guard/kernel/migrations/migrations.go:95.93,96.18 1 17
github.com/bakhod1r/guard/kernel/migrations/migrations.go:96.18,98.3 1 3
github.com/bakhod1r/guard/kernel/migrations/migrations.go:99.2,99.36 1 17
github.com/bakhod1r/guard/kernel/migrations/migrations.go:99.36,101.3 1 1
github.com/bakhod1r/guard/kernel/migrations/migrations.go:102.2,104.52 3 16
github.com/bakhod1r/guard/kernel/migrations/migrations.go:104.52,106.3 1 10
github.com/bakhod1r/guard/kernel/migrations/migrations.go:106.8,108.3 1 6
github.com/bakhod1r/guard/kernel/migrations/migrations.go:110.2,118.35 3 16
github.com/bakhod1r/guard/kernel/migrations/migrations.go:118.35,120.3 1 2
github.com/bakhod1r/guard/kernel/migrations/migrations.go:121.2,121.16 1 14
github.com/bakhod1r/guard/kernel/migrations/migrations.go:121.16,123.3 1 1
github.com/bakhod1r/guard/kernel/migrations/migrations.go:125.2,146.35 3 13
github.com/bakhod1r/guard/kernel/migrations/migrations.go:146.35,148.3 1 1
github.com/bakhod1r/guard/kernel/migrations/migrations.go:149.2,149.16 1 12
github.com/bakhod1r/guard/kernel/migrations/migrations.go:149.16,151.3 1 1
github.com/bakhod1r/guard/kernel/migrations/migrations.go:152.2,152.13 1 11
github.com/bakhod1r/guard/kernel/migrations/migrations.go:152.13,154.3 1 1
github.com/bakhod1r/guard/kernel/migrations/migrations.go:155.2,155.15 1 10
github.com/bakhod1r/guard/kernel/migrations/migrations.go:155.15,157.3 1 2
github.com/bakhod1r/guard/kernel/migrations/migrations.go:161.2,162.21 2 8
github.com/bakhod1r/guard/kernel/migrations/migrations.go:162.21,164.3 1 5
github.com/bakhod1r/guard/kernel/migrations/migrations.go:165.2,166.39 2 8
github.com/bakhod1r/guard/kernel/migrations/migrations.go:166.39,168.3 1 1
github.com/bakhod1r/guard/kernel/migrations/migrations.go:169.2,169.17 1 7
github.com/bakhod1r/guard/kernel/migrations/migrations.go:173.41,174.39 1 41
github.com/bakhod1r/guard/kernel/migrations/migrations.go:174.39,176.3 1 17
github.com/bakhod1r/guard/kernel/migrations/migrations.go:177.2,183.16 3 24
github.com/bakhod1r/guard/kernel/migrations/migrations.go:183.16,185.3 1 1
github.com/bakhod1r/guard/kernel/migrations/migrations.go:186.2,187.28 2 23
github.com/bakhod1r/guard/kernel/migrations/migrations.go:187.28,188.44 1 119
github.com/bakhod1r/guard/kernel/migrations/migrations.go:188.44,189.12 1 1
github.com/bakhod1r/guard/kernel/migrations/migrations.go:191.3,192.17 2 118
github.com/bakhod1r/guard/kernel/migrations/migrations.go:192.17,194.4 1 1
github.com/bakhod1r/guard/kernel/migrations/migrations.go:195.3,196.17 2 117
github.com/bakhod1r/guard/kernel/migrations/migrations.go:196.17,198.4 1 1
github.com/bakhod1r/guard/kernel/migrations/migrations.go:199.3,200.47 2 116
github.com/bakhod1r/guard/kernel/migrations/migrations.go:200.47,202.4 1 1
github.com/bakhod1r/guard/kernel/migrations/migrations.go:203.3,203.95 1 115
github.com/bakhod1r/guard/kernel/migrations/migrations.go:205.2,205.17 1 20
github.com/bakhod1r/guard/kernel/migrations/migrations.go:210.55,212.16 2 14
github.com/bakhod1r/guard/kernel/migrations/migrations.go:212.16,214.3 1 8
github.com/bakhod1r/guard/kernel/migrations/migrations.go:215.2,215.27 1 6
github.com/bakhod1r/guard/kernel/migrations/migrations.go:218.56,219.48 1 8
github.com/bakhod1r/guard/kernel/migrations/migrations.go:219.48,221.3 1 1
github.com/bakhod1r/guard/kernel/migrations/migrations.go:222.2,223.16 2 7
github.com/bakhod1r/guard/kernel/migrations/migrations.go:223.16,225.3 1 1
github.com/bakhod1r/guard/kernel/migrations/migrations.go:226.2,227.28 2 6
github.com/bakhod1r/guard/kernel/migrations/migrations.go:227.28,229.41 2 21
github.com/bakhod1r/guard/kernel/migrations/migrations.go:229.41,230.12 1 6
github.com/bakhod1r/guard/kernel/migrations/migrations.go:231.9,231.45 1 15
github.com/bakhod1r/guard/kernel/migrations/migrations.go:231.45,233.4 1 1
github.com/bakhod1r/guard/kernel/migrations/migrations.go:234.3,235.17 2 14
github.com/bakhod1r/guard/kernel/migrations/migrations.go:235.17,237.4 1 1
github.com/bakhod1r/guard/kernel/migrations/migrations.go:238.3,238.53 1 13
github.com/bakhod1r/guard/kernel/migrations/migrations.go:238.53,240.4 1 1
github.com/bakhod1r/guard/kernel/migrations/migrations.go:241.3,241.33 1 12
github.com/bakhod1r/guard/kernel/migrations/migrations.go:243.2,243.21 1 3
github.com/bakhod1r/guard/kernel/migrations/migrations.go:248.81,250.16 2 9
github.com/bakhod1r/guard/kernel/migrations/migrations.go:250.16,252.3 1 3
github.com/bakhod1r/guard/kernel/migrations/migrations.go:253.2,253.15 1 6
github.com/bakhod1r/guard/kernel/migrations/migrations.go:253.15,253.33 1 6
github.com/bakhod1r/guard/kernel/migrations/migrations.go:254.2,254.37 1 6
github.com/bakhod1r/guard/kernel/migrations/migrations.go:254.37,256.3 1 1
github.com/bakhod1r/guard/kernel/migrations/migrations.go:257.2,257.12 1 5
github.com/bakhod1r/guard/kernel/migrations/migrations.go:262.83,264.16 2 5
github.com/bakhod1r/guard/kernel/migrations/migrations.go:264.16,266.3 1 2
github.com/bakhod1r/guard/kernel/migrations/migrations.go:267.2,267.15 1 3
github.com/bakhod1r/guard/kernel/migrations/migrations.go:267.15,267.33 1 3
github.com/bakhod1r/guard/kernel/migrations/migrations.go:268.2,268.44 1 3
github.com/bakhod1r/guard/kernel/migrations/migrations.go:268.44,270.3 1 1
github.com/bakhod1r/guard/kernel/migrations/migrations.go:271.2,271.12 1 2
github.com/bakhod1r/guard/kernel/migrations/migrations.go:274.94,276.15 2 14
github.com/bakhod1r/guard/kernel/migrations/migrations.go:276.15,278.3 1 4
github.com/bakhod1r/guard/kernel/migrations/migrations.go:278.8,280.42 2 10
github.com/bakhod1r/guard/kernel/migrations/migrations.go:280.42,282.4 1 2
github.com/bakhod1r/guard/kernel/migrations/migrations.go:286.2,287.16 2 12
github.com/bakhod1r/guard/kernel/migrations/migrations.go:287.16,289.3 1 1
github.com/bakhod1r/guard/kernel/migrations/migrations.go:290.2,293.16 3 11
github.com/bakhod1r/guard/kernel/migrations/migrations.go:293.16,296.3 2 2
github.com/bakhod1r/guard/kernel/migrations/migrations.go:297.2,297.19 1 9
github.com/bakhod1r/guard/kernel/pgerr/pgerr.go:18.29,20.28 2 28
github.com/bakhod1r/guard/kernel/pgerr/pgerr.go:20.28,22.3 1 20
github.com/bakhod1r/guard/kernel/pgerr/pgerr.go:23.2,23.11 1 8
github.com/bakhod1r/guard/kernel/pgerr/pgerr.go:27.40,27.83 1 7
github.com/bakhod1r/guard/kernel/pgerr/pgerr.go:30.44,30.91 1 7
github.com/bakhod1r/guard/kernel/pgerr/pgerr.go:33.41,33.85 1 7
github.com/bakhod1r/guard/kernel/pgerr/pgerr.go:36.36,36.75 1 7
github.com/bakhod1r/guard/kernel/pgerr/pgerr.go:39.35,41.28 2 7
github.com/bakhod1r/guard/kernel/pgerr/pgerr.go:41.28,43.3 1 5
github.com/bakhod1r/guard/kernel/pgerr/pgerr.go:44.2,44.11 1 2
github.com/bakhod1r/guard/ratelimit/ratelimit.go:30.29,31.49 1 9
github.com/bakhod1r/guard/ratelimit/ratelimit.go:31.49,33.3 1 1
github.com/bakhod1r/guard/ratelimit/ratelimit.go:34.2,34.12 1 8
github.com/bakhod1r/guard/ratelimit/ratelimit.go:57.64,58.18 1 4
github.com/bakhod1r/guard/ratelimit/ratelimit.go:58.18,60.3 1 2
github.com/bakhod1r/guard/ratelimit/ratelimit.go:61.2,61.64 1 4
github.com/bakhod1r/guard/ratelimit/ratelimit.go:84.83,85.37 1 9
github.com/bakhod1r/guard/ratelimit/ratelimit.go:85.37,87.3 1 1
github.com/bakhod1r/guard/ratelimit/ratelimit.go:88.2,94.16 6 8
github.com/bakhod1r/guard/ratelimit/ratelimit.go:94.16,96.3 1 1
github.com/bakhod1r/guard/ratelimit/ratelimit.go:97.2,103.8 1 7
github.com/bakhod1r/guard/session/application/service.go:17.67,19.2 1 19
github.com/bakhod1r/guard/session/application/service.go:28.100,32.67 4 23
github.com/bakhod1r/guard/session/application/service.go:32.67,34.3 1 4
github.com/bakhod1r/guard/session/application/service.go:35.2,35.23 1 19
github.com/bakhod1r/guard/session/application/service.go:41.92,43.61 2 23
github.com/bakhod1r/guard/session/application/service.go:43.61,45.3 1 2
github.com/bakhod1r/guard/session/application/service.go:46.2,46.66 1 21
github.com/bakhod1r/guard/session/application/service.go:46.66,48.3 1 14
github.com/bakhod1r/guard/session/application/service.go:49.2,50.16 2 7
github.com/bakhod1r/guard/session/application/service.go:50.16,51.56 1 6
github.com/bakhod1r/guard/session/application/service.go:51.56,52.48 1 2
github.com/bakhod1r/guard/session/application/service.go:52.48,53.10 1 1
github.com/bakhod1r/guard/session/application/service.go:57.2,57.16 1 7
github.com/bakhod1r/guard/session/application/service.go:57.16,59.3 1 2
github.com/bakhod1r/guard/session/application/service.go:60.2,60.12 1 7
github.com/bakhod1r/guard/session/application/service.go:64.91,65.15 1 10
github.com/bakhod1r/guard/session/application/service.go:65.15,67.3 1 1
github.com/bakhod1r/guard/session/application/service.go:68.2,69.16 2 9
github.com/bakhod1r/guard/session/application/service.go:69.16,71.3 1 2
github.com/bakhod1r/guard/session/application/service.go:72.2,73.50 2 7
github.com/bakhod1r/guard/session/application/service.go:73.50,76.3 2 1
github.com/bakhod1r/guard/session/application/service.go:77.2,79.42 3 6
github.com/bakhod1r/guard/session/application/service.go:79.42,81.3 1 3
github.com/bakhod1r/guard/session/application/service.go:81.8,83.3 1 3
github.com/bakhod1r/guard/session/application/service.go:84.2,84.16 1 6
github.com/bakhod1r/guard/session/application/service.go:84.16,86.3 1 3
github.com/bakhod1r/guard/session/application/service.go:87.2,87.18 1 3
github.com/bakhod1r/guard/session/application/service.go:93.104,94.15 1 12
github.com/bakhod1r/guard/session/application/service.go:94.15,96.3 1 1
github.com/bakhod1r/guard/session/application/service.go:97.2,97.44 1 11
github.com/bakhod1r/guard/session/application/service.go:97.44,99.3 1 6
github.com/bakhod1r/guard/session/application/service.go:100.2,101.16 2 5
github.com/bakhod1r/guard/session/application/service.go:101.16,103.3 1 1
github.com/bakhod1r/guard/session/application/service.go:104.2,105.49 2 4
github.com/bakhod1r/guard/session/application/service.go:105.49,108.3 2 1
github.com/bakhod1r/guard/session/application/service.go:109.2,113.73 5 3
github.com/bakhod1r/guard/session/application/service.go:113.73,115.3 1 1
github.com/bakhod1r/guard/session/application/service.go:116.2,116.51 1 2
github.com/bakhod1r/guard/session/application/service.go:116.51,119.3 2 1
github.com/bakhod1r/guard/session/application/service.go:120.2,120.27 1 1
github.com/bakhod1r/guard/session/application/service.go:126.129,128.16 2 6
github.com/bakhod1r/guard/session/application/service.go:128.16,130.3 1 2
github.com/bakhod1r/guard/session/application/service.go:131.2,132.49 2 4
github.com/bakhod1r/guard/session/application/service.go:132.49,134.3 1 1
github.com/bakhod1r/guard/session/application/service.go:135.2,139.73 5 3
github.com/bakhod1r/guard/session/application/service.go:139.73,142.3 2 2
github.com/bakhod1r/guard/session/application/service.go:143.2,143.27 1 1
github.com/bakhod1r/guard/session/application/service.go:146.67,146.100 1 1
github.com/bakhod1r/guard/session/application/service.go:148.71,150.2 1 1
github.com/bakhod1r/guard/session/application/service.go:152.87,154.2 1 2
github.com/bakhod1r/guard/session/domain/session.go:27.23,31.2 3 4
github.com/bakhod1r/guard/session/domain/session.go:33.24,36.2 2 3
github.com/bakhod1r/guard/session/domain/session.go:48.29,50.2 1 1
github.com/bakhod1r/guard/session/domain/session.go:63.68,67.2 3 2
github.com/bakhod1r/guard/session/domain/session.go:70.56,71.72 1 6
github.com/bakhod1r/guard/session/domain/session.go:71.72,73.3 1 4
github.com/bakhod1r/guard/session/domain/session.go:74.2,74.12 1 2
github.com/bakhod1r/guard/session/domain/session.go:78.40,78.62 1 6
github.com/bakhod1r/guard/session/domain/session.go:81.62,84.22 3 2
github.com/bakhod1r/guard/session/domain/session.go:84.22,86.3 1 1
github.com/bakhod1r/guard/session/domain/session.go:87.2,87.21 1 2
github.com/bakhod1r/guard/session/domain/session.go:93.58,95.31 2 7
github.com/bakhod1r/guard/session/domain/session.go:95.31,97.3 1 4
github.com/bakhod1r/guard/session/domain/session.go:98.2,99.29 2 3
github.com/bakhod1r/guard/session/domain/session.go:99.29,100.19 1 18
github.com/bakhod1r/guard/session/domain/session.go:100.19,102.4 1 15
github.com/bakhod1r/guard/session/domain/session.go:104.2,104.41 1 3
github.com/bakhod1r/guard/session/domain/session.go:104.41,105.56 1 18
github.com/bakhod1r/guard/session/domain/session.go:105.56,107.4 1 15
github.com/bakhod1r/guard/session/domain/session.go:108.3,108.37 1 3
github.com/bakhod1r/guard/session/domain/session.go:110.2,111.36 2 3
github.com/bakhod1r/guard/session/domain/session.go:111.36,113.3 1 9
github.com/bakhod1r/guard/session/domain/session.go:114.2,114.12 1 3
github.com/bakhod1r/guard/session/infrastructure/redis.go:21.80,22.18 1 25
github.com/bakhod1r/guard/session/infrastructure/redis.go:22.18,24.3 1 1
github.com/bakhod1r/guard/session/infrastructure/redis.go:25.2,25.49 1 25
github.com/bakhod1r/guard/session/infrastructure/redis.go:28.52,28.97 1 1202
github.com/bakhod1r/guard/session/infrastructure/redis.go:29.52,29.96 1 101
github.com/bakhod1r/guard/session/infrastructure/redis.go:31.95,32.14 1 14
github.com/bakhod1r/guard/session/infrastructure/redis.go:32.14,34.3 1 2
github.com/bakhod1r/guard/session/infrastructure/redis.go:35.2,36.65 2 12
github.com/bakhod1r/guard/session/infrastructure/redis.go:36.65,42.3 5 12
github.com/bakhod1r/guard/session/infrastructure/redis.go:43.2,43.12 1 12
github.com/bakhod1r/guard/session/infrastructure/redis.go:46.89,48.31 2 32
github.com/bakhod1r/guard/session/infrastructure/redis.go:48.31,50.3 1 7
github.com/bakhod1r/guard/session/infrastructure/redis.go:51.2,51.16 1 25
github.com/bakhod1r/guard/session/infrastructure/redis.go:51.16,53.3 1 2
github.com/bakhod1r/guard/session/infrastructure/redis.go:54.2,55.46 2 23
github.com/bakhod1r/guard/session/infrastructure/redis.go:55.46,57.3 1 2
github.com/bakhod1r/guard/session/infrastructure/redis.go:58.2,58.16 1 21
github.com/bakhod1r/guard/session/infrastructure/redis.go:61.73,63.47 2 9
github.com/bakhod1r/guard/session/infrastructure/redis.go:63.47,65.3 1 3
github.com/bakhod1r/guard/session/infrastructure/redis.go:66.2,66.16 1 6
github.com/bakhod1r/guard/session/infrastructure/redis.go:66.16,68.3 1 1
github.com/bakhod1r/guard/session/infrastructure/redis.go:69.2,69.64 1 5
github.com/bakhod1r/guard/session/infrastructure/redis.go:69.64,73.3 3 5
github.com/bakhod1r/guard/session/infrastructure/redis.go:74.2,74.12 1 5
github.com/bakhod1r/guard/session/infrastructure/redis.go:77.99,79.16 2 6
github.com/bakhod1r/guard/session/infrastructure/redis.go:79.16,81.3 1 1
github.com/bakhod1r/guard/session/infrastructure/redis.go:82.2,84.25 3 5
github.com/bakhod1r/guard/session/infrastructure/redis.go:84.25,86.48 2 15
github.com/bakhod1r/guard/session/infrastructure/redis.go:86.48,88.12 2 1
github.com/bakhod1r/guard/session/infrastructure/redis.go:90.3,90.17 1 14
github.com/bakhod1r/guard/session/infrastructure/redis.go:90.17,92.4 1 1
github.com/bakhod1r/guard/session/infrastructure/redis.go:93.3,93.23 1 13
github.com/bakhod1r/guard/session/infrastructure/redis.go:95.2,95.20 1 4
github.com/bakhod1r/guard/session/infrastructure/redis.go:95.20,97.3 1 1
github.com/bakhod1r/guard/session/infrastructure/redis.go:98.2,98.17 1 4
github.com/bakhod1r/guard/session/infrastructure/redis.go:101.80,103.16 2 2
github.com/bakhod1r/guard/session/infrastructure/redis.go:103.16,105.3 1 1
github.com/bakhod1r/guard/session/infrastructure/redis.go:106.2,107.25 2 1
github.com/bakhod1r/guard/session/infrastructure/redis.go:107.25,109.3 1 1
github.com/bakhod1r/guard/session/infrastructure/redis.go:110.2,110.38 1 1
github.com/bakhod1r/guard/session/infrastructure/redis.go:115.96,116.14 1 6
github.com/bakhod1r/guard/session/infrastructure/redis.go:116.14,118.3 1 1
github.com/bakhod1r/guard/session/infrastructure/redis.go:119.2,121.31 3 5
github.com/bakhod1r/guard/session/infrastructure/redis.go:121.31,123.3 1 2
github.com/bakhod1r/guard/session/infrastructure/redis.go:124.2,124.12 1 3
github.com/bakhod1r/guard/session/infrastructure/redis.go:133.113,134.14 1 50
github.com/bakhod1r/guard/session/infrastructure/redis.go:134.14,136.3 1 1
github.com/bakhod1r/guard/session/infrastructure/redis.go:137.2,139.34 3 49
github.com/bakhod1r/guard/session/infrastructure/redis.go:139.34,141.17 2 242
github.com/bakhod1r/guard/session/infrastructure/redis.go:141.17,143.4 1 1
github.com/bakhod1r/guard/session/infrastructure/redis.go:144.3,147.19 4 241
github.com/bakhod1r/guard/session/infrastructure/redis.go:147.19,149.27 2 232
github.com/bakhod1r/guard/session/infrastructure/redis.go:149.27,151.5 1 823
github.com/bakhod1r/guard/session/infrastructure/redis.go:152.4,153.18 2 232
github.com/bakhod1r/guard/session/infrastructure/redis.go:153.18,155.5 1 1
github.com/bakhod1r/guard/session/infrastructure/redis.go:156.4,156.27 1 231
github.com/bakhod1r/guard/session/infrastructure/redis.go:156.27,158.12 2 822
github.com/bakhod1r/guard/session/infrastructure/redis.go:158.12,160.14 2 137
github.com/bakhod1r/guard/session/infrastructure/redis.go:162.5,163.61 2 685
github.com/bakhod1r/guard/session/infrastructure/redis.go:163.61,167.14 3 1
github.com/bakhod1r/guard/session/infrastructure/redis.go:169.5,169.30 1 684
github.com/bakhod1r/guard/session/infrastructure/redis.go:172.3,174.28 3 240
github.com/bakhod1r/guard/session/infrastructure/redis.go:174.28,177.4 2 71
github.com/bakhod1r/guard/session/infrastructure/redis.go:178.3,179.28 2 240
github.com/bakhod1r/guard/session/infrastructure/redis.go:179.28,180.54 1 924
github.com/bakhod1r/guard/session/infrastructure/redis.go:180.54,182.5 1 194
github.com/bakhod1r/guard/session/infrastructure/redis.go:184.3,184.62 1 240
github.com/bakhod1r/guard/session/infrastructure/redis.go:184.62,186.49 2 240
github.com/bakhod1r/guard/session/infrastructure/redis.go:186.49,188.5 1 72
github.com/bakhod1r/guard/session/infrastructure/redis.go:189.4,189.21 1 240
github.com/bakhod1r/guard/session/infrastructure/redis.go:189.21,191.5 1 103
github.com/bakhod1r/guard/session/infrastructure/redis.go:192.4,194.14 3 240
github.com/bakhod1r/guard/session/infrastructure/redis.go:196.3,196.13 1 240
github.com/bakhod1r/guard/session/infrastructure/redis.go:198.2,199.38 2 49
github.com/bakhod1r/guard/session/infrastructure/redis.go:199.38,200.74 1 244
github.com/bakhod1r/guard/session/infrastructure/redis.go:200.74,202.4 1 48
github.com/bakhod1r/guard/session/infrastructure/redis.go:204.3,204.79 1 196
github.com/bakhod1r/guard/session/infrastructure/redis.go:206.2,206.12 1 1
github.com/bakhod1r/guard/session/infrastructure/redis.go:211.90,213.31 2 12
github.com/bakhod1r/guard/session/infrastructure/redis.go:213.31,215.3 1 9
github.com/bakhod1r/guard/session/infrastructure/redis.go:216.2,216.16 1 3
github.com/bakhod1r/guard/session/infrastructure/redis.go:216.16,218.3 1 1
github.com/bakhod1r/guard/session/infrastructure/redis.go:219.2,220.46 2 2
github.com/bakhod1r/guard/session/infrastructure/redis.go:220.46,222.3 1 1
github.com/bakhod1r/guard/session/infrastructure/redis.go:223.2,224.16 2 1
